Symlinking /home/anton/helloworld_ws/devel/lib/libmoveit_setup_assistant_tools.so.0.9.11
Symlinking /home/anton/helloworld_ws/devel/lib/libmoveit_setup_assistant_tools.so
Symlinking /home/anton/helloworld_ws/devel/lib/libmoveit_setup_assistant_widgets.so
Symlinking /home/anton/helloworld_ws/devel/lib/libmoveit_setup_assistant_widgets.so.0.9.11
Symlinking /home/anton/helloworld_ws/devel/lib/pkgconfig/moveit_setup_assistant.pc
Symlinking /home/anton/helloworld_ws/devel/lib/moveit_setup_assistant/collisions_updater
Symlinking /home/anton/helloworld_ws/devel/lib/moveit_setup_assistant/moveit_setup_assistant
Symlinking /home/anton/helloworld_ws/devel/share/moveit_setup_assistant/cmake/moveit_setup_assistantConfig.cmake
Symlinking /home/anton/helloworld_ws/devel/share/moveit_setup_assistant/cmake/moveit_setup_assistantConfig-version.cmake
Cleaning: (/home/ros/helloworld_ws/devel/.private/moveit_setup_assistant/share/moveit_setup_assistant/cmake/moveit_setup_assistantConfig.cmake, /home/ros/helloworld_ws/devel/share/moveit_setup_assistant/cmake/moveit_setup_assistantConfig.cmake)
Cleaning: (/home/ros/helloworld_ws/devel/.private/moveit_setup_assistant/share/moveit_setup_assistant/cmake/moveit_setup_assistantConfig-version.cmake, /home/ros/helloworld_ws/devel/share/moveit_setup_assistant/cmake/moveit_setup_assistantConfig-version.cmake)
Cleaning: (/home/ros/helloworld_ws/devel/.private/moveit_setup_assistant/lib/libmoveit_setup_assistant_widgets.so, /home/ros/helloworld_ws/devel/lib/libmoveit_setup_assistant_widgets.so)
Cleaning: (/home/ros/helloworld_ws/devel/.private/moveit_setup_assistant/lib/libmoveit_setup_assistant_tools.so.0.9.11, /home/ros/helloworld_ws/devel/lib/libmoveit_setup_assistant_tools.so.0.9.11)
Cleaning: (/home/ros/helloworld_ws/devel/.private/moveit_setup_assistant/lib/libmoveit_setup_assistant_widgets.so.0.9.11, /home/ros/helloworld_ws/devel/lib/libmoveit_setup_assistant_widgets.so.0.9.11)
Cleaning: (/home/ros/helloworld_ws/devel/.private/moveit_setup_assistant/lib/libmoveit_setup_assistant_tools.so, /home/ros/helloworld_ws/devel/lib/libmoveit_setup_assistant_tools.so)
Cleaning: (/home/ros/helloworld_ws/devel/.private/moveit_setup_assistant/lib/pkgconfig/moveit_setup_assistant.pc, /home/ros/helloworld_ws/devel/lib/pkgconfig/moveit_setup_assistant.pc)
Cleaning: (/home/ros/helloworld_ws/devel/.private/moveit_setup_assistant/lib/moveit_setup_assistant/collisions_updater, /home/ros/helloworld_ws/devel/lib/moveit_setup_assistant/collisions_updater)
Cleaning: (/home/ros/helloworld_ws/devel/.private/moveit_setup_assistant/lib/moveit_setup_assistant/moveit_setup_assistant, /home/ros/helloworld_ws/devel/lib/moveit_setup_assistant/moveit_setup_assistant)
Unlinking: /home/ros/helloworld_ws/devel/share/moveit_setup_assistant/cmake/moveit_setup_assistantConfig.cmake
Already unlinked: {}
Unlinking: /home/ros/helloworld_ws/devel/share/moveit_setup_assistant/cmake/moveit_setup_assistantConfig-version.cmake
Already unlinked: {}
Unlinking: /home/ros/helloworld_ws/devel/lib/libmoveit_setup_assistant_widgets.so
Already unlinked: {}
Unlinking: /home/ros/helloworld_ws/devel/lib/libmoveit_setup_assistant_tools.so.0.9.11
Already unlinked: {}
Unlinking: /home/ros/helloworld_ws/devel/lib/libmoveit_setup_assistant_widgets.so.0.9.11
Already unlinked: {}
Unlinking: /home/ros/helloworld_ws/devel/lib/libmoveit_setup_assistant_tools.so
Already unlinked: {}
Unlinking: /home/ros/helloworld_ws/devel/lib/pkgconfig/moveit_setup_assistant.pc
Already unlinked: {}
Unlinking: /home/ros/helloworld_ws/devel/lib/moveit_setup_assistant/collisions_updater
Already unlinked: {}
Unlinking: /home/ros/helloworld_ws/devel/lib/moveit_setup_assistant/moveit_setup_assistant
Already unlinked: {}
