[  7%] Built target moveit_ros_planning_gencfg
[ 10%] Built target moveit_rdf_loader
[ 14%] Built target moveit_collision_plugin_loader
[ 18%] Built target moveit_kinematics_plugin_loader
[ 21%] Built target moveit_robot_model_loader
[ 25%] Built target moveit_constraint_sampler_manager_loader
[ 29%] Built target moveit_planning_pipeline
[ 43%] Built target moveit_default_planning_request_adapter_plugins
[ 47%] Built target moveit_list_request_adapter_plugins
[ 54%] Built target moveit_planning_scene_monitor
[ 58%] Built target demo_scene
[ 61%] Built target moveit_visualize_robot_collision_volume
[ 65%] Built target moveit_display_random_state
[ 69%] Built target moveit_publish_scene_from_text
[ 72%] Built target moveit_print_planning_model_info
[ 76%] Built target moveit_evaluate_collision_checking_speed
[ 80%] Built target moveit_kinematics_speed_and_validity_evaluator
[ 83%] Built target moveit_evaluate_state_operations_speed
[ 87%] Built target moveit_trajectory_execution_manager
[ 90%] Built target test_controller_manager_plugin
[ 94%] Built target test_controller_manager
[100%] Built target moveit_plan_execution
[36mInstall the project...[0m
-- Install configuration: "Release"
-- Installing: /home/anton/helloworld_ws/install/_setup_util.py
-- Installing: /home/anton/helloworld_ws/install/env.sh
-- Installing: /home/anton/helloworld_ws/install/setup.bash
-- Installing: /home/anton/helloworld_ws/install/setup.sh
-- Installing: /home/anton/helloworld_ws/install/setup.zsh
-- Installing: /home/anton/helloworld_ws/install/.rosinstall
-- Installing: /home/anton/helloworld_ws/install/include/moveit_ros_planning/PlanningSceneMonitorDynamicReconfigureConfig.h
-- Installing: /home/anton/helloworld_ws/install/include/moveit_ros_planning/TrajectoryExecutionDynamicReconfigureConfig.h
-- Installing: /home/anton/helloworld_ws/install/include/moveit_ros_planning/PlanExecutionDynamicReconfigureConfig.h
-- Installing: /home/anton/helloworld_ws/install/include/moveit_ros_planning/SenseForPlanDynamicReconfigureConfig.h
-- Installing: /home/anton/helloworld_ws/install/lib/python2.7/dist-packages/moveit_ros_planning/__init__.py
Listing /home/anton/helloworld_ws/devel/.private/moveit_ros_planning/lib/python2.7/dist-packages/moveit_ros_planning/cfg ...
Compiling /home/anton/helloworld_ws/devel/.private/moveit_ros_planning/lib/python2.7/dist-packages/moveit_ros_planning/cfg/PlanExecutionDynamicReconfigureConfig.py ...
Compiling /home/anton/helloworld_ws/devel/.private/moveit_ros_planning/lib/python2.7/dist-packages/moveit_ros_planning/cfg/PlanningSceneMonitorDynamicReconfigureConfig.py ...
Compiling /home/anton/helloworld_ws/devel/.private/moveit_ros_planning/lib/python2.7/dist-packages/moveit_ros_planning/cfg/SenseForPlanDynamicReconfigureConfig.py ...
Compiling /home/anton/helloworld_ws/devel/.private/moveit_ros_planning/lib/python2.7/dist-packages/moveit_ros_planning/cfg/TrajectoryExecutionDynamicReconfigureConfig.py ...
Compiling /home/anton/helloworld_ws/devel/.private/moveit_ros_planning/lib/python2.7/dist-packages/moveit_ros_planning/cfg/__init__.py ...
-- Installing: /home/anton/helloworld_ws/install/lib/python2.7/dist-packages/moveit_ros_planning/cfg
-- Installing: /home/anton/helloworld_ws/install/lib/python2.7/dist-packages/moveit_ros_planning/cfg/TrajectoryExecutionDynamicReconfigureConfig.py
-- Installing: /home/anton/helloworld_ws/install/lib/python2.7/dist-packages/moveit_ros_planning/cfg/__init__.pyc
-- Installing: /home/anton/helloworld_ws/install/lib/python2.7/dist-packages/moveit_ros_planning/cfg/TrajectoryExecutionDynamicReconfigureConfig.pyc
-- Installing: /home/anton/helloworld_ws/install/lib/python2.7/dist-packages/moveit_ros_planning/cfg/SenseForPlanDynamicReconfigureConfig.py
-- Installing: /home/anton/helloworld_ws/install/lib/python2.7/dist-packages/moveit_ros_planning/cfg/PlanExecutionDynamicReconfigureConfig.py
-- Installing: /home/anton/helloworld_ws/install/lib/python2.7/dist-packages/moveit_ros_planning/cfg/__init__.py
-- Installing: /home/anton/helloworld_ws/install/lib/python2.7/dist-packages/moveit_ros_planning/cfg/PlanningSceneMonitorDynamicReconfigureConfig.py
-- Installing: /home/anton/helloworld_ws/install/lib/python2.7/dist-packages/moveit_ros_planning/cfg/SenseForPlanDynamicReconfigureConfig.pyc
-- Installing: /home/anton/helloworld_ws/install/lib/python2.7/dist-packages/moveit_ros_planning/cfg/PlanExecutionDynamicReconfigureConfig.pyc
-- Installing: /home/anton/helloworld_ws/install/lib/python2.7/dist-packages/moveit_ros_planning/cfg/PlanningSceneMonitorDynamicReconfigureConfig.pyc
-- Installing: /home/anton/helloworld_ws/install/lib/pkgconfig/moveit_ros_planning.pc
-- Installing: /home/anton/helloworld_ws/install/share/moveit_ros_planning/cmake/moveit_ros_planningConfig.cmake
-- Installing: /home/anton/helloworld_ws/install/share/moveit_ros_planning/cmake/moveit_ros_planningConfig-version.cmake
-- Installing: /home/anton/helloworld_ws/install/share/moveit_ros_planning/package.xml
-- Installing: /home/anton/helloworld_ws/install/share/moveit_ros_planning/planning_request_adapters_plugin_description.xml
-- Installing: /home/anton/helloworld_ws/install/lib/libmoveit_rdf_loader.so.0.9.11
-- Installing: /home/anton/helloworld_ws/install/lib/libmoveit_rdf_loader.so
-- Set runtime path of "/home/anton/helloworld_ws/install/lib/libmoveit_rdf_loader.so.0.9.11" to ""
-- Up-to-date: /home/anton/helloworld_ws/install/include
-- Up-to-date: /home/anton/helloworld_ws/install/include/moveit
-- Installing: /home/anton/helloworld_ws/install/include/moveit/rdf_loader
-- Installing: /home/anton/helloworld_ws/install/include/moveit/rdf_loader/rdf_loader.h
-- Installing: /home/anton/helloworld_ws/install/lib/libmoveit_collision_plugin_loader.so.0.9.11
-- Installing: /home/anton/helloworld_ws/install/lib/libmoveit_collision_plugin_loader.so
-- Set runtime path of "/home/anton/helloworld_ws/install/lib/libmoveit_collision_plugin_loader.so.0.9.11" to ""
-- Up-to-date: /home/anton/helloworld_ws/install/include
-- Up-to-date: /home/anton/helloworld_ws/install/include/moveit
-- Installing: /home/anton/helloworld_ws/install/include/moveit/collision_plugin_loader
-- Installing: /home/anton/helloworld_ws/install/include/moveit/collision_plugin_loader/collision_plugin_loader.h
-- Installing: /home/anton/helloworld_ws/install/lib/libmoveit_kinematics_plugin_loader.so.0.9.11
-- Installing: /home/anton/helloworld_ws/install/lib/libmoveit_kinematics_plugin_loader.so
-- Set runtime path of "/home/anton/helloworld_ws/install/lib/libmoveit_kinematics_plugin_loader.so.0.9.11" to ""
-- Up-to-date: /home/anton/helloworld_ws/install/include
-- Up-to-date: /home/anton/helloworld_ws/install/include/moveit
-- Installing: /home/anton/helloworld_ws/install/include/moveit/kinematics_plugin_loader
-- Installing: /home/anton/helloworld_ws/install/include/moveit/kinematics_plugin_loader/kinematics_plugin_loader.h
-- Installing: /home/anton/helloworld_ws/install/lib/libmoveit_robot_model_loader.so.0.9.11
-- Installing: /home/anton/helloworld_ws/install/lib/libmoveit_robot_model_loader.so
-- Set runtime path of "/home/anton/helloworld_ws/install/lib/libmoveit_robot_model_loader.so.0.9.11" to ""
-- Up-to-date: /home/anton/helloworld_ws/install/include
-- Up-to-date: /home/anton/helloworld_ws/install/include/moveit
-- Installing: /home/anton/helloworld_ws/install/include/moveit/robot_model_loader
-- Installing: /home/anton/helloworld_ws/install/include/moveit/robot_model_loader/robot_model_loader.h
-- Installing: /home/anton/helloworld_ws/install/lib/libmoveit_constraint_sampler_manager_loader.so.0.9.11
-- Installing: /home/anton/helloworld_ws/install/lib/libmoveit_constraint_sampler_manager_loader.so
-- Set runtime path of "/home/anton/helloworld_ws/install/lib/libmoveit_constraint_sampler_manager_loader.so.0.9.11" to ""
-- Up-to-date: /home/anton/helloworld_ws/install/include
-- Up-to-date: /home/anton/helloworld_ws/install/include/moveit
-- Installing: /home/anton/helloworld_ws/install/include/moveit/constraint_sampler_manager_loader
-- Installing: /home/anton/helloworld_ws/install/include/moveit/constraint_sampler_manager_loader/constraint_sampler_manager_loader.h
-- Installing: /home/anton/helloworld_ws/install/lib/libmoveit_planning_pipeline.so.0.9.11
-- Installing: /home/anton/helloworld_ws/install/lib/libmoveit_planning_pipeline.so
-- Set runtime path of "/home/anton/helloworld_ws/install/lib/libmoveit_planning_pipeline.so.0.9.11" to ""
-- Up-to-date: /home/anton/helloworld_ws/install/include
-- Up-to-date: /home/anton/helloworld_ws/install/include/moveit
-- Installing: /home/anton/helloworld_ws/install/include/moveit/planning_pipeline
-- Installing: /home/anton/helloworld_ws/install/include/moveit/planning_pipeline/planning_pipeline.h
-- Installing: /home/anton/helloworld_ws/install/lib/libmoveit_default_planning_request_adapter_plugins.so.0.9.11
-- Installing: /home/anton/helloworld_ws/install/lib/libmoveit_default_planning_request_adapter_plugins.so
-- Set runtime path of "/home/anton/helloworld_ws/install/lib/libmoveit_default_planning_request_adapter_plugins.so.0.9.11" to ""
-- Installing: /home/anton/helloworld_ws/install/lib/moveit_ros_planning/moveit_list_request_adapter_plugins
-- Set runtime path of "/home/anton/helloworld_ws/install/lib/moveit_ros_planning/moveit_list_request_adapter_plugins" to ""
-- Installing: /home/anton/helloworld_ws/install/lib/libmoveit_planning_scene_monitor.so.0.9.11
-- Installing: /home/anton/helloworld_ws/install/lib/libmoveit_planning_scene_monitor.so
-- Set runtime path of "/home/anton/helloworld_ws/install/lib/libmoveit_planning_scene_monitor.so.0.9.11" to ""
-- Up-to-date: /home/anton/helloworld_ws/install/include
-- Up-to-date: /home/anton/helloworld_ws/install/include/moveit
-- Installing: /home/anton/helloworld_ws/install/include/moveit/planning_scene_monitor
-- Installing: /home/anton/helloworld_ws/install/include/moveit/planning_scene_monitor/planning_scene_monitor.h
-- Installing: /home/anton/helloworld_ws/install/include/moveit/planning_scene_monitor/current_state_monitor.h
-- Installing: /home/anton/helloworld_ws/install/include/moveit/planning_scene_monitor/trajectory_monitor.h
-- Installing: /home/anton/helloworld_ws/install/lib/moveit_ros_planning/moveit_print_planning_model_info
-- Set runtime path of "/home/anton/helloworld_ws/install/lib/moveit_ros_planning/moveit_print_planning_model_info" to ""
-- Installing: /home/anton/helloworld_ws/install/lib/moveit_ros_planning/moveit_display_random_state
-- Set runtime path of "/home/anton/helloworld_ws/install/lib/moveit_ros_planning/moveit_display_random_state" to ""
-- Installing: /home/anton/helloworld_ws/install/lib/moveit_ros_planning/moveit_visualize_robot_collision_volume
-- Set runtime path of "/home/anton/helloworld_ws/install/lib/moveit_ros_planning/moveit_visualize_robot_collision_volume" to ""
-- Installing: /home/anton/helloworld_ws/install/lib/moveit_ros_planning/moveit_evaluate_collision_checking_speed
-- Set runtime path of "/home/anton/helloworld_ws/install/lib/moveit_ros_planning/moveit_evaluate_collision_checking_speed" to ""
-- Installing: /home/anton/helloworld_ws/install/lib/moveit_ros_planning/moveit_evaluate_state_operations_speed
-- Set runtime path of "/home/anton/helloworld_ws/install/lib/moveit_ros_planning/moveit_evaluate_state_operations_speed" to ""
-- Installing: /home/anton/helloworld_ws/install/lib/moveit_ros_planning/moveit_kinematics_speed_and_validity_evaluator
-- Set runtime path of "/home/anton/helloworld_ws/install/lib/moveit_ros_planning/moveit_kinematics_speed_and_validity_evaluator" to ""
-- Installing: /home/anton/helloworld_ws/install/lib/moveit_ros_planning/moveit_publish_scene_from_text
-- Set runtime path of "/home/anton/helloworld_ws/install/lib/moveit_ros_planning/moveit_publish_scene_from_text" to ""
-- Installing: /home/anton/helloworld_ws/install/lib/libmoveit_trajectory_execution_manager.so.0.9.11
-- Installing: /home/anton/helloworld_ws/install/lib/libmoveit_trajectory_execution_manager.so
-- Set runtime path of "/home/anton/helloworld_ws/install/lib/libmoveit_trajectory_execution_manager.so.0.9.11" to ""
-- Up-to-date: /home/anton/helloworld_ws/install/include
-- Up-to-date: /home/anton/helloworld_ws/install/include/moveit
-- Installing: /home/anton/helloworld_ws/install/include/moveit/trajectory_execution_manager
-- Installing: /home/anton/helloworld_ws/install/include/moveit/trajectory_execution_manager/trajectory_execution_manager.h
-- Installing: /home/anton/helloworld_ws/install/lib/libmoveit_plan_execution.so.0.9.11
-- Installing: /home/anton/helloworld_ws/install/lib/libmoveit_plan_execution.so
-- Set runtime path of "/home/anton/helloworld_ws/install/lib/libmoveit_plan_execution.so.0.9.11" to ""
-- Up-to-date: /home/anton/helloworld_ws/install/include
-- Up-to-date: /home/anton/helloworld_ws/install/include/moveit
-- Installing: /home/anton/helloworld_ws/install/include/moveit/plan_execution
-- Installing: /home/anton/helloworld_ws/install/include/moveit/plan_execution/plan_execution.h
-- Installing: /home/anton/helloworld_ws/install/include/moveit/plan_execution/plan_representation.h
-- Installing: /home/anton/helloworld_ws/install/include/moveit/plan_execution/plan_with_sensing.h
