[36mInstall the project...[0m
-- Install configuration: "Release"
-- Installing: /home/anton/helloworld_ws/install/_setup_util.py
-- Installing: /home/anton/helloworld_ws/install/env.sh
-- Installing: /home/anton/helloworld_ws/install/setup.bash
-- Installing: /home/anton/helloworld_ws/install/setup.sh
-- Installing: /home/anton/helloworld_ws/install/setup.zsh
-- Installing: /home/anton/helloworld_ws/install/.rosinstall
+ cd /home/anton/helloworld_ws/src/moveit/moveit_commander
+ mkdir -p /home/anton/helloworld_ws/install/lib/python2.7/dist-packages
+ /usr/bin/env PYTHONPATH=/home/anton/helloworld_ws/install/lib/python2.7/dist-packages:/home/anton/helloworld_ws/build/moveit_commander/lib/python2.7/dist-packages:/home/anton/helloworld_ws/install/lib/python2.7/dist-packages:/opt/ros/kinetic/lib/python2.7/dist-packages CATKIN_BINARY_DIR=/home/anton/helloworld_ws/build/moveit_commander /usr/bin/python /home/anton/helloworld_ws/src/moveit/moveit_commander/setup.py build --build-base /home/anton/helloworld_ws/build/moveit_commander install --install-layout=deb --prefix=/home/anton/helloworld_ws/install --install-scripts=/home/anton/helloworld_ws/install/bin
running build
running build_py
creating /home/anton/helloworld_ws/build/moveit_commander/lib.linux-x86_64-2.7
creating /home/anton/helloworld_ws/build/moveit_commander/lib.linux-x86_64-2.7/moveit_commander
copying src/moveit_commander/exception.py -> /home/anton/helloworld_ws/build/moveit_commander/lib.linux-x86_64-2.7/moveit_commander
copying src/moveit_commander/interpreter.py -> /home/anton/helloworld_ws/build/moveit_commander/lib.linux-x86_64-2.7/moveit_commander
copying src/moveit_commander/conversions.py -> /home/anton/helloworld_ws/build/moveit_commander/lib.linux-x86_64-2.7/moveit_commander
copying src/moveit_commander/planning_scene_interface.py -> /home/anton/helloworld_ws/build/moveit_commander/lib.linux-x86_64-2.7/moveit_commander
copying src/moveit_commander/move_group.py -> /home/anton/helloworld_ws/build/moveit_commander/lib.linux-x86_64-2.7/moveit_commander
copying src/moveit_commander/__init__.py -> /home/anton/helloworld_ws/build/moveit_commander/lib.linux-x86_64-2.7/moveit_commander
copying src/moveit_commander/robot.py -> /home/anton/helloworld_ws/build/moveit_commander/lib.linux-x86_64-2.7/moveit_commander
copying src/moveit_commander/roscpp_initializer.py -> /home/anton/helloworld_ws/build/moveit_commander/lib.linux-x86_64-2.7/moveit_commander
running install
running install_lib
copying /home/anton/helloworld_ws/build/moveit_commander/lib.linux-x86_64-2.7/moveit_commander/exception.py -> /home/anton/helloworld_ws/install/lib/python2.7/dist-packages/moveit_commander
copying /home/anton/helloworld_ws/build/moveit_commander/lib.linux-x86_64-2.7/moveit_commander/interpreter.py -> /home/anton/helloworld_ws/install/lib/python2.7/dist-packages/moveit_commander
copying /home/anton/helloworld_ws/build/moveit_commander/lib.linux-x86_64-2.7/moveit_commander/conversions.py -> /home/anton/helloworld_ws/install/lib/python2.7/dist-packages/moveit_commander
copying /home/anton/helloworld_ws/build/moveit_commander/lib.linux-x86_64-2.7/moveit_commander/planning_scene_interface.py -> /home/anton/helloworld_ws/install/lib/python2.7/dist-packages/moveit_commander
copying /home/anton/helloworld_ws/build/moveit_commander/lib.linux-x86_64-2.7/moveit_commander/move_group.py -> /home/anton/helloworld_ws/install/lib/python2.7/dist-packages/moveit_commander
copying /home/anton/helloworld_ws/build/moveit_commander/lib.linux-x86_64-2.7/moveit_commander/__init__.py -> /home/anton/helloworld_ws/install/lib/python2.7/dist-packages/moveit_commander
copying /home/anton/helloworld_ws/build/moveit_commander/lib.linux-x86_64-2.7/moveit_commander/robot.py -> /home/anton/helloworld_ws/install/lib/python2.7/dist-packages/moveit_commander
copying /home/anton/helloworld_ws/build/moveit_commander/lib.linux-x86_64-2.7/moveit_commander/roscpp_initializer.py -> /home/anton/helloworld_ws/install/lib/python2.7/dist-packages/moveit_commander
byte-compiling /home/anton/helloworld_ws/install/lib/python2.7/dist-packages/moveit_commander/exception.py to exception.pyc
byte-compiling /home/anton/helloworld_ws/install/lib/python2.7/dist-packages/moveit_commander/interpreter.py to interpreter.pyc
byte-compiling /home/anton/helloworld_ws/install/lib/python2.7/dist-packages/moveit_commander/conversions.py to conversions.pyc
byte-compiling /home/anton/helloworld_ws/install/lib/python2.7/dist-packages/moveit_commander/planning_scene_interface.py to planning_scene_interface.pyc
byte-compiling /home/anton/helloworld_ws/install/lib/python2.7/dist-packages/moveit_commander/move_group.py to move_group.pyc
byte-compiling /home/anton/helloworld_ws/install/lib/python2.7/dist-packages/moveit_commander/__init__.py to __init__.pyc
byte-compiling /home/anton/helloworld_ws/install/lib/python2.7/dist-packages/moveit_commander/robot.py to robot.pyc
byte-compiling /home/anton/helloworld_ws/install/lib/python2.7/dist-packages/moveit_commander/roscpp_initializer.py to roscpp_initializer.pyc
running install_egg_info
Removing /home/anton/helloworld_ws/install/lib/python2.7/dist-packages/moveit_commander-0.9.11.egg-info
Writing /home/anton/helloworld_ws/install/lib/python2.7/dist-packages/moveit_commander-0.9.11.egg-info
-- Installing: /home/anton/helloworld_ws/install/lib/pkgconfig/moveit_commander.pc
-- Installing: /home/anton/helloworld_ws/install/share/moveit_commander/cmake/moveit_commanderConfig.cmake
-- Installing: /home/anton/helloworld_ws/install/share/moveit_commander/cmake/moveit_commanderConfig-version.cmake
-- Installing: /home/anton/helloworld_ws/install/share/moveit_commander/package.xml
-- Installing: /home/anton/helloworld_ws/install/lib/moveit_commander/moveit_commander_cmdline.py
-- Installing: /home/anton/helloworld_ws/install/share/moveit_commander/test/python_moveit_commander.py
-- Installing: /home/anton/helloworld_ws/install/share/moveit_commander/test/python_moveit_commander_ns.py
-- Installing: /home/anton/helloworld_ws/install/share/moveit_commander/test/python_moveit_commander.test
-- Installing: /home/anton/helloworld_ws/install/share/moveit_commander/test/python_moveit_commander_ns.test
