Symlinking /home/anton/helloworld_ws/devel/lib/libsrdfdom.so
Symlinking /home/anton/helloworld_ws/devel/lib/python2.7/dist-packages/srdfdom/__init__.py
Symlinking /home/anton/helloworld_ws/devel/lib/pkgconfig/srdfdom.pc
Symlinking /home/anton/helloworld_ws/devel/share/srdfdom/cmake/srdfdomConfig-version.cmake
Symlinking /home/anton/helloworld_ws/devel/share/srdfdom/cmake/srdfdomConfig.cmake
Cleaning: (/home/ros/helloworld_ws/devel/.private/srdfdom/share/srdfdom/cmake/srdfdomConfig-version.cmake, /home/ros/helloworld_ws/devel/share/srdfdom/cmake/srdfdomConfig-version.cmake)
Cleaning: (/home/ros/helloworld_ws/devel/.private/srdfdom/share/srdfdom/cmake/srdfdomConfig.cmake, /home/ros/helloworld_ws/devel/share/srdfdom/cmake/srdfdomConfig.cmake)
Cleaning: (/home/ros/helloworld_ws/devel/.private/srdfdom/lib/libsrdfdom.so, /home/ros/helloworld_ws/devel/lib/libsrdfdom.so)
Cleaning: (/home/ros/helloworld_ws/devel/.private/srdfdom/lib/python2.7/dist-packages/srdfdom/__init__.py, /home/ros/helloworld_ws/devel/lib/python2.7/dist-packages/srdfdom/__init__.py)
Cleaning: (/home/ros/helloworld_ws/devel/.private/srdfdom/lib/pkgconfig/srdfdom.pc, /home/ros/helloworld_ws/devel/lib/pkgconfig/srdfdom.pc)
Unlinking: /home/ros/helloworld_ws/devel/share/srdfdom/cmake/srdfdomConfig-version.cmake
Already unlinked: {}
Unlinking: /home/ros/helloworld_ws/devel/share/srdfdom/cmake/srdfdomConfig.cmake
Already unlinked: {}
Unlinking: /home/ros/helloworld_ws/devel/lib/libsrdfdom.so
Already unlinked: {}
Unlinking: /home/ros/helloworld_ws/devel/lib/python2.7/dist-packages/srdfdom/__init__.py
Already unlinked: {}
Unlinking: /home/ros/helloworld_ws/devel/lib/pkgconfig/srdfdom.pc
Already unlinked: {}
