[100%] Built target srdfdom
[36mInstall the project...[0m
-- Install configuration: "Release"
-- Installing: /home/anton/helloworld_ws/install/_setup_util.py
-- Installing: /home/anton/helloworld_ws/install/env.sh
-- Installing: /home/anton/helloworld_ws/install/setup.bash
-- Installing: /home/anton/helloworld_ws/install/setup.sh
-- Installing: /home/anton/helloworld_ws/install/setup.zsh
-- Installing: /home/anton/helloworld_ws/install/.rosinstall
+ cd /home/anton/helloworld_ws/src/srdfdom
+ mkdir -p /home/anton/helloworld_ws/install/lib/python2.7/dist-packages
+ /usr/bin/env PYTHONPATH=/home/anton/helloworld_ws/install/lib/python2.7/dist-packages:/home/anton/helloworld_ws/build/srdfdom/lib/python2.7/dist-packages:/home/anton/helloworld_ws/install/lib/python2.7/dist-packages:/opt/ros/kinetic/lib/python2.7/dist-packages CATKIN_BINARY_DIR=/home/anton/helloworld_ws/build/srdfdom /usr/bin/python /home/anton/helloworld_ws/src/srdfdom/setup.py build --build-base /home/anton/helloworld_ws/build/srdfdom install --install-layout=deb --prefix=/home/anton/helloworld_ws/install --install-scripts=/home/anton/helloworld_ws/install/bin
running build
running build_py
creating /home/anton/helloworld_ws/build/srdfdom/lib.linux-x86_64-2.7
creating /home/anton/helloworld_ws/build/srdfdom/lib.linux-x86_64-2.7/srdfdom
copying src/srdfdom/srdf.py -> /home/anton/helloworld_ws/build/srdfdom/lib.linux-x86_64-2.7/srdfdom
copying src/srdfdom/__init__.py -> /home/anton/helloworld_ws/build/srdfdom/lib.linux-x86_64-2.7/srdfdom
running install
running install_lib
running install_egg_info
Removing /home/anton/helloworld_ws/install/lib/python2.7/dist-packages/srdfdom-0.4.2.egg-info
Writing /home/anton/helloworld_ws/install/lib/python2.7/dist-packages/srdfdom-0.4.2.egg-info
-- Installing: /home/anton/helloworld_ws/install/lib/pkgconfig/srdfdom.pc
-- Installing: /home/anton/helloworld_ws/install/share/srdfdom/cmake/srdfdomConfig.cmake
-- Installing: /home/anton/helloworld_ws/install/share/srdfdom/cmake/srdfdomConfig-version.cmake
-- Up-to-date: /home/anton/helloworld_ws/install/share/srdfdom/package.xml
-- Installing: /home/anton/helloworld_ws/install/lib/libsrdfdom.so
-- Set runtime path of "/home/anton/helloworld_ws/install/lib/libsrdfdom.so" to ""
-- Up-to-date: /home/anton/helloworld_ws/install/include/srdfdom
-- Up-to-date: /home/anton/helloworld_ws/install/include/srdfdom/srdf_writer.h
-- Up-to-date: /home/anton/helloworld_ws/install/include/srdfdom/model.h
-- Up-to-date: /home/anton/helloworld_ws/install/lib/srdfdom/display_srdf
