Symlinking /home/anton/helloworld_ws/devel/include/moveit_ros_manipulation/PickPlaceDynamicReconfigureConfig.h
Symlinking /home/anton/helloworld_ws/devel/lib/libmoveit_move_group_pick_place_capability.so
Symlinking /home/anton/helloworld_ws/devel/lib/libmoveit_pick_place_planner.so.0.9.11
Symlinking /home/anton/helloworld_ws/devel/lib/libmoveit_move_group_pick_place_capability.so.0.9.11
Symlinking /home/anton/helloworld_ws/devel/lib/libmoveit_pick_place_planner.so
Symlinking /home/anton/helloworld_ws/devel/lib/python2.7/dist-packages/moveit_ros_manipulation/__init__.py
Symlinking /home/anton/helloworld_ws/devel/lib/python2.7/dist-packages/moveit_ros_manipulation/cfg/__init__.py
Symlinking /home/anton/helloworld_ws/devel/lib/python2.7/dist-packages/moveit_ros_manipulation/cfg/PickPlaceDynamicReconfigureConfig.py
Symlinking /home/anton/helloworld_ws/devel/lib/pkgconfig/moveit_ros_manipulation.pc
Symlinking /home/anton/helloworld_ws/devel/share/moveit_ros_manipulation/docs/PickPlaceDynamicReconfigureConfig-usage.dox
Symlinking /home/anton/helloworld_ws/devel/share/moveit_ros_manipulation/docs/PickPlaceDynamicReconfigureConfig.dox
Symlinking /home/anton/helloworld_ws/devel/share/moveit_ros_manipulation/docs/PickPlaceDynamicReconfigureConfig.wikidoc
Symlinking /home/anton/helloworld_ws/devel/share/moveit_ros_manipulation/cmake/moveit_ros_manipulationConfig.cmake
Symlinking /home/anton/helloworld_ws/devel/share/moveit_ros_manipulation/cmake/moveit_ros_manipulationConfig-version.cmake
Cleaning: (/home/ros/helloworld_ws/devel/.private/moveit_ros_manipulation/share/moveit_ros_manipulation/cmake/moveit_ros_manipulationConfig-version.cmake, /home/ros/helloworld_ws/devel/share/moveit_ros_manipulation/cmake/moveit_ros_manipulationConfig-version.cmake)
Cleaning: (/home/ros/helloworld_ws/devel/.private/moveit_ros_manipulation/share/moveit_ros_manipulation/cmake/moveit_ros_manipulationConfig.cmake, /home/ros/helloworld_ws/devel/share/moveit_ros_manipulation/cmake/moveit_ros_manipulationConfig.cmake)
Cleaning: (/home/ros/helloworld_ws/devel/.private/moveit_ros_manipulation/share/moveit_ros_manipulation/docs/PickPlaceDynamicReconfigureConfig.wikidoc, /home/ros/helloworld_ws/devel/share/moveit_ros_manipulation/docs/PickPlaceDynamicReconfigureConfig.wikidoc)
Cleaning: (/home/ros/helloworld_ws/devel/.private/moveit_ros_manipulation/share/moveit_ros_manipulation/docs/PickPlaceDynamicReconfigureConfig-usage.dox, /home/ros/helloworld_ws/devel/share/moveit_ros_manipulation/docs/PickPlaceDynamicReconfigureConfig-usage.dox)
Cleaning: (/home/ros/helloworld_ws/devel/.private/moveit_ros_manipulation/share/moveit_ros_manipulation/docs/PickPlaceDynamicReconfigureConfig.dox, /home/ros/helloworld_ws/devel/share/moveit_ros_manipulation/docs/PickPlaceDynamicReconfigureConfig.dox)
Cleaning: (/home/ros/helloworld_ws/devel/.private/moveit_ros_manipulation/include/moveit_ros_manipulation/PickPlaceDynamicReconfigureConfig.h, /home/ros/helloworld_ws/devel/include/moveit_ros_manipulation/PickPlaceDynamicReconfigureConfig.h)
Cleaning: (/home/ros/helloworld_ws/devel/.private/moveit_ros_manipulation/lib/libmoveit_pick_place_planner.so, /home/ros/helloworld_ws/devel/lib/libmoveit_pick_place_planner.so)
Cleaning: (/home/ros/helloworld_ws/devel/.private/moveit_ros_manipulation/lib/libmoveit_move_group_pick_place_capability.so.0.9.11, /home/ros/helloworld_ws/devel/lib/libmoveit_move_group_pick_place_capability.so.0.9.11)
Cleaning: (/home/ros/helloworld_ws/devel/.private/moveit_ros_manipulation/lib/libmoveit_pick_place_planner.so.0.9.11, /home/ros/helloworld_ws/devel/lib/libmoveit_pick_place_planner.so.0.9.11)
Cleaning: (/home/ros/helloworld_ws/devel/.private/moveit_ros_manipulation/lib/libmoveit_move_group_pick_place_capability.so, /home/ros/helloworld_ws/devel/lib/libmoveit_move_group_pick_place_capability.so)
Cleaning: (/home/ros/helloworld_ws/devel/.private/moveit_ros_manipulation/lib/python2.7/dist-packages/moveit_ros_manipulation/__init__.py, /home/ros/helloworld_ws/devel/lib/python2.7/dist-packages/moveit_ros_manipulation/__init__.py)
Cleaning: (/home/ros/helloworld_ws/devel/.private/moveit_ros_manipulation/lib/python2.7/dist-packages/moveit_ros_manipulation/cfg/PickPlaceDynamicReconfigureConfig.py, /home/ros/helloworld_ws/devel/lib/python2.7/dist-packages/moveit_ros_manipulation/cfg/PickPlaceDynamicReconfigureConfig.py)
Cleaning: (/home/ros/helloworld_ws/devel/.private/moveit_ros_manipulation/lib/python2.7/dist-packages/moveit_ros_manipulation/cfg/__init__.py, /home/ros/helloworld_ws/devel/lib/python2.7/dist-packages/moveit_ros_manipulation/cfg/__init__.py)
Cleaning: (/home/ros/helloworld_ws/devel/.private/moveit_ros_manipulation/lib/pkgconfig/moveit_ros_manipulation.pc, /home/ros/helloworld_ws/devel/lib/pkgconfig/moveit_ros_manipulation.pc)
Unlinking: /home/ros/helloworld_ws/devel/share/moveit_ros_manipulation/cmake/moveit_ros_manipulationConfig-version.cmake
Already unlinked: {}
Unlinking: /home/ros/helloworld_ws/devel/share/moveit_ros_manipulation/cmake/moveit_ros_manipulationConfig.cmake
Already unlinked: {}
Unlinking: /home/ros/helloworld_ws/devel/share/moveit_ros_manipulation/docs/PickPlaceDynamicReconfigureConfig.wikidoc
Already unlinked: {}
Unlinking: /home/ros/helloworld_ws/devel/share/moveit_ros_manipulation/docs/PickPlaceDynamicReconfigureConfig-usage.dox
Already unlinked: {}
Unlinking: /home/ros/helloworld_ws/devel/share/moveit_ros_manipulation/docs/PickPlaceDynamicReconfigureConfig.dox
Already unlinked: {}
Unlinking: /home/ros/helloworld_ws/devel/include/moveit_ros_manipulation/PickPlaceDynamicReconfigureConfig.h
Already unlinked: {}
Unlinking: /home/ros/helloworld_ws/devel/lib/libmoveit_pick_place_planner.so
Already unlinked: {}
Unlinking: /home/ros/helloworld_ws/devel/lib/libmoveit_move_group_pick_place_capability.so.0.9.11
Already unlinked: {}
Unlinking: /home/ros/helloworld_ws/devel/lib/libmoveit_pick_place_planner.so.0.9.11
Already unlinked: {}
Unlinking: /home/ros/helloworld_ws/devel/lib/libmoveit_move_group_pick_place_capability.so
Already unlinked: {}
Unlinking: /home/ros/helloworld_ws/devel/lib/python2.7/dist-packages/moveit_ros_manipulation/__init__.py
Already unlinked: {}
Unlinking: /home/ros/helloworld_ws/devel/lib/python2.7/dist-packages/moveit_ros_manipulation/cfg/PickPlaceDynamicReconfigureConfig.py
Already unlinked: {}
Unlinking: /home/ros/helloworld_ws/devel/lib/python2.7/dist-packages/moveit_ros_manipulation/cfg/__init__.py
Already unlinked: {}
Unlinking: /home/ros/helloworld_ws/devel/lib/pkgconfig/moveit_ros_manipulation.pc
Already unlinked: {}
