Symlinking /home/anton/helloworld_ws/devel/lib/libmoveit_collision_distance_field.so.0.9.11
Symlinking /home/anton/helloworld_ws/devel/lib/libmoveit_collision_distance_field.so
Symlinking /home/anton/helloworld_ws/devel/lib/libcollision_detector_hybrid_plugin.so
Symlinking /home/anton/helloworld_ws/devel/lib/libcollision_detector_hybrid_plugin.so.0.9.11
Symlinking /home/anton/helloworld_ws/devel/lib/pkgconfig/moveit_experimental.pc
Symlinking /home/anton/helloworld_ws/devel/share/moveit_experimental/cmake/moveit_experimentalConfig-version.cmake
Symlinking /home/anton/helloworld_ws/devel/share/moveit_experimental/cmake/moveit_experimentalConfig.cmake
Cleaning: (/home/ros/helloworld_ws/devel/.private/moveit_experimental/share/moveit_experimental/cmake/moveit_experimentalConfig.cmake, /home/ros/helloworld_ws/devel/share/moveit_experimental/cmake/moveit_experimentalConfig.cmake)
Cleaning: (/home/ros/helloworld_ws/devel/.private/moveit_experimental/share/moveit_experimental/cmake/moveit_experimentalConfig-version.cmake, /home/ros/helloworld_ws/devel/share/moveit_experimental/cmake/moveit_experimentalConfig-version.cmake)
Cleaning: (/home/ros/helloworld_ws/devel/.private/moveit_experimental/lib/libmoveit_collision_distance_field.so, /home/ros/helloworld_ws/devel/lib/libmoveit_collision_distance_field.so)
Cleaning: (/home/ros/helloworld_ws/devel/.private/moveit_experimental/lib/libcollision_detector_hybrid_plugin.so.0.9.11, /home/ros/helloworld_ws/devel/lib/libcollision_detector_hybrid_plugin.so.0.9.11)
Cleaning: (/home/ros/helloworld_ws/devel/.private/moveit_experimental/lib/libmoveit_collision_distance_field.so.0.9.11, /home/ros/helloworld_ws/devel/lib/libmoveit_collision_distance_field.so.0.9.11)
Cleaning: (/home/ros/helloworld_ws/devel/.private/moveit_experimental/lib/libcollision_detector_hybrid_plugin.so, /home/ros/helloworld_ws/devel/lib/libcollision_detector_hybrid_plugin.so)
Cleaning: (/home/ros/helloworld_ws/devel/.private/moveit_experimental/lib/pkgconfig/moveit_experimental.pc, /home/ros/helloworld_ws/devel/lib/pkgconfig/moveit_experimental.pc)
Unlinking: /home/ros/helloworld_ws/devel/share/moveit_experimental/cmake/moveit_experimentalConfig.cmake
Already unlinked: {}
Unlinking: /home/ros/helloworld_ws/devel/share/moveit_experimental/cmake/moveit_experimentalConfig-version.cmake
Already unlinked: {}
Unlinking: /home/ros/helloworld_ws/devel/lib/libmoveit_collision_distance_field.so
Already unlinked: {}
Unlinking: /home/ros/helloworld_ws/devel/lib/libcollision_detector_hybrid_plugin.so.0.9.11
Already unlinked: {}
Unlinking: /home/ros/helloworld_ws/devel/lib/libmoveit_collision_distance_field.so.0.9.11
Already unlinked: {}
Unlinking: /home/ros/helloworld_ws/devel/lib/libcollision_detector_hybrid_plugin.so
Already unlinked: {}
Unlinking: /home/ros/helloworld_ws/devel/lib/pkgconfig/moveit_experimental.pc
Already unlinked: {}
