Symlinking /home/anton/helloworld_ws/devel/lib/libmoveit_ros_control_interface_plugin.so
Symlinking /home/anton/helloworld_ws/devel/lib/libmoveit_ros_control_interface_trajectory_plugin.so
Symlinking /home/anton/helloworld_ws/devel/lib/libmoveit_ros_control_interface_trajectory_plugin.so.0.9.11
Symlinking /home/anton/helloworld_ws/devel/lib/libmoveit_ros_control_interface_plugin.so.0.9.11
Symlinking /home/anton/helloworld_ws/devel/lib/pkgconfig/moveit_ros_control_interface.pc
Symlinking /home/anton/helloworld_ws/devel/share/moveit_ros_control_interface/cmake/moveit_ros_control_interfaceConfig.cmake
Symlinking /home/anton/helloworld_ws/devel/share/moveit_ros_control_interface/cmake/moveit_ros_control_interfaceConfig-version.cmake
Cleaning: (/home/ros/helloworld_ws/devel/.private/moveit_ros_control_interface/share/moveit_ros_control_interface/cmake/moveit_ros_control_interfaceConfig.cmake, /home/ros/helloworld_ws/devel/share/moveit_ros_control_interface/cmake/moveit_ros_control_interfaceConfig.cmake)
Cleaning: (/home/ros/helloworld_ws/devel/.private/moveit_ros_control_interface/share/moveit_ros_control_interface/cmake/moveit_ros_control_interfaceConfig-version.cmake, /home/ros/helloworld_ws/devel/share/moveit_ros_control_interface/cmake/moveit_ros_control_interfaceConfig-version.cmake)
Cleaning: (/home/ros/helloworld_ws/devel/.private/moveit_ros_control_interface/lib/libmoveit_ros_control_interface_plugin.so, /home/ros/helloworld_ws/devel/lib/libmoveit_ros_control_interface_plugin.so)
Cleaning: (/home/ros/helloworld_ws/devel/.private/moveit_ros_control_interface/lib/libmoveit_ros_control_interface_trajectory_plugin.so.0.9.11, /home/ros/helloworld_ws/devel/lib/libmoveit_ros_control_interface_trajectory_plugin.so.0.9.11)
Cleaning: (/home/ros/helloworld_ws/devel/.private/moveit_ros_control_interface/lib/libmoveit_ros_control_interface_trajectory_plugin.so, /home/ros/helloworld_ws/devel/lib/libmoveit_ros_control_interface_trajectory_plugin.so)
Cleaning: (/home/ros/helloworld_ws/devel/.private/moveit_ros_control_interface/lib/libmoveit_ros_control_interface_plugin.so.0.9.11, /home/ros/helloworld_ws/devel/lib/libmoveit_ros_control_interface_plugin.so.0.9.11)
Cleaning: (/home/ros/helloworld_ws/devel/.private/moveit_ros_control_interface/lib/pkgconfig/moveit_ros_control_interface.pc, /home/ros/helloworld_ws/devel/lib/pkgconfig/moveit_ros_control_interface.pc)
Unlinking: /home/ros/helloworld_ws/devel/share/moveit_ros_control_interface/cmake/moveit_ros_control_interfaceConfig.cmake
Already unlinked: {}
Unlinking: /home/ros/helloworld_ws/devel/share/moveit_ros_control_interface/cmake/moveit_ros_control_interfaceConfig-version.cmake
Already unlinked: {}
Unlinking: /home/ros/helloworld_ws/devel/lib/libmoveit_ros_control_interface_plugin.so
Already unlinked: {}
Unlinking: /home/ros/helloworld_ws/devel/lib/libmoveit_ros_control_interface_trajectory_plugin.so.0.9.11
Already unlinked: {}
Unlinking: /home/ros/helloworld_ws/devel/lib/libmoveit_ros_control_interface_trajectory_plugin.so
Already unlinked: {}
Unlinking: /home/ros/helloworld_ws/devel/lib/libmoveit_ros_control_interface_plugin.so.0.9.11
Already unlinked: {}
Unlinking: /home/ros/helloworld_ws/devel/lib/pkgconfig/moveit_ros_control_interface.pc
Already unlinked: {}
