[ 50%] Built target moveit_ros_control_interface_trajectory_plugin
[100%] Built target moveit_ros_control_interface_plugin
[36mInstall the project...[0m
-- Install configuration: "Release"
-- Installing: /home/anton/helloworld_ws/install/_setup_util.py
-- Installing: /home/anton/helloworld_ws/install/env.sh
-- Installing: /home/anton/helloworld_ws/install/setup.bash
-- Installing: /home/anton/helloworld_ws/install/setup.sh
-- Installing: /home/anton/helloworld_ws/install/setup.zsh
-- Installing: /home/anton/helloworld_ws/install/.rosinstall
-- Installing: /home/anton/helloworld_ws/install/lib/pkgconfig/moveit_ros_control_interface.pc
-- Installing: /home/anton/helloworld_ws/install/share/moveit_ros_control_interface/cmake/moveit_ros_control_interfaceConfig.cmake
-- Installing: /home/anton/helloworld_ws/install/share/moveit_ros_control_interface/cmake/moveit_ros_control_interfaceConfig-version.cmake
-- Installing: /home/anton/helloworld_ws/install/share/moveit_ros_control_interface/package.xml
-- Installing: /home/anton/helloworld_ws/install/lib/libmoveit_ros_control_interface_plugin.so.0.9.11
-- Installing: /home/anton/helloworld_ws/install/lib/libmoveit_ros_control_interface_plugin.so
-- Set runtime path of "/home/anton/helloworld_ws/install/lib/libmoveit_ros_control_interface_plugin.so.0.9.11" to ""
-- Installing: /home/anton/helloworld_ws/install/lib/libmoveit_ros_control_interface_trajectory_plugin.so.0.9.11
-- Installing: /home/anton/helloworld_ws/install/lib/libmoveit_ros_control_interface_trajectory_plugin.so
-- Set runtime path of "/home/anton/helloworld_ws/install/lib/libmoveit_ros_control_interface_trajectory_plugin.so.0.9.11" to ""
-- Installing: /home/anton/helloworld_ws/install/include/moveit_ros_control_interface
-- Installing: /home/anton/helloworld_ws/install/include/moveit_ros_control_interface/ControllerHandle.h
-- Installing: /home/anton/helloworld_ws/install/share/moveit_ros_control_interface/moveit_core_plugins.xml
-- Installing: /home/anton/helloworld_ws/install/share/moveit_ros_control_interface/moveit_ros_control_interface_plugins.xml
