Symlinking /home/anton/helloworld_ws/devel/lib/libchomp_planner_plugin.so
Symlinking /home/anton/helloworld_ws/devel/lib/libmoveit_planners_chomp.so
Symlinking /home/anton/helloworld_ws/devel/lib/libchomp_planner_plugin.so.0.9.11
Symlinking /home/anton/helloworld_ws/devel/lib/libmoveit_planners_chomp.so.0.9.11
Symlinking /home/anton/helloworld_ws/devel/lib/pkgconfig/moveit_planners_chomp.pc
Symlinking /home/anton/helloworld_ws/devel/share/moveit_planners_chomp/cmake/moveit_planners_chompConfig-version.cmake
Symlinking /home/anton/helloworld_ws/devel/share/moveit_planners_chomp/cmake/moveit_planners_chompConfig.cmake
Cleaning: (/home/ros/helloworld_ws/devel/.private/moveit_planners_chomp/share/moveit_planners_chomp/cmake/moveit_planners_chompConfig-version.cmake, /home/ros/helloworld_ws/devel/share/moveit_planners_chomp/cmake/moveit_planners_chompConfig-version.cmake)
Cleaning: (/home/ros/helloworld_ws/devel/.private/moveit_planners_chomp/share/moveit_planners_chomp/cmake/moveit_planners_chompConfig.cmake, /home/ros/helloworld_ws/devel/share/moveit_planners_chomp/cmake/moveit_planners_chompConfig.cmake)
Cleaning: (/home/ros/helloworld_ws/devel/.private/moveit_planners_chomp/lib/libchomp_planner_plugin.so, /home/ros/helloworld_ws/devel/lib/libchomp_planner_plugin.so)
Cleaning: (/home/ros/helloworld_ws/devel/.private/moveit_planners_chomp/lib/libmoveit_planners_chomp.so, /home/ros/helloworld_ws/devel/lib/libmoveit_planners_chomp.so)
Cleaning: (/home/ros/helloworld_ws/devel/.private/moveit_planners_chomp/lib/libmoveit_planners_chomp.so.0.9.11, /home/ros/helloworld_ws/devel/lib/libmoveit_planners_chomp.so.0.9.11)
Cleaning: (/home/ros/helloworld_ws/devel/.private/moveit_planners_chomp/lib/libchomp_planner_plugin.so.0.9.11, /home/ros/helloworld_ws/devel/lib/libchomp_planner_plugin.so.0.9.11)
Cleaning: (/home/ros/helloworld_ws/devel/.private/moveit_planners_chomp/lib/pkgconfig/moveit_planners_chomp.pc, /home/ros/helloworld_ws/devel/lib/pkgconfig/moveit_planners_chomp.pc)
Unlinking: /home/ros/helloworld_ws/devel/share/moveit_planners_chomp/cmake/moveit_planners_chompConfig-version.cmake
Already unlinked: {}
Unlinking: /home/ros/helloworld_ws/devel/share/moveit_planners_chomp/cmake/moveit_planners_chompConfig.cmake
Already unlinked: {}
Unlinking: /home/ros/helloworld_ws/devel/lib/libchomp_planner_plugin.so
Already unlinked: {}
Unlinking: /home/ros/helloworld_ws/devel/lib/libmoveit_planners_chomp.so
Already unlinked: {}
Unlinking: /home/ros/helloworld_ws/devel/lib/libmoveit_planners_chomp.so.0.9.11
Already unlinked: {}
Unlinking: /home/ros/helloworld_ws/devel/lib/libchomp_planner_plugin.so.0.9.11
Already unlinked: {}
Unlinking: /home/ros/helloworld_ws/devel/lib/pkgconfig/moveit_planners_chomp.pc
Already unlinked: {}
