[ 60%] Built target moveit_planners_chomp
[100%] Built target chomp_planner_plugin
[36mInstall the project...[0m
-- Install configuration: "Release"
-- Up-to-date: /home/anton/helloworld_ws/install/_setup_util.py
-- Up-to-date: /home/anton/helloworld_ws/install/env.sh
-- Up-to-date: /home/anton/helloworld_ws/install/setup.bash
-- Up-to-date: /home/anton/helloworld_ws/install/setup.sh
-- Up-to-date: /home/anton/helloworld_ws/install/setup.zsh
-- Up-to-date: /home/anton/helloworld_ws/install/.rosinstall
-- Installing: /home/anton/helloworld_ws/install/lib/pkgconfig/moveit_planners_chomp.pc
-- Installing: /home/anton/helloworld_ws/install/share/moveit_planners_chomp/cmake/moveit_planners_chompConfig.cmake
-- Installing: /home/anton/helloworld_ws/install/share/moveit_planners_chomp/cmake/moveit_planners_chompConfig-version.cmake
-- Installing: /home/anton/helloworld_ws/install/share/moveit_planners_chomp/package.xml
-- Installing: /home/anton/helloworld_ws/install/share/moveit_planners_chomp/chomp_interface_plugin_description.xml
-- Up-to-date: /home/anton/helloworld_ws/install/include/moveit_planners_chomp
-- Installing: /home/anton/helloworld_ws/install/include/moveit_planners_chomp/chomp_planning_context.h
-- Installing: /home/anton/helloworld_ws/install/include/moveit_planners_chomp/chomp_interface.h
-- Installing: /home/anton/helloworld_ws/install/lib/libmoveit_planners_chomp.so.0.9.11
-- Up-to-date: /home/anton/helloworld_ws/install/lib/libmoveit_planners_chomp.so
-- Set runtime path of "/home/anton/helloworld_ws/install/lib/libmoveit_planners_chomp.so.0.9.11" to ""
-- Installing: /home/anton/helloworld_ws/install/lib/libchomp_planner_plugin.so.0.9.11
-- Up-to-date: /home/anton/helloworld_ws/install/lib/libchomp_planner_plugin.so
-- Set runtime path of "/home/anton/helloworld_ws/install/lib/libchomp_planner_plugin.so.0.9.11" to ""
