[36mInstall the project...[0m
-- Install configuration: "Release"
-- Up-to-date: /home/ros/helloworld_ws/install/_setup_util.py
-- Up-to-date: /home/ros/helloworld_ws/install/env.sh
-- Up-to-date: /home/ros/helloworld_ws/install/setup.bash
-- Up-to-date: /home/ros/helloworld_ws/install/setup.sh
-- Up-to-date: /home/ros/helloworld_ws/install/setup.zsh
-- Up-to-date: /home/ros/helloworld_ws/install/.rosinstall
+ cd /home/ros/helloworld_ws/src/ariac_example
+ mkdir -p /home/ros/helloworld_ws/install/lib/python2.7/dist-packages
+ /usr/bin/env PYTHONPATH=/home/ros/helloworld_ws/install/lib/python2.7/dist-packages:/home/ros/helloworld_ws/build/curlnanton/lib/python2.7/dist-packages:/home/ros/helloworld_ws/install/lib/python2.7/dist-packages:/opt/ros/kinetic/lib/python2.7/dist-packages:/home/ros/helloworld_ws/devel/lib/python2.7/dist-packages CATKIN_BINARY_DIR=/home/ros/helloworld_ws/build/curlnanton /usr/bin/python /home/ros/helloworld_ws/src/ariac_example/setup.py build --build-base /home/ros/helloworld_ws/build/curlnanton install --install-layout=deb --prefix=/home/ros/helloworld_ws/install --install-scripts=/home/ros/helloworld_ws/install/bin
running build
running build_py
copying src/ariac_example/ariac_planner.py -> /home/ros/helloworld_ws/build/curlnanton/lib.linux-x86_64-2.7/ariac_example
running install
running install_lib
copying /home/ros/helloworld_ws/build/curlnanton/lib.linux-x86_64-2.7/ariac_example/ariac_planner.py -> /home/ros/helloworld_ws/install/lib/python2.7/dist-packages/ariac_example
byte-compiling /home/ros/helloworld_ws/install/lib/python2.7/dist-packages/ariac_example/ariac_planner.py to ariac_planner.pyc
running install_egg_info
Removing /home/ros/helloworld_ws/install/lib/python2.7/dist-packages/curlnanton-0.1.0.egg-info
Writing /home/ros/helloworld_ws/install/lib/python2.7/dist-packages/curlnanton-0.1.0.egg-info
-- Up-to-date: /home/ros/helloworld_ws/install/lib/pkgconfig/curlnanton.pc
-- Up-to-date: /home/ros/helloworld_ws/install/share/curlnanton/cmake/curlnantonConfig.cmake
-- Up-to-date: /home/ros/helloworld_ws/install/share/curlnanton/cmake/curlnantonConfig-version.cmake
-- Up-to-date: /home/ros/helloworld_ws/install/share/curlnanton/package.xml
-- Up-to-date: /home/ros/helloworld_ws/install/lib/curlnanton/ariac_example_node.py
-- Up-to-date: /home/ros/helloworld_ws/install/lib/curlnanton/ariac_planner_node.py
-- Up-to-date: /home/ros/helloworld_ws/install/lib/curlnanton/tf2_example.py
-- Up-to-date: /home/ros/helloworld_ws/install/lib/curlnanton/Subscriber.py
-- Up-to-date: /home/ros/helloworld_ws/install/lib/curlnanton/Orders.py
-- Up-to-date: /home/ros/helloworld_ws/install/lib/curlnanton/Product.py
-- Up-to-date: /home/ros/helloworld_ws/install/lib/curlnanton/planner_node.py
-- Up-to-date: /home/ros/helloworld_ws/install/share/curlnanton/config/sample_gear_conf.yaml
