Symlinking /home/anton/helloworld_ws/devel/lib/libmoveit_robot_interaction.so
Symlinking /home/anton/helloworld_ws/devel/lib/libmoveit_robot_interaction.so.0.9.11
Symlinking /home/anton/helloworld_ws/devel/lib/pkgconfig/moveit_ros_robot_interaction.pc
Symlinking /home/anton/helloworld_ws/devel/share/moveit_ros_robot_interaction/cmake/moveit_ros_robot_interactionConfig-version.cmake
Symlinking /home/anton/helloworld_ws/devel/share/moveit_ros_robot_interaction/cmake/moveit_ros_robot_interactionConfig.cmake
Cleaning: (/home/ros/helloworld_ws/devel/.private/moveit_ros_robot_interaction/share/moveit_ros_robot_interaction/cmake/moveit_ros_robot_interactionConfig.cmake, /home/ros/helloworld_ws/devel/share/moveit_ros_robot_interaction/cmake/moveit_ros_robot_interactionConfig.cmake)
Cleaning: (/home/ros/helloworld_ws/devel/.private/moveit_ros_robot_interaction/share/moveit_ros_robot_interaction/cmake/moveit_ros_robot_interactionConfig-version.cmake, /home/ros/helloworld_ws/devel/share/moveit_ros_robot_interaction/cmake/moveit_ros_robot_interactionConfig-version.cmake)
Cleaning: (/home/ros/helloworld_ws/devel/.private/moveit_ros_robot_interaction/lib/libmoveit_robot_interaction.so.0.9.11, /home/ros/helloworld_ws/devel/lib/libmoveit_robot_interaction.so.0.9.11)
Cleaning: (/home/ros/helloworld_ws/devel/.private/moveit_ros_robot_interaction/lib/libmoveit_robot_interaction.so, /home/ros/helloworld_ws/devel/lib/libmoveit_robot_interaction.so)
Cleaning: (/home/ros/helloworld_ws/devel/.private/moveit_ros_robot_interaction/lib/pkgconfig/moveit_ros_robot_interaction.pc, /home/ros/helloworld_ws/devel/lib/pkgconfig/moveit_ros_robot_interaction.pc)
Unlinking: /home/ros/helloworld_ws/devel/share/moveit_ros_robot_interaction/cmake/moveit_ros_robot_interactionConfig.cmake
Already unlinked: {}
Unlinking: /home/ros/helloworld_ws/devel/share/moveit_ros_robot_interaction/cmake/moveit_ros_robot_interactionConfig-version.cmake
Already unlinked: {}
Unlinking: /home/ros/helloworld_ws/devel/lib/libmoveit_robot_interaction.so.0.9.11
Already unlinked: {}
Unlinking: /home/ros/helloworld_ws/devel/lib/libmoveit_robot_interaction.so
Already unlinked: {}
Unlinking: /home/ros/helloworld_ws/devel/lib/pkgconfig/moveit_ros_robot_interaction.pc
Already unlinked: {}
