[  4%] Built target moveit_planners_ompl_gencfg
[ 76%] Built target moveit_ompl_interface
[ 84%] Built target moveit_ompl_planner_plugin
[ 92%] Built target moveit_ompl_planner
[100%] Built target moveit_demo_construct_constraints_database
[36mInstall the project...[0m
-- Install configuration: "Release"
-- Up-to-date: /home/anton/helloworld_ws/install/_setup_util.py
-- Up-to-date: /home/anton/helloworld_ws/install/env.sh
-- Up-to-date: /home/anton/helloworld_ws/install/setup.bash
-- Up-to-date: /home/anton/helloworld_ws/install/setup.sh
-- Up-to-date: /home/anton/helloworld_ws/install/setup.zsh
-- Up-to-date: /home/anton/helloworld_ws/install/.rosinstall
-- Installing: /home/anton/helloworld_ws/install/include/moveit_planners_ompl/OMPLDynamicReconfigureConfig.h
-- Installing: /home/anton/helloworld_ws/install/lib/python2.7/dist-packages/moveit_planners_ompl/__init__.py
Listing /home/anton/helloworld_ws/devel/.private/moveit_planners_ompl/lib/python2.7/dist-packages/moveit_planners_ompl/cfg ...
Compiling /home/anton/helloworld_ws/devel/.private/moveit_planners_ompl/lib/python2.7/dist-packages/moveit_planners_ompl/cfg/OMPLDynamicReconfigureConfig.py ...
Compiling /home/anton/helloworld_ws/devel/.private/moveit_planners_ompl/lib/python2.7/dist-packages/moveit_planners_ompl/cfg/__init__.py ...
-- Up-to-date: /home/anton/helloworld_ws/install/lib/python2.7/dist-packages/moveit_planners_ompl/cfg
-- Installing: /home/anton/helloworld_ws/install/lib/python2.7/dist-packages/moveit_planners_ompl/cfg/__init__.pyc
-- Installing: /home/anton/helloworld_ws/install/lib/python2.7/dist-packages/moveit_planners_ompl/cfg/__init__.py
-- Installing: /home/anton/helloworld_ws/install/lib/python2.7/dist-packages/moveit_planners_ompl/cfg/OMPLDynamicReconfigureConfig.pyc
-- Installing: /home/anton/helloworld_ws/install/lib/python2.7/dist-packages/moveit_planners_ompl/cfg/OMPLDynamicReconfigureConfig.py
-- Installing: /home/anton/helloworld_ws/install/lib/pkgconfig/moveit_planners_ompl.pc
-- Installing: /home/anton/helloworld_ws/install/share/moveit_planners_ompl/cmake/moveit_planners_omplConfig.cmake
-- Installing: /home/anton/helloworld_ws/install/share/moveit_planners_ompl/cmake/moveit_planners_omplConfig-version.cmake
-- Installing: /home/anton/helloworld_ws/install/share/moveit_planners_ompl/package.xml
-- Installing: /home/anton/helloworld_ws/install/share/moveit_planners_ompl/ompl_interface_plugin_description.xml
-- Installing: /home/anton/helloworld_ws/install/lib/libmoveit_ompl_interface.so.0.9.11
-- Up-to-date: /home/anton/helloworld_ws/install/lib/libmoveit_ompl_interface.so
-- Set runtime path of "/home/anton/helloworld_ws/install/lib/libmoveit_ompl_interface.so.0.9.11" to ""
-- Installing: /home/anton/helloworld_ws/install/lib/moveit_planners_ompl/moveit_ompl_planner
-- Set runtime path of "/home/anton/helloworld_ws/install/lib/moveit_planners_ompl/moveit_ompl_planner" to ""
-- Installing: /home/anton/helloworld_ws/install/lib/libmoveit_ompl_planner_plugin.so.0.9.11
-- Up-to-date: /home/anton/helloworld_ws/install/lib/libmoveit_ompl_planner_plugin.so
-- Set runtime path of "/home/anton/helloworld_ws/install/lib/libmoveit_ompl_planner_plugin.so.0.9.11" to ""
-- Up-to-date: /home/anton/helloworld_ws/install/include
-- Up-to-date: /home/anton/helloworld_ws/install/include/moveit
-- Up-to-date: /home/anton/helloworld_ws/install/include/moveit/ompl_interface
-- Installing: /home/anton/helloworld_ws/install/include/moveit/ompl_interface/ompl_interface.h
-- Up-to-date: /home/anton/helloworld_ws/install/include/moveit/ompl_interface/detail
-- Installing: /home/anton/helloworld_ws/install/include/moveit/ompl_interface/detail/constraint_approximations.h
-- Installing: /home/anton/helloworld_ws/install/include/moveit/ompl_interface/detail/state_validity_checker.h
-- Installing: /home/anton/helloworld_ws/install/include/moveit/ompl_interface/detail/projection_evaluators.h
-- Installing: /home/anton/helloworld_ws/install/include/moveit/ompl_interface/detail/constrained_goal_sampler.h
-- Installing: /home/anton/helloworld_ws/install/include/moveit/ompl_interface/detail/same_shared_ptr.hpp
-- Installing: /home/anton/helloworld_ws/install/include/moveit/ompl_interface/detail/threadsafe_state_storage.h
-- Installing: /home/anton/helloworld_ws/install/include/moveit/ompl_interface/detail/goal_union.h
-- Installing: /home/anton/helloworld_ws/install/include/moveit/ompl_interface/detail/constrained_valid_state_sampler.h
-- Installing: /home/anton/helloworld_ws/install/include/moveit/ompl_interface/detail/constrained_sampler.h
-- Installing: /home/anton/helloworld_ws/install/include/moveit/ompl_interface/planning_context_manager.h
-- Installing: /home/anton/helloworld_ws/install/include/moveit/ompl_interface/model_based_planning_context.h
-- Installing: /home/anton/helloworld_ws/install/include/moveit/ompl_interface/constraints_library.h
-- Up-to-date: /home/anton/helloworld_ws/install/include/moveit/ompl_interface/parameterization
-- Up-to-date: /home/anton/helloworld_ws/install/include/moveit/ompl_interface/parameterization/joint_space
-- Installing: /home/anton/helloworld_ws/install/include/moveit/ompl_interface/parameterization/joint_space/joint_model_state_space_factory.h
-- Installing: /home/anton/helloworld_ws/install/include/moveit/ompl_interface/parameterization/joint_space/joint_model_state_space.h
-- Installing: /home/anton/helloworld_ws/install/include/moveit/ompl_interface/parameterization/model_based_state_space_factory.h
-- Installing: /home/anton/helloworld_ws/install/include/moveit/ompl_interface/parameterization/model_based_state_space.h
-- Up-to-date: /home/anton/helloworld_ws/install/include/moveit/ompl_interface/parameterization/work_space
-- Installing: /home/anton/helloworld_ws/install/include/moveit/ompl_interface/parameterization/work_space/pose_model_state_space.h
-- Installing: /home/anton/helloworld_ws/install/include/moveit/ompl_interface/parameterization/work_space/pose_model_state_space_factory.h
