Symlinking /home/anton/helloworld_ws/devel/lib/libmoveit_simple_controller_manager.so.0.9.11
Symlinking /home/anton/helloworld_ws/devel/lib/libmoveit_simple_controller_manager.so
Symlinking /home/anton/helloworld_ws/devel/lib/pkgconfig/moveit_simple_controller_manager.pc
Symlinking /home/anton/helloworld_ws/devel/share/moveit_simple_controller_manager/cmake/moveit_simple_controller_managerConfig.cmake
Symlinking /home/anton/helloworld_ws/devel/share/moveit_simple_controller_manager/cmake/moveit_simple_controller_managerConfig-version.cmake
Cleaning: (/home/ros/helloworld_ws/devel/.private/moveit_simple_controller_manager/share/moveit_simple_controller_manager/cmake/moveit_simple_controller_managerConfig-version.cmake, /home/ros/helloworld_ws/devel/share/moveit_simple_controller_manager/cmake/moveit_simple_controller_managerConfig-version.cmake)
Cleaning: (/home/ros/helloworld_ws/devel/.private/moveit_simple_controller_manager/share/moveit_simple_controller_manager/cmake/moveit_simple_controller_managerConfig.cmake, /home/ros/helloworld_ws/devel/share/moveit_simple_controller_manager/cmake/moveit_simple_controller_managerConfig.cmake)
Cleaning: (/home/ros/helloworld_ws/devel/.private/moveit_simple_controller_manager/lib/libmoveit_simple_controller_manager.so, /home/ros/helloworld_ws/devel/lib/libmoveit_simple_controller_manager.so)
Cleaning: (/home/ros/helloworld_ws/devel/.private/moveit_simple_controller_manager/lib/libmoveit_simple_controller_manager.so.0.9.11, /home/ros/helloworld_ws/devel/lib/libmoveit_simple_controller_manager.so.0.9.11)
Cleaning: (/home/ros/helloworld_ws/devel/.private/moveit_simple_controller_manager/lib/pkgconfig/moveit_simple_controller_manager.pc, /home/ros/helloworld_ws/devel/lib/pkgconfig/moveit_simple_controller_manager.pc)
Unlinking: /home/ros/helloworld_ws/devel/share/moveit_simple_controller_manager/cmake/moveit_simple_controller_managerConfig-version.cmake
Already unlinked: {}
Unlinking: /home/ros/helloworld_ws/devel/share/moveit_simple_controller_manager/cmake/moveit_simple_controller_managerConfig.cmake
Already unlinked: {}
Unlinking: /home/ros/helloworld_ws/devel/lib/libmoveit_simple_controller_manager.so
Already unlinked: {}
Unlinking: /home/ros/helloworld_ws/devel/lib/libmoveit_simple_controller_manager.so.0.9.11
Already unlinked: {}
Unlinking: /home/ros/helloworld_ws/devel/lib/pkgconfig/moveit_simple_controller_manager.pc
Already unlinked: {}
