Symlinking /home/anton/helloworld_ws/devel/lib/libmoveit_controller_manager_example.so.0.9.11
Symlinking /home/anton/helloworld_ws/devel/lib/libmoveit_controller_manager_example.so
Symlinking /home/anton/helloworld_ws/devel/lib/pkgconfig/moveit_controller_manager_example.pc
Symlinking /home/anton/helloworld_ws/devel/share/moveit_controller_manager_example/cmake/moveit_controller_manager_exampleConfig-version.cmake
Symlinking /home/anton/helloworld_ws/devel/share/moveit_controller_manager_example/cmake/moveit_controller_manager_exampleConfig.cmake
Cleaning: (/home/ros/helloworld_ws/devel/.private/moveit_controller_manager_example/share/moveit_controller_manager_example/cmake/moveit_controller_manager_exampleConfig.cmake, /home/ros/helloworld_ws/devel/share/moveit_controller_manager_example/cmake/moveit_controller_manager_exampleConfig.cmake)
Cleaning: (/home/ros/helloworld_ws/devel/.private/moveit_controller_manager_example/share/moveit_controller_manager_example/cmake/moveit_controller_manager_exampleConfig-version.cmake, /home/ros/helloworld_ws/devel/share/moveit_controller_manager_example/cmake/moveit_controller_manager_exampleConfig-version.cmake)
Cleaning: (/home/ros/helloworld_ws/devel/.private/moveit_controller_manager_example/lib/libmoveit_controller_manager_example.so, /home/ros/helloworld_ws/devel/lib/libmoveit_controller_manager_example.so)
Cleaning: (/home/ros/helloworld_ws/devel/.private/moveit_controller_manager_example/lib/libmoveit_controller_manager_example.so.0.9.11, /home/ros/helloworld_ws/devel/lib/libmoveit_controller_manager_example.so.0.9.11)
Cleaning: (/home/ros/helloworld_ws/devel/.private/moveit_controller_manager_example/lib/pkgconfig/moveit_controller_manager_example.pc, /home/ros/helloworld_ws/devel/lib/pkgconfig/moveit_controller_manager_example.pc)
Unlinking: /home/ros/helloworld_ws/devel/share/moveit_controller_manager_example/cmake/moveit_controller_manager_exampleConfig.cmake
Already unlinked: {}
Unlinking: /home/ros/helloworld_ws/devel/share/moveit_controller_manager_example/cmake/moveit_controller_manager_exampleConfig-version.cmake
Already unlinked: {}
Unlinking: /home/ros/helloworld_ws/devel/lib/libmoveit_controller_manager_example.so
Already unlinked: {}
Unlinking: /home/ros/helloworld_ws/devel/lib/libmoveit_controller_manager_example.so.0.9.11
Already unlinked: {}
Unlinking: /home/ros/helloworld_ws/devel/lib/pkgconfig/moveit_controller_manager_example.pc
Already unlinked: {}
