[36mInstall the project...[0m
-- Install configuration: "Release"
-- Installing: /home/anton/helloworld_ws/install/_setup_util.py
-- Installing: /home/anton/helloworld_ws/install/env.sh
-- Installing: /home/anton/helloworld_ws/install/setup.bash
-- Installing: /home/anton/helloworld_ws/install/setup.sh
-- Installing: /home/anton/helloworld_ws/install/setup.zsh
-- Installing: /home/anton/helloworld_ws/install/.rosinstall
-- Installing: /home/anton/helloworld_ws/install/lib/pkgconfig/moveit_resources.pc
-- Installing: /home/anton/helloworld_ws/install/share/moveit_resources/cmake/moveit_resourcesConfig.cmake
-- Installing: /home/anton/helloworld_ws/install/share/moveit_resources/cmake/moveit_resourcesConfig-version.cmake
-- Installing: /home/anton/helloworld_ws/install/share/moveit_resources/package.xml
-- Installing: /home/anton/helloworld_ws/install/share/moveit_resources/pr2_description
-- Installing: /home/anton/helloworld_ws/install/share/moveit_resources/pr2_description/urdf
-- Installing: /home/anton/helloworld_ws/install/share/moveit_resources/pr2_description/urdf/robot.xml
-- Installing: /home/anton/helloworld_ws/install/share/moveit_resources/pr2_description/urdf/meshes
-- Installing: /home/anton/helloworld_ws/install/share/moveit_resources/pr2_description/urdf/meshes/upper_arm_v0
-- Installing: /home/anton/helloworld_ws/install/share/moveit_resources/pr2_description/urdf/meshes/upper_arm_v0/elbow_flex.stl
-- Installing: /home/anton/helloworld_ws/install/share/moveit_resources/pr2_description/urdf/meshes/upper_arm_v0/upper_arm.dae
-- Installing: /home/anton/helloworld_ws/install/share/moveit_resources/pr2_description/urdf/meshes/upper_arm_v0/upper_arm.jpg
-- Installing: /home/anton/helloworld_ws/install/share/moveit_resources/pr2_description/urdf/meshes/upper_arm_v0/elbow_flex.dae
-- Installing: /home/anton/helloworld_ws/install/share/moveit_resources/pr2_description/urdf/meshes/upper_arm_v0/convex
-- Installing: /home/anton/helloworld_ws/install/share/moveit_resources/pr2_description/urdf/meshes/upper_arm_v0/convex/forearm_roll_convex.stlb
-- Installing: /home/anton/helloworld_ws/install/share/moveit_resources/pr2_description/urdf/meshes/upper_arm_v0/convex/upper_arm.dae
-- Installing: /home/anton/helloworld_ws/install/share/moveit_resources/pr2_description/urdf/meshes/upper_arm_v0/convex/upper_arm.xml
-- Installing: /home/anton/helloworld_ws/install/share/moveit_resources/pr2_description/urdf/meshes/upper_arm_v0/convex/forearm_roll_convex.stla
-- Installing: /home/anton/helloworld_ws/install/share/moveit_resources/pr2_description/urdf/meshes/upper_arm_v0/convex/forearm_roll_L_convex.stla
-- Installing: /home/anton/helloworld_ws/install/share/moveit_resources/pr2_description/urdf/meshes/upper_arm_v0/convex/elbow_flex.dae
-- Installing: /home/anton/helloworld_ws/install/share/moveit_resources/pr2_description/urdf/meshes/upper_arm_v0/convex/forearm_roll_L.dae
-- Installing: /home/anton/helloworld_ws/install/share/moveit_resources/pr2_description/urdf/meshes/upper_arm_v0/convex/elbow_flex.xml
-- Installing: /home/anton/helloworld_ws/install/share/moveit_resources/pr2_description/urdf/meshes/upper_arm_v0/convex/forearm_roll_L_convex.stlb
-- Installing: /home/anton/helloworld_ws/install/share/moveit_resources/pr2_description/urdf/meshes/upper_arm_v0/convex/forearm_roll.dae
-- Installing: /home/anton/helloworld_ws/install/share/moveit_resources/pr2_description/urdf/meshes/upper_arm_v0/convex/upper_arm_convex.stlb
-- Installing: /home/anton/helloworld_ws/install/share/moveit_resources/pr2_description/urdf/meshes/upper_arm_v0/convex/upper_arm_convex.stla
-- Installing: /home/anton/helloworld_ws/install/share/moveit_resources/pr2_description/urdf/meshes/upper_arm_v0/convex/elbow_flex_convex.stlb
-- Installing: /home/anton/helloworld_ws/install/share/moveit_resources/pr2_description/urdf/meshes/upper_arm_v0/convex/forearm_roll.xml
-- Installing: /home/anton/helloworld_ws/install/share/moveit_resources/pr2_description/urdf/meshes/upper_arm_v0/convex/elbow_flex_convex.stla
-- Installing: /home/anton/helloworld_ws/install/share/moveit_resources/pr2_description/urdf/meshes/upper_arm_v0/convex/forearm_roll_L.xml
-- Installing: /home/anton/helloworld_ws/install/share/moveit_resources/pr2_description/urdf/meshes/upper_arm_v0/upper_arm_normals.tif
-- Installing: /home/anton/helloworld_ws/install/share/moveit_resources/pr2_description/urdf/meshes/upper_arm_v0/upper_arm_color.tif
-- Installing: /home/anton/helloworld_ws/install/share/moveit_resources/pr2_description/urdf/meshes/upper_arm_v0/forearm_roll_L.stl
-- Installing: /home/anton/helloworld_ws/install/share/moveit_resources/pr2_description/urdf/meshes/upper_arm_v0/upper_arm.stl
-- Installing: /home/anton/helloworld_ws/install/share/moveit_resources/pr2_description/urdf/meshes/upper_arm_v0/elbow_flex_normals.tif
-- Installing: /home/anton/helloworld_ws/install/share/moveit_resources/pr2_description/urdf/meshes/upper_arm_v0/forearm_roll.stl
-- Installing: /home/anton/helloworld_ws/install/share/moveit_resources/pr2_description/urdf/meshes/upper_arm_v0/elbow_flex_color.tif
-- Installing: /home/anton/helloworld_ws/install/share/moveit_resources/pr2_description/urdf/meshes/head_v0
-- Installing: /home/anton/helloworld_ws/install/share/moveit_resources/pr2_description/urdf/meshes/head_v0/head_pan.dae
-- Installing: /home/anton/helloworld_ws/install/share/moveit_resources/pr2_description/urdf/meshes/head_v0/head_pan_normals.tif
-- Installing: /home/anton/helloworld_ws/install/share/moveit_resources/pr2_description/urdf/meshes/head_v0/head_tilt.dae
-- Installing: /home/anton/helloworld_ws/install/share/moveit_resources/pr2_description/urdf/meshes/head_v0/head_tilt_green.tif
-- Installing: /home/anton/helloworld_ws/install/share/moveit_resources/pr2_description/urdf/meshes/head_v0/convex
-- Installing: /home/anton/helloworld_ws/install/share/moveit_resources/pr2_description/urdf/meshes/head_v0/convex/head_pan.dae
-- Installing: /home/anton/helloworld_ws/install/share/moveit_resources/pr2_description/urdf/meshes/head_v0/convex/head_tilt_L.dae
-- Installing: /home/anton/helloworld_ws/install/share/moveit_resources/pr2_description/urdf/meshes/head_v0/convex/head_tilt.dae
-- Installing: /home/anton/helloworld_ws/install/share/moveit_resources/pr2_description/urdf/meshes/head_v0/convex/head_pan_L.xml
-- Installing: /home/anton/helloworld_ws/install/share/moveit_resources/pr2_description/urdf/meshes/head_v0/convex/head_pan_L_convex.stlb
-- Installing: /home/anton/helloworld_ws/install/share/moveit_resources/pr2_description/urdf/meshes/head_v0/convex/head_pan_convex.stla
-- Installing: /home/anton/helloworld_ws/install/share/moveit_resources/pr2_description/urdf/meshes/head_v0/convex/head_pan_L.dae
-- Installing: /home/anton/helloworld_ws/install/share/moveit_resources/pr2_description/urdf/meshes/head_v0/convex/head_tilt_convex.stlb
-- Installing: /home/anton/helloworld_ws/install/share/moveit_resources/pr2_description/urdf/meshes/head_v0/convex/head_tilt.xml
-- Installing: /home/anton/helloworld_ws/install/share/moveit_resources/pr2_description/urdf/meshes/head_v0/convex/head_pan.xml
-- Installing: /home/anton/helloworld_ws/install/share/moveit_resources/pr2_description/urdf/meshes/head_v0/convex/head_tilt_L_convex.stla
-- Installing: /home/anton/helloworld_ws/install/share/moveit_resources/pr2_description/urdf/meshes/head_v0/convex/head_pan_convex.stlb
-- Installing: /home/anton/helloworld_ws/install/share/moveit_resources/pr2_description/urdf/meshes/head_v0/convex/head_pan_L_convex.stla
-- Installing: /home/anton/helloworld_ws/install/share/moveit_resources/pr2_description/urdf/meshes/head_v0/convex/head_tilt_convex.stla
-- Installing: /home/anton/helloworld_ws/install/share/moveit_resources/pr2_description/urdf/meshes/head_v0/convex/head_tilt_L.xml
-- Installing: /home/anton/helloworld_ws/install/share/moveit_resources/pr2_description/urdf/meshes/head_v0/convex/head_tilt_L_convex.stlb
-- Installing: /home/anton/helloworld_ws/install/share/moveit_resources/pr2_description/urdf/meshes/head_v0/head_tilt_color_red.tif
-- Installing: /home/anton/helloworld_ws/install/share/moveit_resources/pr2_description/urdf/meshes/head_v0/head_pan.stl
-- Installing: /home/anton/helloworld_ws/install/share/moveit_resources/pr2_description/urdf/meshes/head_v0/head_tilt_color_yellow.tif
-- Installing: /home/anton/helloworld_ws/install/share/moveit_resources/pr2_description/urdf/meshes/head_v0/head_tilt_L.stl
-- Installing: /home/anton/helloworld_ws/install/share/moveit_resources/pr2_description/urdf/meshes/head_v0/head_pan_L.stl
-- Installing: /home/anton/helloworld_ws/install/share/moveit_resources/pr2_description/urdf/meshes/head_v0/head_tilt_normals.tif
-- Installing: /home/anton/helloworld_ws/install/share/moveit_resources/pr2_description/urdf/meshes/head_v0/head_tilt_color.tif
-- Installing: /home/anton/helloworld_ws/install/share/moveit_resources/pr2_description/urdf/meshes/head_v0/head_pan_color.tif
-- Installing: /home/anton/helloworld_ws/install/share/moveit_resources/pr2_description/urdf/meshes/head_v0/head_tilt.stl
-- Installing: /home/anton/helloworld_ws/install/share/moveit_resources/pr2_description/urdf/meshes/torso_v0
-- Installing: /home/anton/helloworld_ws/install/share/moveit_resources/pr2_description/urdf/meshes/torso_v0/torso_lift_L.stl
-- Installing: /home/anton/helloworld_ws/install/share/moveit_resources/pr2_description/urdf/meshes/torso_v0/torso_lift_color.tif
-- Installing: /home/anton/helloworld_ws/install/share/moveit_resources/pr2_description/urdf/meshes/torso_v0/torso.stl
-- Installing: /home/anton/helloworld_ws/install/share/moveit_resources/pr2_description/urdf/meshes/torso_v0/torso_lift.dae
-- Installing: /home/anton/helloworld_ws/install/share/moveit_resources/pr2_description/urdf/meshes/torso_v0/convex
-- Installing: /home/anton/helloworld_ws/install/share/moveit_resources/pr2_description/urdf/meshes/torso_v0/convex/torso_lift_L_convex.stlb
-- Installing: /home/anton/helloworld_ws/install/share/moveit_resources/pr2_description/urdf/meshes/torso_v0/convex/torso_lift_convex.stla
-- Installing: /home/anton/helloworld_ws/install/share/moveit_resources/pr2_description/urdf/meshes/torso_v0/convex/torso_lift_convex.stlb
-- Installing: /home/anton/helloworld_ws/install/share/moveit_resources/pr2_description/urdf/meshes/torso_v0/convex/torso_lift.dae
-- Installing: /home/anton/helloworld_ws/install/share/moveit_resources/pr2_description/urdf/meshes/torso_v0/convex/torso_convex.stla
-- Installing: /home/anton/helloworld_ws/install/share/moveit_resources/pr2_description/urdf/meshes/torso_v0/convex/torso_lift_L.xml
-- Installing: /home/anton/helloworld_ws/install/share/moveit_resources/pr2_description/urdf/meshes/torso_v0/convex/torso_lift_L.dae
-- Installing: /home/anton/helloworld_ws/install/share/moveit_resources/pr2_description/urdf/meshes/torso_v0/convex/torso.xml
-- Installing: /home/anton/helloworld_ws/install/share/moveit_resources/pr2_description/urdf/meshes/torso_v0/convex/torso_lift.xml
-- Installing: /home/anton/helloworld_ws/install/share/moveit_resources/pr2_description/urdf/meshes/torso_v0/convex/torso_lift_L_convex.stla
-- Installing: /home/anton/helloworld_ws/install/share/moveit_resources/pr2_description/urdf/meshes/torso_v0/convex/torso.dae
-- Installing: /home/anton/helloworld_ws/install/share/moveit_resources/pr2_description/urdf/meshes/torso_v0/convex/torso_convex.stlb
-- Installing: /home/anton/helloworld_ws/install/share/moveit_resources/pr2_description/urdf/meshes/torso_v0/torso_lift_normals.tif
-- Installing: /home/anton/helloworld_ws/install/share/moveit_resources/pr2_description/urdf/meshes/torso_v0/torso_lift.stl
-- Installing: /home/anton/helloworld_ws/install/share/moveit_resources/pr2_description/urdf/meshes/gripper_v0
-- Installing: /home/anton/helloworld_ws/install/share/moveit_resources/pr2_description/urdf/meshes/gripper_v0/finger_tip_H_UV_100430.dae
-- Installing: /home/anton/helloworld_ws/install/share/moveit_resources/pr2_description/urdf/meshes/gripper_v0/l_finger_tip.dae
-- Installing: /home/anton/helloworld_ws/install/share/moveit_resources/pr2_description/urdf/meshes/gripper_v0/finger_tip_pad2_r.stl
-- Installing: /home/anton/helloworld_ws/install/share/moveit_resources/pr2_description/urdf/meshes/gripper_v0/float_H_Color_100430.tif
-- Installing: /home/anton/helloworld_ws/install/share/moveit_resources/pr2_description/urdf/meshes/gripper_v0/finger_H_Color_100430.tif
-- Installing: /home/anton/helloworld_ws/install/share/moveit_resources/pr2_description/urdf/meshes/gripper_v0/l_finger.dae
-- Installing: /home/anton/helloworld_ws/install/share/moveit_resources/pr2_description/urdf/meshes/gripper_v0/l_finger_tip.stl
-- Installing: /home/anton/helloworld_ws/install/share/moveit_resources/pr2_description/urdf/meshes/gripper_v0/palm_H_Color_100430.tif
-- Installing: /home/anton/helloworld_ws/install/share/moveit_resources/pr2_description/urdf/meshes/gripper_v0/palm_H_UV_100430.dae
-- Installing: /home/anton/helloworld_ws/install/share/moveit_resources/pr2_description/urdf/meshes/gripper_v0/l_finger.stl
-- Installing: /home/anton/helloworld_ws/install/share/moveit_resources/pr2_description/urdf/meshes/gripper_v0/upper_finger_l.stl
-- Installing: /home/anton/helloworld_ws/install/share/moveit_resources/pr2_description/urdf/meshes/gripper_v0/convex
-- Installing: /home/anton/helloworld_ws/install/share/moveit_resources/pr2_description/urdf/meshes/gripper_v0/convex/l_finger_tip.dae
-- Installing: /home/anton/helloworld_ws/install/share/moveit_resources/pr2_description/urdf/meshes/gripper_v0/convex/l_floating_convex.stla
-- Installing: /home/anton/helloworld_ws/install/share/moveit_resources/pr2_description/urdf/meshes/gripper_v0/convex/upper_finger_r_convex.stla
-- Installing: /home/anton/helloworld_ws/install/share/moveit_resources/pr2_description/urdf/meshes/gripper_v0/convex/finger_tip_l_convex.stlb
-- Installing: /home/anton/helloworld_ws/install/share/moveit_resources/pr2_description/urdf/meshes/gripper_v0/convex/l_floating.xml
-- Installing: /home/anton/helloworld_ws/install/share/moveit_resources/pr2_description/urdf/meshes/gripper_v0/convex/finger_tip_pad2_r_convex.stlb
-- Installing: /home/anton/helloworld_ws/install/share/moveit_resources/pr2_description/urdf/meshes/gripper_v0/convex/gripper_palm_convex.stla
-- Installing: /home/anton/helloworld_ws/install/share/moveit_resources/pr2_description/urdf/meshes/gripper_v0/convex/l_finger.dae
-- Installing: /home/anton/helloworld_ws/install/share/moveit_resources/pr2_description/urdf/meshes/gripper_v0/convex/l_finger_convex.stlb
-- Installing: /home/anton/helloworld_ws/install/share/moveit_resources/pr2_description/urdf/meshes/gripper_v0/convex/finger_tip_l_convex.stla
-- Installing: /home/anton/helloworld_ws/install/share/moveit_resources/pr2_description/urdf/meshes/gripper_v0/convex/finger_tip_pad2_r.dae
-- Installing: /home/anton/helloworld_ws/install/share/moveit_resources/pr2_description/urdf/meshes/gripper_v0/convex/l_finger_tip.xml
-- Installing: /home/anton/helloworld_ws/install/share/moveit_resources/pr2_description/urdf/meshes/gripper_v0/convex/l_finger_tip_convex.stla
-- Installing: /home/anton/helloworld_ws/install/share/moveit_resources/pr2_description/urdf/meshes/gripper_v0/convex/finger_tip_r.xml
-- Installing: /home/anton/helloworld_ws/install/share/moveit_resources/pr2_description/urdf/meshes/gripper_v0/convex/finger_tip_pad2_l_convex.stla
-- Installing: /home/anton/helloworld_ws/install/share/moveit_resources/pr2_description/urdf/meshes/gripper_v0/convex/finger_tip_r.dae
-- Installing: /home/anton/helloworld_ws/install/share/moveit_resources/pr2_description/urdf/meshes/gripper_v0/convex/finger_tip_l.dae
-- Installing: /home/anton/helloworld_ws/install/share/moveit_resources/pr2_description/urdf/meshes/gripper_v0/convex/upper_finger_r_convex.stlb
-- Installing: /home/anton/helloworld_ws/install/share/moveit_resources/pr2_description/urdf/meshes/gripper_v0/convex/l_floating_convex.stlb
-- Installing: /home/anton/helloworld_ws/install/share/moveit_resources/pr2_description/urdf/meshes/gripper_v0/convex/finger_tip_pad2_l.dae
-- Installing: /home/anton/helloworld_ws/install/share/moveit_resources/pr2_description/urdf/meshes/gripper_v0/convex/l_finger_tip_convex.stlb
-- Installing: /home/anton/helloworld_ws/install/share/moveit_resources/pr2_description/urdf/meshes/gripper_v0/convex/l_floating.dae
-- Installing: /home/anton/helloworld_ws/install/share/moveit_resources/pr2_description/urdf/meshes/gripper_v0/convex/finger_tip_pad2_l.xml
-- Installing: /home/anton/helloworld_ws/install/share/moveit_resources/pr2_description/urdf/meshes/gripper_v0/convex/finger_tip_r_convex.stlb
-- Installing: /home/anton/helloworld_ws/install/share/moveit_resources/pr2_description/urdf/meshes/gripper_v0/convex/upper_finger_l.dae
-- Installing: /home/anton/helloworld_ws/install/share/moveit_resources/pr2_description/urdf/meshes/gripper_v0/convex/finger_tip_l.xml
-- Installing: /home/anton/helloworld_ws/install/share/moveit_resources/pr2_description/urdf/meshes/gripper_v0/convex/l_finger_convex.stla
-- Installing: /home/anton/helloworld_ws/install/share/moveit_resources/pr2_description/urdf/meshes/gripper_v0/convex/upper_finger_l_convex.stlb
-- Installing: /home/anton/helloworld_ws/install/share/moveit_resources/pr2_description/urdf/meshes/gripper_v0/convex/upper_finger_l_convex.stla
-- Installing: /home/anton/helloworld_ws/install/share/moveit_resources/pr2_description/urdf/meshes/gripper_v0/convex/finger_tip_pad2_r.xml
-- Installing: /home/anton/helloworld_ws/install/share/moveit_resources/pr2_description/urdf/meshes/gripper_v0/convex/l_finger.xml
-- Installing: /home/anton/helloworld_ws/install/share/moveit_resources/pr2_description/urdf/meshes/gripper_v0/convex/finger_tip_pad2_r_convex.stla
-- Installing: /home/anton/helloworld_ws/install/share/moveit_resources/pr2_description/urdf/meshes/gripper_v0/convex/finger_tip_r_convex.stla
-- Installing: /home/anton/helloworld_ws/install/share/moveit_resources/pr2_description/urdf/meshes/gripper_v0/convex/gripper_palm.xml
-- Installing: /home/anton/helloworld_ws/install/share/moveit_resources/pr2_description/urdf/meshes/gripper_v0/convex/upper_finger_r.dae
-- Installing: /home/anton/helloworld_ws/install/share/moveit_resources/pr2_description/urdf/meshes/gripper_v0/convex/gripper_palm.dae
-- Installing: /home/anton/helloworld_ws/install/share/moveit_resources/pr2_description/urdf/meshes/gripper_v0/convex/upper_finger_l.xml
-- Installing: /home/anton/helloworld_ws/install/share/moveit_resources/pr2_description/urdf/meshes/gripper_v0/convex/gripper_palm_convex.stlb
-- Installing: /home/anton/helloworld_ws/install/share/moveit_resources/pr2_description/urdf/meshes/gripper_v0/convex/finger_tip_pad2_l_convex.stlb
-- Installing: /home/anton/helloworld_ws/install/share/moveit_resources/pr2_description/urdf/meshes/gripper_v0/convex/upper_finger_r.xml
-- Installing: /home/anton/helloworld_ws/install/share/moveit_resources/pr2_description/urdf/meshes/gripper_v0/fingertip_H_Color_100430.tif
-- Installing: /home/anton/helloworld_ws/install/share/moveit_resources/pr2_description/urdf/meshes/gripper_v0/upper_finger_r.stl
-- Installing: /home/anton/helloworld_ws/install/share/moveit_resources/pr2_description/urdf/meshes/gripper_v0/l_finger_color.tif
-- Installing: /home/anton/helloworld_ws/install/share/moveit_resources/pr2_description/urdf/meshes/gripper_v0/finger_tip_pad2_l.stl
-- Installing: /home/anton/helloworld_ws/install/share/moveit_resources/pr2_description/urdf/meshes/gripper_v0/l_finger_tip_color.tif
-- Installing: /home/anton/helloworld_ws/install/share/moveit_resources/pr2_description/urdf/meshes/gripper_v0/l_float_normals.tif
-- Installing: /home/anton/helloworld_ws/install/share/moveit_resources/pr2_description/urdf/meshes/gripper_v0/gripper_palm.stl
-- Installing: /home/anton/helloworld_ws/install/share/moveit_resources/pr2_description/urdf/meshes/gripper_v0/l_float.dae
-- Installing: /home/anton/helloworld_ws/install/share/moveit_resources/pr2_description/urdf/meshes/gripper_v0/gripper_palm_normals.tif
-- Installing: /home/anton/helloworld_ws/install/share/moveit_resources/pr2_description/urdf/meshes/gripper_v0/l_finger_tip_normals.tif
-- Installing: /home/anton/helloworld_ws/install/share/moveit_resources/pr2_description/urdf/meshes/gripper_v0/l_finger_normals.tif
-- Installing: /home/anton/helloworld_ws/install/share/moveit_resources/pr2_description/urdf/meshes/gripper_v0/gripper_palm.dae
-- Installing: /home/anton/helloworld_ws/install/share/moveit_resources/pr2_description/urdf/meshes/gripper_v0/finger_H_UV_100430.dae
-- Installing: /home/anton/helloworld_ws/install/share/moveit_resources/pr2_description/urdf/meshes/gripper_v0/float_H_UV_100430.dae
-- Installing: /home/anton/helloworld_ws/install/share/moveit_resources/pr2_description/urdf/meshes/gripper_v0/finger_tip_r.stl
-- Installing: /home/anton/helloworld_ws/install/share/moveit_resources/pr2_description/urdf/meshes/gripper_v0/finger_tip_l.stl
-- Installing: /home/anton/helloworld_ws/install/share/moveit_resources/pr2_description/urdf/meshes/gripper_v0/gripper_palm_color.tif
-- Installing: /home/anton/helloworld_ws/install/share/moveit_resources/pr2_description/urdf/meshes/gripper_v0/l_float_color.tif
-- Installing: /home/anton/helloworld_ws/install/share/moveit_resources/pr2_description/urdf/meshes/gripper_v0/l_floating.stl
-- Installing: /home/anton/helloworld_ws/install/share/moveit_resources/pr2_description/urdf/meshes/tilting_laser_v0
-- Installing: /home/anton/helloworld_ws/install/share/moveit_resources/pr2_description/urdf/meshes/tilting_laser_v0/tilting_hokuyo_normals.tif
-- Installing: /home/anton/helloworld_ws/install/share/moveit_resources/pr2_description/urdf/meshes/tilting_laser_v0/tilting_hokuyo.stl
-- Installing: /home/anton/helloworld_ws/install/share/moveit_resources/pr2_description/urdf/meshes/tilting_laser_v0/tilting_hokuyo_L.stl
-- Installing: /home/anton/helloworld_ws/install/share/moveit_resources/pr2_description/urdf/meshes/tilting_laser_v0/hok_tilt.stl
-- Installing: /home/anton/helloworld_ws/install/share/moveit_resources/pr2_description/urdf/meshes/tilting_laser_v0/convex
-- Installing: /home/anton/helloworld_ws/install/share/moveit_resources/pr2_description/urdf/meshes/tilting_laser_v0/convex/tilting_hokuyo_L.dae
-- Installing: /home/anton/helloworld_ws/install/share/moveit_resources/pr2_description/urdf/meshes/tilting_laser_v0/convex/tilting_hokuyo_convex.stla
-- Installing: /home/anton/helloworld_ws/install/share/moveit_resources/pr2_description/urdf/meshes/tilting_laser_v0/convex/tilting_hokuyo_L_convex.stla
-- Installing: /home/anton/helloworld_ws/install/share/moveit_resources/pr2_description/urdf/meshes/tilting_laser_v0/convex/tilting_hokuyo_convex.stlb
-- Installing: /home/anton/helloworld_ws/install/share/moveit_resources/pr2_description/urdf/meshes/tilting_laser_v0/convex/tilting_hokuyo_L.xml
-- Installing: /home/anton/helloworld_ws/install/share/moveit_resources/pr2_description/urdf/meshes/tilting_laser_v0/convex/hok_tilt_convex.stlb
-- Installing: /home/anton/helloworld_ws/install/share/moveit_resources/pr2_description/urdf/meshes/tilting_laser_v0/convex/tilting_hokuyo.xml
-- Installing: /home/anton/helloworld_ws/install/share/moveit_resources/pr2_description/urdf/meshes/tilting_laser_v0/convex/hok_tilt.xml
-- Installing: /home/anton/helloworld_ws/install/share/moveit_resources/pr2_description/urdf/meshes/tilting_laser_v0/convex/tilting_hokuyo_L_convex.stlb
-- Installing: /home/anton/helloworld_ws/install/share/moveit_resources/pr2_description/urdf/meshes/tilting_laser_v0/convex/hok_tilt.dae
-- Installing: /home/anton/helloworld_ws/install/share/moveit_resources/pr2_description/urdf/meshes/tilting_laser_v0/convex/hok_tilt_convex.stla
-- Installing: /home/anton/helloworld_ws/install/share/moveit_resources/pr2_description/urdf/meshes/tilting_laser_v0/convex/tilting_hokuyo.dae
-- Installing: /home/anton/helloworld_ws/install/share/moveit_resources/pr2_description/urdf/meshes/tilting_laser_v0/tilting_hokuyo_color.tif
-- Installing: /home/anton/helloworld_ws/install/share/moveit_resources/pr2_description/urdf/meshes/tilting_laser_v0/tilting_hokuyo.dae
-- Installing: /home/anton/helloworld_ws/install/share/moveit_resources/pr2_description/urdf/meshes/forearm_v0
-- Installing: /home/anton/helloworld_ws/install/share/moveit_resources/pr2_description/urdf/meshes/forearm_v0/wrist_roll.stl
-- Installing: /home/anton/helloworld_ws/install/share/moveit_resources/pr2_description/urdf/meshes/forearm_v0/wrist_color.tif
-- Installing: /home/anton/helloworld_ws/install/share/moveit_resources/pr2_description/urdf/meshes/forearm_v0/wrist_roll_L.stl
-- Installing: /home/anton/helloworld_ws/install/share/moveit_resources/pr2_description/urdf/meshes/forearm_v0/wrist_normals.tif
-- Installing: /home/anton/helloworld_ws/install/share/moveit_resources/pr2_description/urdf/meshes/forearm_v0/forearm_color.tif
-- Installing: /home/anton/helloworld_ws/install/share/moveit_resources/pr2_description/urdf/meshes/forearm_v0/forearm.stl
-- Installing: /home/anton/helloworld_ws/install/share/moveit_resources/pr2_description/urdf/meshes/forearm_v0/wrist_flex.dae
-- Installing: /home/anton/helloworld_ws/install/share/moveit_resources/pr2_description/urdf/meshes/forearm_v0/forearm.jpg
-- Installing: /home/anton/helloworld_ws/install/share/moveit_resources/pr2_description/urdf/meshes/forearm_v0/convex
-- Installing: /home/anton/helloworld_ws/install/share/moveit_resources/pr2_description/urdf/meshes/forearm_v0/convex/wrist_roll.dae
-- Installing: /home/anton/helloworld_ws/install/share/moveit_resources/pr2_description/urdf/meshes/forearm_v0/convex/wrist_flex_convex.stlb
-- Installing: /home/anton/helloworld_ws/install/share/moveit_resources/pr2_description/urdf/meshes/forearm_v0/convex/wrist_flex_convex.stla
-- Installing: /home/anton/helloworld_ws/install/share/moveit_resources/pr2_description/urdf/meshes/forearm_v0/convex/wrist_roll_convex.stlb
-- Installing: /home/anton/helloworld_ws/install/share/moveit_resources/pr2_description/urdf/meshes/forearm_v0/convex/forearm_convex.stlb
-- Installing: /home/anton/helloworld_ws/install/share/moveit_resources/pr2_description/urdf/meshes/forearm_v0/convex/forearm.xml
-- Installing: /home/anton/helloworld_ws/install/share/moveit_resources/pr2_description/urdf/meshes/forearm_v0/convex/wrist_roll_L_convex.stla
-- Installing: /home/anton/helloworld_ws/install/share/moveit_resources/pr2_description/urdf/meshes/forearm_v0/convex/forearm_convex.stla
-- Installing: /home/anton/helloworld_ws/install/share/moveit_resources/pr2_description/urdf/meshes/forearm_v0/convex/wrist_flex.xml
-- Installing: /home/anton/helloworld_ws/install/share/moveit_resources/pr2_description/urdf/meshes/forearm_v0/convex/wrist_flex.dae
-- Installing: /home/anton/helloworld_ws/install/share/moveit_resources/pr2_description/urdf/meshes/forearm_v0/convex/wrist_roll_convex.stla
-- Installing: /home/anton/helloworld_ws/install/share/moveit_resources/pr2_description/urdf/meshes/forearm_v0/convex/forearm.dae
-- Installing: /home/anton/helloworld_ws/install/share/moveit_resources/pr2_description/urdf/meshes/forearm_v0/convex/wrist_roll.xml
-- Installing: /home/anton/helloworld_ws/install/share/moveit_resources/pr2_description/urdf/meshes/forearm_v0/convex/wrist_roll_L.dae
-- Installing: /home/anton/helloworld_ws/install/share/moveit_resources/pr2_description/urdf/meshes/forearm_v0/convex/wrist_roll_L_convex.stlb
-- Installing: /home/anton/helloworld_ws/install/share/moveit_resources/pr2_description/urdf/meshes/forearm_v0/convex/wrist_roll_L.xml
-- Installing: /home/anton/helloworld_ws/install/share/moveit_resources/pr2_description/urdf/meshes/forearm_v0/forearm.dae
-- Installing: /home/anton/helloworld_ws/install/share/moveit_resources/pr2_description/urdf/meshes/forearm_v0/forearm_normals.tif
-- Installing: /home/anton/helloworld_ws/install/share/moveit_resources/pr2_description/urdf/meshes/forearm_v0/wrist_flex.stl
-- Installing: /home/anton/helloworld_ws/install/share/moveit_resources/pr2_description/urdf/meshes/shoulder_v0
-- Installing: /home/anton/helloworld_ws/install/share/moveit_resources/pr2_description/urdf/meshes/shoulder_v0/shoulder_pan.stl
-- Installing: /home/anton/helloworld_ws/install/share/moveit_resources/pr2_description/urdf/meshes/shoulder_v0/upper_arm_roll.dae
-- Installing: /home/anton/helloworld_ws/install/share/moveit_resources/pr2_description/urdf/meshes/shoulder_v0/shoulder_pan.dae
-- Installing: /home/anton/helloworld_ws/install/share/moveit_resources/pr2_description/urdf/meshes/shoulder_v0/upper_arm_roll_color.tif
-- Installing: /home/anton/helloworld_ws/install/share/moveit_resources/pr2_description/urdf/meshes/shoulder_v0/shoulder_yaw.stl
-- Installing: /home/anton/helloworld_ws/install/share/moveit_resources/pr2_description/urdf/meshes/shoulder_v0/upper_arm_roll_normals.tif
-- Installing: /home/anton/helloworld_ws/install/share/moveit_resources/pr2_description/urdf/meshes/shoulder_v0/shoulder_pan_normals.tif
-- Installing: /home/anton/helloworld_ws/install/share/moveit_resources/pr2_description/urdf/meshes/shoulder_v0/upper_arm_roll.stl
-- Installing: /home/anton/helloworld_ws/install/share/moveit_resources/pr2_description/urdf/meshes/shoulder_v0/shoulder_lift_normals.tif
-- Installing: /home/anton/helloworld_ws/install/share/moveit_resources/pr2_description/urdf/meshes/shoulder_v0/shoulder_lift_color.tif
-- Installing: /home/anton/helloworld_ws/install/share/moveit_resources/pr2_description/urdf/meshes/shoulder_v0/shoulder_lift.stl
-- Installing: /home/anton/helloworld_ws/install/share/moveit_resources/pr2_description/urdf/meshes/shoulder_v0/shoulder_lift.dae
-- Installing: /home/anton/helloworld_ws/install/share/moveit_resources/pr2_description/urdf/meshes/shoulder_v0/convex
-- Installing: /home/anton/helloworld_ws/install/share/moveit_resources/pr2_description/urdf/meshes/shoulder_v0/convex/shoulder_lift.xml
-- Installing: /home/anton/helloworld_ws/install/share/moveit_resources/pr2_description/urdf/meshes/shoulder_v0/convex/upper_arm_roll.dae
-- Installing: /home/anton/helloworld_ws/install/share/moveit_resources/pr2_description/urdf/meshes/shoulder_v0/convex/shoulder_yaw_convex.stla
-- Installing: /home/anton/helloworld_ws/install/share/moveit_resources/pr2_description/urdf/meshes/shoulder_v0/convex/shoulder_pan.dae
-- Installing: /home/anton/helloworld_ws/install/share/moveit_resources/pr2_description/urdf/meshes/shoulder_v0/convex/shoulder_yaw.dae
-- Installing: /home/anton/helloworld_ws/install/share/moveit_resources/pr2_description/urdf/meshes/shoulder_v0/convex/upper_arm_roll_convex.stlb
-- Installing: /home/anton/helloworld_ws/install/share/moveit_resources/pr2_description/urdf/meshes/shoulder_v0/convex/upper_arm_roll_L_convex.stla
-- Installing: /home/anton/helloworld_ws/install/share/moveit_resources/pr2_description/urdf/meshes/shoulder_v0/convex/upper_arm_roll_L.dae
-- Installing: /home/anton/helloworld_ws/install/share/moveit_resources/pr2_description/urdf/meshes/shoulder_v0/convex/upper_arm_roll.xml
-- Installing: /home/anton/helloworld_ws/install/share/moveit_resources/pr2_description/urdf/meshes/shoulder_v0/convex/shoulder_lift_convex.stlb
-- Installing: /home/anton/helloworld_ws/install/share/moveit_resources/pr2_description/urdf/meshes/shoulder_v0/convex/shoulder_lift.dae
-- Installing: /home/anton/helloworld_ws/install/share/moveit_resources/pr2_description/urdf/meshes/shoulder_v0/convex/upper_arm_roll_L.xml
-- Installing: /home/anton/helloworld_ws/install/share/moveit_resources/pr2_description/urdf/meshes/shoulder_v0/convex/shoulder_pan_convex.stla
-- Installing: /home/anton/helloworld_ws/install/share/moveit_resources/pr2_description/urdf/meshes/shoulder_v0/convex/upper_arm_roll_convex.stla
-- Installing: /home/anton/helloworld_ws/install/share/moveit_resources/pr2_description/urdf/meshes/shoulder_v0/convex/shoulder_lift_convex.stla
-- Installing: /home/anton/helloworld_ws/install/share/moveit_resources/pr2_description/urdf/meshes/shoulder_v0/convex/shoulder_yaw.xml
-- Installing: /home/anton/helloworld_ws/install/share/moveit_resources/pr2_description/urdf/meshes/shoulder_v0/convex/shoulder_pan.xml
-- Installing: /home/anton/helloworld_ws/install/share/moveit_resources/pr2_description/urdf/meshes/shoulder_v0/convex/shoulder_pan_convex.stlb
-- Installing: /home/anton/helloworld_ws/install/share/moveit_resources/pr2_description/urdf/meshes/shoulder_v0/convex/shoulder_yaw_convex.stlb
-- Installing: /home/anton/helloworld_ws/install/share/moveit_resources/pr2_description/urdf/meshes/shoulder_v0/convex/upper_arm_roll_L_convex.stlb
-- Installing: /home/anton/helloworld_ws/install/share/moveit_resources/pr2_description/urdf/meshes/shoulder_v0/shoulder_pan_color.tif
-- Installing: /home/anton/helloworld_ws/install/share/moveit_resources/pr2_description/urdf/meshes/shoulder_v0/upper_arm_roll_L.stl
-- Installing: /home/anton/helloworld_ws/install/share/moveit_resources/pr2_description/urdf/meshes/base_v0
-- Installing: /home/anton/helloworld_ws/install/share/moveit_resources/pr2_description/urdf/meshes/base_v0/wheel_h.dae
-- Installing: /home/anton/helloworld_ws/install/share/moveit_resources/pr2_description/urdf/meshes/base_v0/base_L.stl
-- Installing: /home/anton/helloworld_ws/install/share/moveit_resources/pr2_description/urdf/meshes/base_v0/caster_L.stl
-- Installing: /home/anton/helloworld_ws/install/share/moveit_resources/pr2_description/urdf/meshes/base_v0/caster.stl
-- Installing: /home/anton/helloworld_ws/install/share/moveit_resources/pr2_description/urdf/meshes/base_v0/wheel.dae
-- Installing: /home/anton/helloworld_ws/install/share/moveit_resources/pr2_description/urdf/meshes/base_v0/wheel_normals.tif
-- Installing: /home/anton/helloworld_ws/install/share/moveit_resources/pr2_description/urdf/meshes/base_v0/pr2_wheel.stl
-- Installing: /home/anton/helloworld_ws/install/share/moveit_resources/pr2_description/urdf/meshes/base_v0/base.dae
-- Installing: /home/anton/helloworld_ws/install/share/moveit_resources/pr2_description/urdf/meshes/base_v0/convex
-- Installing: /home/anton/helloworld_ws/install/share/moveit_resources/pr2_description/urdf/meshes/base_v0/convex/base_convex.stla
-- Installing: /home/anton/helloworld_ws/install/share/moveit_resources/pr2_description/urdf/meshes/base_v0/convex/caster_L_convex.stlb
-- Installing: /home/anton/helloworld_ws/install/share/moveit_resources/pr2_description/urdf/meshes/base_v0/convex/base_L.dae
-- Installing: /home/anton/helloworld_ws/install/share/moveit_resources/pr2_description/urdf/meshes/base_v0/convex/base.xml
-- Installing: /home/anton/helloworld_ws/install/share/moveit_resources/pr2_description/urdf/meshes/base_v0/convex/caster_L_convex.stla
-- Installing: /home/anton/helloworld_ws/install/share/moveit_resources/pr2_description/urdf/meshes/base_v0/convex/wheel_convex.stlb
-- Installing: /home/anton/helloworld_ws/install/share/moveit_resources/pr2_description/urdf/meshes/base_v0/convex/wheel.dae
-- Installing: /home/anton/helloworld_ws/install/share/moveit_resources/pr2_description/urdf/meshes/base_v0/convex/caster_convex.stlb
-- Installing: /home/anton/helloworld_ws/install/share/moveit_resources/pr2_description/urdf/meshes/base_v0/convex/wheel_convex.stla
-- Installing: /home/anton/helloworld_ws/install/share/moveit_resources/pr2_description/urdf/meshes/base_v0/convex/wheel.xml
-- Installing: /home/anton/helloworld_ws/install/share/moveit_resources/pr2_description/urdf/meshes/base_v0/convex/base_convex.stlb
-- Installing: /home/anton/helloworld_ws/install/share/moveit_resources/pr2_description/urdf/meshes/base_v0/convex/base.dae
-- Installing: /home/anton/helloworld_ws/install/share/moveit_resources/pr2_description/urdf/meshes/base_v0/convex/caster.dae
-- Installing: /home/anton/helloworld_ws/install/share/moveit_resources/pr2_description/urdf/meshes/base_v0/convex/pr2_wheel.dae
-- Installing: /home/anton/helloworld_ws/install/share/moveit_resources/pr2_description/urdf/meshes/base_v0/convex/pr2_wheel.xml
-- Installing: /home/anton/helloworld_ws/install/share/moveit_resources/pr2_description/urdf/meshes/base_v0/convex/pr2_wheel_convex.stla
-- Installing: /home/anton/helloworld_ws/install/share/moveit_resources/pr2_description/urdf/meshes/base_v0/convex/caster_L.xml
-- Installing: /home/anton/helloworld_ws/install/share/moveit_resources/pr2_description/urdf/meshes/base_v0/convex/caster_convex.stla
-- Installing: /home/anton/helloworld_ws/install/share/moveit_resources/pr2_description/urdf/meshes/base_v0/convex/base_L.xml
-- Installing: /home/anton/helloworld_ws/install/share/moveit_resources/pr2_description/urdf/meshes/base_v0/convex/pr2_wheel_convex.stlb
-- Installing: /home/anton/helloworld_ws/install/share/moveit_resources/pr2_description/urdf/meshes/base_v0/convex/caster.xml
-- Installing: /home/anton/helloworld_ws/install/share/moveit_resources/pr2_description/urdf/meshes/base_v0/convex/base_L_convex.stlb
-- Installing: /home/anton/helloworld_ws/install/share/moveit_resources/pr2_description/urdf/meshes/base_v0/convex/base_L_convex.stla
-- Installing: /home/anton/helloworld_ws/install/share/moveit_resources/pr2_description/urdf/meshes/base_v0/convex/caster_L.dae
-- Installing: /home/anton/helloworld_ws/install/share/moveit_resources/pr2_description/urdf/meshes/base_v0/base_normals.tif
-- Installing: /home/anton/helloworld_ws/install/share/moveit_resources/pr2_description/urdf/meshes/base_v0/base_color.tif
-- Installing: /home/anton/helloworld_ws/install/share/moveit_resources/pr2_description/urdf/meshes/base_v0/wheel_color.tif
-- Installing: /home/anton/helloworld_ws/install/share/moveit_resources/pr2_description/urdf/meshes/base_v0/base.stl
-- Installing: /home/anton/helloworld_ws/install/share/moveit_resources/pr2_description/urdf/meshes/base_v0/wheel_h_color.tif
-- Installing: /home/anton/helloworld_ws/install/share/moveit_resources/pr2_description/urdf/meshes/base_v0/wheel.stl
-- Installing: /home/anton/helloworld_ws/install/share/moveit_resources/pr2_description/urdf/meshes/sensors
-- Installing: /home/anton/helloworld_ws/install/share/moveit_resources/pr2_description/urdf/meshes/sensors/kinect_v0
-- Installing: /home/anton/helloworld_ws/install/share/moveit_resources/pr2_description/urdf/meshes/sensors/kinect_v0/kinect_mount.stl
-- Installing: /home/anton/helloworld_ws/install/share/moveit_resources/pr2_description/urdf/meshes/sensors/kinect_v0/kinect_color.tga
-- Installing: /home/anton/helloworld_ws/install/share/moveit_resources/pr2_description/urdf/meshes/sensors/kinect_v0/kinect.dae
-- Installing: /home/anton/helloworld_ws/install/share/moveit_resources/pr2_description/urdf/meshes/sensors/kinect_v0/kinect.tga
-- Installing: /home/anton/helloworld_ws/install/share/moveit_resources/pr2_description/urdf/meshes/sensors/kinect_prosilica_v0
-- Installing: /home/anton/helloworld_ws/install/share/moveit_resources/pr2_description/urdf/meshes/sensors/kinect_prosilica_v0/68-04546_Kinect_Sensor--coarse.STL
-- Installing: /home/anton/helloworld_ws/install/share/moveit_resources/pr2_description/urdf/meshes/sensors/kinect_prosilica_v0/115x100_swept_fwd_no_sensors--coarse.STL
-- Installing: /home/anton/helloworld_ws/install/share/moveit_resources/pr2_description/urdf/meshes/sensors/kinect_prosilica_v0/115x100_swept_back_no_sensors--coarse.STL
-- Installing: /home/anton/helloworld_ws/install/share/moveit_resources/pr2_description/urdf/meshes/sensors/kinect_prosilica_v0/115x100_swept_back--coarse.STL
-- Installing: /home/anton/helloworld_ws/install/share/moveit_resources/pr2_description/urdf/meshes/sensors/kinect_prosilica_v0/115x100_swept_fwd--coarse.STL
-- Installing: /home/anton/helloworld_ws/install/share/moveit_resources/pr2_description/urdf/meshes/sensors/kinect_prosilica_v0/Prosilica_w_Lens--coarse.STL
-- Installing: /home/anton/helloworld_ws/install/share/moveit_resources/pr2_description/urdf/materials
-- Installing: /home/anton/helloworld_ws/install/share/moveit_resources/pr2_description/urdf/materials/textures
-- Installing: /home/anton/helloworld_ws/install/share/moveit_resources/pr2_description/urdf/materials/textures/pr2_wheel_left.png
-- Installing: /home/anton/helloworld_ws/install/share/moveit_resources/pr2_description/urdf/materials/textures/pr2_caster_texture.png
-- Installing: /home/anton/helloworld_ws/install/share/moveit_resources/pr2_description/urdf/materials/textures/pr2_wheel_right.png
-- Installing: /home/anton/helloworld_ws/install/share/moveit_resources/pr2_description/srdf
-- Installing: /home/anton/helloworld_ws/install/share/moveit_resources/pr2_description/srdf/robot.xml
-- Installing: /home/anton/helloworld_ws/install/share/moveit_resources/pr2_description/kinect.dae
-- Installing: /home/anton/helloworld_ws/install/share/moveit_resources/fanuc_description
-- Installing: /home/anton/helloworld_ws/install/share/moveit_resources/fanuc_description/urdf
-- Installing: /home/anton/helloworld_ws/install/share/moveit_resources/fanuc_description/urdf/fanuc.urdf
-- Installing: /home/anton/helloworld_ws/install/share/moveit_resources/fanuc_description/LICENSE
-- Installing: /home/anton/helloworld_ws/install/share/moveit_resources/fanuc_description/meshes
-- Installing: /home/anton/helloworld_ws/install/share/moveit_resources/fanuc_description/meshes/visual
-- Installing: /home/anton/helloworld_ws/install/share/moveit_resources/fanuc_description/meshes/visual/base_link.stl
-- Installing: /home/anton/helloworld_ws/install/share/moveit_resources/fanuc_description/meshes/visual/link_5.stl
-- Installing: /home/anton/helloworld_ws/install/share/moveit_resources/fanuc_description/meshes/visual/link_4.stl
-- Installing: /home/anton/helloworld_ws/install/share/moveit_resources/fanuc_description/meshes/visual/link_2.stl
-- Installing: /home/anton/helloworld_ws/install/share/moveit_resources/fanuc_description/meshes/visual/link_3.stl
-- Installing: /home/anton/helloworld_ws/install/share/moveit_resources/fanuc_description/meshes/visual/link_6.stl
-- Installing: /home/anton/helloworld_ws/install/share/moveit_resources/fanuc_description/meshes/visual/link_1.stl
-- Installing: /home/anton/helloworld_ws/install/share/moveit_resources/fanuc_description/meshes/collision
-- Installing: /home/anton/helloworld_ws/install/share/moveit_resources/fanuc_description/meshes/collision/base_link.stl
-- Installing: /home/anton/helloworld_ws/install/share/moveit_resources/fanuc_description/meshes/collision/link_5.stl
-- Installing: /home/anton/helloworld_ws/install/share/moveit_resources/fanuc_description/meshes/collision/link_4.stl
-- Installing: /home/anton/helloworld_ws/install/share/moveit_resources/fanuc_description/meshes/collision/link_2.stl
-- Installing: /home/anton/helloworld_ws/install/share/moveit_resources/fanuc_description/meshes/collision/link_3.stl
-- Installing: /home/anton/helloworld_ws/install/share/moveit_resources/fanuc_description/meshes/collision/link_6.stl
-- Installing: /home/anton/helloworld_ws/install/share/moveit_resources/fanuc_description/meshes/collision/link_1.stl
-- Installing: /home/anton/helloworld_ws/install/share/moveit_resources/fanuc_description/README.md
-- Installing: /home/anton/helloworld_ws/install/include/moveit_resources/config.h
-- Installing: /home/anton/helloworld_ws/install/share/moveit_resources/fanuc_moveit_config
-- Installing: /home/anton/helloworld_ws/install/share/moveit_resources/fanuc_moveit_config/launch
-- Installing: /home/anton/helloworld_ws/install/share/moveit_resources/fanuc_moveit_config/launch/default_warehouse_db.launch
-- Installing: /home/anton/helloworld_ws/install/share/moveit_resources/fanuc_moveit_config/launch/move_group.launch
-- Installing: /home/anton/helloworld_ws/install/share/moveit_resources/fanuc_moveit_config/launch/fake_moveit_controller_manager.launch.xml
-- Installing: /home/anton/helloworld_ws/install/share/moveit_resources/fanuc_moveit_config/launch/warehouse_settings.launch.xml
-- Installing: /home/anton/helloworld_ws/install/share/moveit_resources/fanuc_moveit_config/launch/fanuc_moveit_controller_manager.launch.xml
-- Installing: /home/anton/helloworld_ws/install/share/moveit_resources/fanuc_moveit_config/launch/sensor_manager.launch.xml
-- Installing: /home/anton/helloworld_ws/install/share/moveit_resources/fanuc_moveit_config/launch/moveit_rviz.launch
-- Installing: /home/anton/helloworld_ws/install/share/moveit_resources/fanuc_moveit_config/launch/planning_pipeline.launch.xml
-- Installing: /home/anton/helloworld_ws/install/share/moveit_resources/fanuc_moveit_config/launch/planning_context.launch
-- Installing: /home/anton/helloworld_ws/install/share/moveit_resources/fanuc_moveit_config/launch/run_benchmark_ompl.launch
-- Installing: /home/anton/helloworld_ws/install/share/moveit_resources/fanuc_moveit_config/launch/chomp_planning_pipeline.launch.xml
-- Installing: /home/anton/helloworld_ws/install/share/moveit_resources/fanuc_moveit_config/launch/demo_chomp.launch
-- Installing: /home/anton/helloworld_ws/install/share/moveit_resources/fanuc_moveit_config/launch/warehouse.launch
-- Installing: /home/anton/helloworld_ws/install/share/moveit_resources/fanuc_moveit_config/launch/ompl_planning_pipeline.launch.xml
-- Installing: /home/anton/helloworld_ws/install/share/moveit_resources/fanuc_moveit_config/launch/fanuc_moveit_sensor_manager.launch.xml
-- Installing: /home/anton/helloworld_ws/install/share/moveit_resources/fanuc_moveit_config/launch/demo.launch
-- Installing: /home/anton/helloworld_ws/install/share/moveit_resources/fanuc_moveit_config/launch/test_environment.launch
-- Installing: /home/anton/helloworld_ws/install/share/moveit_resources/fanuc_moveit_config/launch/joystick_control.launch
-- Installing: /home/anton/helloworld_ws/install/share/moveit_resources/fanuc_moveit_config/launch/trajectory_execution.launch.xml
-- Installing: /home/anton/helloworld_ws/install/share/moveit_resources/fanuc_moveit_config/launch/moveit.rviz
-- Installing: /home/anton/helloworld_ws/install/share/moveit_resources/fanuc_moveit_config/LICENSE
-- Installing: /home/anton/helloworld_ws/install/share/moveit_resources/fanuc_moveit_config/config
-- Installing: /home/anton/helloworld_ws/install/share/moveit_resources/fanuc_moveit_config/config/chomp_planning.yaml
-- Installing: /home/anton/helloworld_ws/install/share/moveit_resources/fanuc_moveit_config/config/joint_limits.yaml
-- Installing: /home/anton/helloworld_ws/install/share/moveit_resources/fanuc_moveit_config/config/kinematics.yaml
-- Installing: /home/anton/helloworld_ws/install/share/moveit_resources/fanuc_moveit_config/config/controllers.yaml
-- Installing: /home/anton/helloworld_ws/install/share/moveit_resources/fanuc_moveit_config/config/fake_controllers.yaml
-- Installing: /home/anton/helloworld_ws/install/share/moveit_resources/fanuc_moveit_config/config/ompl_planning.yaml
-- Installing: /home/anton/helloworld_ws/install/share/moveit_resources/fanuc_moveit_config/config/fanuc.srdf
-- Installing: /home/anton/helloworld_ws/install/share/moveit_resources/fanuc_moveit_config/README.md
