Symlinking /home/anton/helloworld_ws/devel/include/moveit_resources/config.h
Symlinking /home/anton/helloworld_ws/devel/include/moveit_resources/.config_install.h
Symlinking /home/anton/helloworld_ws/devel/lib/pkgconfig/moveit_resources.pc
Symlinking /home/anton/helloworld_ws/devel/share/moveit_resources/cmake/moveit_resourcesConfig-version.cmake
Symlinking /home/anton/helloworld_ws/devel/share/moveit_resources/cmake/moveit_resourcesConfig.cmake
Cleaning: (/home/ros/helloworld_ws/devel/.private/moveit_resources/share/moveit_resources/cmake/moveit_resourcesConfig-version.cmake, /home/ros/helloworld_ws/devel/share/moveit_resources/cmake/moveit_resourcesConfig-version.cmake)
Cleaning: (/home/ros/helloworld_ws/devel/.private/moveit_resources/share/moveit_resources/cmake/moveit_resourcesConfig.cmake, /home/ros/helloworld_ws/devel/share/moveit_resources/cmake/moveit_resourcesConfig.cmake)
Cleaning: (/home/ros/helloworld_ws/devel/.private/moveit_resources/include/moveit_resources/.config_install.h, /home/ros/helloworld_ws/devel/include/moveit_resources/.config_install.h)
Cleaning: (/home/ros/helloworld_ws/devel/.private/moveit_resources/include/moveit_resources/config.h, /home/ros/helloworld_ws/devel/include/moveit_resources/config.h)
Cleaning: (/home/ros/helloworld_ws/devel/.private/moveit_resources/lib/pkgconfig/moveit_resources.pc, /home/ros/helloworld_ws/devel/lib/pkgconfig/moveit_resources.pc)
Unlinking: /home/ros/helloworld_ws/devel/share/moveit_resources/cmake/moveit_resourcesConfig-version.cmake
Already unlinked: {}
Unlinking: /home/ros/helloworld_ws/devel/share/moveit_resources/cmake/moveit_resourcesConfig.cmake
Already unlinked: {}
Unlinking: /home/ros/helloworld_ws/devel/include/moveit_resources/.config_install.h
Already unlinked: {}
Unlinking: /home/ros/helloworld_ws/devel/include/moveit_resources/config.h
Already unlinked: {}
Unlinking: /home/ros/helloworld_ws/devel/lib/pkgconfig/moveit_resources.pc
Already unlinked: {}
