[  0%] Built target std_msgs_generate_messages_lisp
[  0%] Built target _catkin_empty_exported_target
[  0%] Built target visualization_msgs_generate_messages_eus
[  0%] Built target actionlib_msgs_generate_messages_nodejs
[  0%] Built target moveit_msgs_generate_messages_py
[  0%] Built target moveit_msgs_generate_messages_eus
[  0%] Built target roscpp_generate_messages_py
[  0%] Built target roscpp_generate_messages_eus
[  0%] Built target visualization_msgs_generate_messages_lisp
[  0%] Built target std_msgs_generate_messages_nodejs
[  0%] Built target visualization_msgs_generate_messages_cpp
[  0%] Built target geometry_msgs_generate_messages_cpp
[  0%] Built target trajectory_msgs_generate_messages_cpp
[  0%] Built target octomap_msgs_generate_messages_nodejs
[  0%] Built target rosgraph_msgs_generate_messages_cpp
[  0%] Built target object_recognition_msgs_generate_messages_lisp
[  0%] Built target actionlib_msgs_generate_messages_cpp
[  0%] Built target sensor_msgs_generate_messages_eus
[  0%] Built target shape_msgs_generate_messages_lisp
[  0%] Built target tf_generate_messages_lisp
[  0%] Built target moveit_msgs_generate_messages_nodejs
[  0%] Built target roscpp_generate_messages_cpp
[  0%] Built target tf2_msgs_generate_messages_py
[  0%] Built target moveit_msgs_generate_messages_lisp
[  0%] Built target rosgraph_msgs_generate_messages_eus
[  0%] Built target std_msgs_generate_messages_py
[  0%] Built target moveit_msgs_generate_messages_cpp
[  0%] Built target rosgraph_msgs_generate_messages_nodejs
[  0%] Built target rosgraph_msgs_generate_messages_lisp
[  0%] Built target shape_msgs_generate_messages_cpp
[  0%] Built target std_srvs_generate_messages_nodejs
[  0%] Built target sensor_msgs_generate_messages_lisp
[  0%] Built target geometry_msgs_generate_messages_py
[  0%] Built target geometry_msgs_generate_messages_lisp
[  0%] Built target object_recognition_msgs_generate_messages_py
[  0%] Built target std_srvs_generate_messages_lisp
[  0%] Built target actionlib_msgs_generate_messages_lisp
[  0%] Built target actionlib_msgs_generate_messages_eus
[  0%] Built target actionlib_generate_messages_lisp
[  0%] Built target std_srvs_generate_messages_eus
[  0%] Built target tf_generate_messages_cpp
[  0%] Built target roscpp_generate_messages_lisp
[  0%] Built target tf_generate_messages_nodejs
[  0%] Built target std_srvs_generate_messages_py
[  0%] Built target actionlib_msgs_generate_messages_py
[  0%] Built target shape_msgs_generate_messages_nodejs
[  0%] Built target visualization_msgs_generate_messages_py
[  0%] Built target geometry_msgs_generate_messages_eus
[  0%] Built target geometry_msgs_generate_messages_nodejs
[  0%] Built target shape_msgs_generate_messages_py
[  0%] Built target sensor_msgs_generate_messages_cpp
[  0%] Built target std_msgs_generate_messages_cpp
[  0%] Built target sensor_msgs_generate_messages_nodejs
[  0%] Built target roscpp_generate_messages_nodejs
[  0%] Built target sensor_msgs_generate_messages_py
[  0%] Built target rosgraph_msgs_generate_messages_py
[  0%] Built target actionlib_generate_messages_cpp
[  0%] Built target trajectory_msgs_generate_messages_eus
[  0%] Built target trajectory_msgs_generate_messages_lisp
[  0%] Built target trajectory_msgs_generate_messages_nodejs
[  0%] Built target trajectory_msgs_generate_messages_py
[  0%] Built target actionlib_generate_messages_nodejs
[  0%] Built target object_recognition_msgs_generate_messages_cpp
[  0%] Built target octomap_msgs_generate_messages_eus
[  0%] Built target object_recognition_msgs_generate_messages_eus
[  0%] Built target object_recognition_msgs_generate_messages_nodejs
[  0%] Built target tf_generate_messages_py
[  0%] Built target octomap_msgs_generate_messages_cpp
[  0%] Built target octomap_msgs_generate_messages_lisp
[  0%] Built target octomap_msgs_generate_messages_py
[  0%] Built target shape_msgs_generate_messages_eus
[  0%] Built target moveit_ros_planning_gencfg
[  0%] Built target std_msgs_generate_messages_eus
[  0%] Built target actionlib_generate_messages_eus
[  0%] Built target actionlib_generate_messages_py
[  0%] Built target std_srvs_generate_messages_cpp
[  0%] Built target tf_generate_messages_eus
[  0%] Built target tf2_msgs_generate_messages_cpp
[  0%] Built target tf2_msgs_generate_messages_eus
[  0%] Built target tf2_msgs_generate_messages_lisp
[  0%] Built target tf2_msgs_generate_messages_nodejs
[  0%] Built target visualization_msgs_generate_messages_nodejs
[ 15%] Built target moveit_move_group_capabilities_base
[ 26%] Built target move_group
[ 36%] Built target list_move_group_capabilities
[100%] Built target moveit_move_group_default_capabilities
[36mInstall the project...[0m
-- Install configuration: "Release"
-- Installing: /home/anton/helloworld_ws/install/_setup_util.py
-- Installing: /home/anton/helloworld_ws/install/env.sh
-- Installing: /home/anton/helloworld_ws/install/setup.bash
-- Installing: /home/anton/helloworld_ws/install/setup.sh
-- Installing: /home/anton/helloworld_ws/install/setup.zsh
-- Installing: /home/anton/helloworld_ws/install/.rosinstall
-- Installing: /home/anton/helloworld_ws/install/lib/pkgconfig/moveit_ros_move_group.pc
-- Installing: /home/anton/helloworld_ws/install/share/moveit_ros_move_group/cmake/moveit_ros_move_groupConfig.cmake
-- Installing: /home/anton/helloworld_ws/install/share/moveit_ros_move_group/cmake/moveit_ros_move_groupConfig-version.cmake
-- Installing: /home/anton/helloworld_ws/install/share/moveit_ros_move_group/package.xml
-- Installing: /home/anton/helloworld_ws/install/lib/moveit_ros_move_group/move_group
-- Set runtime path of "/home/anton/helloworld_ws/install/lib/moveit_ros_move_group/move_group" to ""
-- Installing: /home/anton/helloworld_ws/install/lib/moveit_ros_move_group/list_move_group_capabilities
-- Set runtime path of "/home/anton/helloworld_ws/install/lib/moveit_ros_move_group/list_move_group_capabilities" to ""
-- Installing: /home/anton/helloworld_ws/install/lib/libmoveit_move_group_capabilities_base.so.0.9.11
-- Installing: /home/anton/helloworld_ws/install/lib/libmoveit_move_group_capabilities_base.so
-- Set runtime path of "/home/anton/helloworld_ws/install/lib/libmoveit_move_group_capabilities_base.so.0.9.11" to ""
-- Installing: /home/anton/helloworld_ws/install/lib/libmoveit_move_group_default_capabilities.so.0.9.11
-- Installing: /home/anton/helloworld_ws/install/lib/libmoveit_move_group_default_capabilities.so
-- Set runtime path of "/home/anton/helloworld_ws/install/lib/libmoveit_move_group_default_capabilities.so.0.9.11" to ""
-- Up-to-date: /home/anton/helloworld_ws/install/include
-- Up-to-date: /home/anton/helloworld_ws/install/include/moveit
-- Installing: /home/anton/helloworld_ws/install/include/moveit/move_group
-- Installing: /home/anton/helloworld_ws/install/include/moveit/move_group/capability_names.h
-- Installing: /home/anton/helloworld_ws/install/include/moveit/move_group/move_group_context.h
-- Installing: /home/anton/helloworld_ws/install/include/moveit/move_group/move_group_capability.h
-- Installing: /home/anton/helloworld_ws/install/include/moveit/move_group/node_name.h
-- Installing: /home/anton/helloworld_ws/install/lib/moveit_ros_move_group/load_map
-- Installing: /home/anton/helloworld_ws/install/lib/moveit_ros_move_group/save_map
-- Installing: /home/anton/helloworld_ws/install/share/moveit_ros_move_group/default_capabilities_plugin_description.xml
