[ 40%] Built target moveit_warehouse
[ 50%] Built target moveit_init_demo_warehouse
[ 60%] Built target moveit_warehouse_broadcast
[ 70%] Built target moveit_warehouse_import_from_text
[ 80%] Built target moveit_warehouse_save_as_text
[ 90%] Built target moveit_save_to_warehouse
[100%] Built target moveit_warehouse_services
[36mInstall the project...[0m
-- Install configuration: "Release"
-- Up-to-date: /home/anton/helloworld_ws/install/_setup_util.py
-- Up-to-date: /home/anton/helloworld_ws/install/env.sh
-- Up-to-date: /home/anton/helloworld_ws/install/setup.bash
-- Up-to-date: /home/anton/helloworld_ws/install/setup.sh
-- Up-to-date: /home/anton/helloworld_ws/install/setup.zsh
-- Up-to-date: /home/anton/helloworld_ws/install/.rosinstall
-- Installing: /home/anton/helloworld_ws/install/lib/pkgconfig/moveit_ros_warehouse.pc
-- Installing: /home/anton/helloworld_ws/install/share/moveit_ros_warehouse/cmake/moveit_ros_warehouseConfig.cmake
-- Installing: /home/anton/helloworld_ws/install/share/moveit_ros_warehouse/cmake/moveit_ros_warehouseConfig-version.cmake
-- Installing: /home/anton/helloworld_ws/install/share/moveit_ros_warehouse/package.xml
-- Installing: /home/anton/helloworld_ws/install/lib/libmoveit_warehouse.so.0.9.11
-- Up-to-date: /home/anton/helloworld_ws/install/lib/libmoveit_warehouse.so
-- Set runtime path of "/home/anton/helloworld_ws/install/lib/libmoveit_warehouse.so.0.9.11" to ""
-- Installing: /home/anton/helloworld_ws/install/lib/moveit_ros_warehouse/moveit_save_to_warehouse
-- Set runtime path of "/home/anton/helloworld_ws/install/lib/moveit_ros_warehouse/moveit_save_to_warehouse" to ""
-- Installing: /home/anton/helloworld_ws/install/lib/moveit_ros_warehouse/moveit_warehouse_broadcast
-- Set runtime path of "/home/anton/helloworld_ws/install/lib/moveit_ros_warehouse/moveit_warehouse_broadcast" to ""
-- Installing: /home/anton/helloworld_ws/install/lib/moveit_ros_warehouse/moveit_warehouse_import_from_text
-- Set runtime path of "/home/anton/helloworld_ws/install/lib/moveit_ros_warehouse/moveit_warehouse_import_from_text" to ""
-- Installing: /home/anton/helloworld_ws/install/lib/moveit_ros_warehouse/moveit_warehouse_save_as_text
-- Set runtime path of "/home/anton/helloworld_ws/install/lib/moveit_ros_warehouse/moveit_warehouse_save_as_text" to ""
-- Installing: /home/anton/helloworld_ws/install/lib/moveit_ros_warehouse/moveit_init_demo_warehouse
-- Set runtime path of "/home/anton/helloworld_ws/install/lib/moveit_ros_warehouse/moveit_init_demo_warehouse" to ""
-- Installing: /home/anton/helloworld_ws/install/lib/moveit_ros_warehouse/moveit_warehouse_services
-- Set runtime path of "/home/anton/helloworld_ws/install/lib/moveit_ros_warehouse/moveit_warehouse_services" to ""
-- Up-to-date: /home/anton/helloworld_ws/install/include
-- Up-to-date: /home/anton/helloworld_ws/install/include/moveit
-- Up-to-date: /home/anton/helloworld_ws/install/include/moveit/warehouse
-- Installing: /home/anton/helloworld_ws/install/include/moveit/warehouse/planning_scene_storage.h
-- Installing: /home/anton/helloworld_ws/install/include/moveit/warehouse/moveit_message_storage.h
-- Installing: /home/anton/helloworld_ws/install/include/moveit/warehouse/constraints_storage.h
-- Installing: /home/anton/helloworld_ws/install/include/moveit/warehouse/planning_scene_world_storage.h
-- Installing: /home/anton/helloworld_ws/install/include/moveit/warehouse/trajectory_constraints_storage.h
-- Installing: /home/anton/helloworld_ws/install/include/moveit/warehouse/state_storage.h
-- Installing: /home/anton/helloworld_ws/install/include/moveit/warehouse/warehouse_connector.h
