[  1%] [34m[1mAutomatic moc for target moveit_rviz_plugin_render_tools[0m
[  1%] Built target moveit_rviz_plugin_render_tools_automoc
[ 19%] Built target moveit_rviz_plugin_render_tools
[ 21%] [34m[1mAutomatic moc for target moveit_robot_state_rviz_plugin_core[0m
[ 21%] Built target moveit_robot_state_rviz_plugin_core_automoc
[ 27%] Built target moveit_robot_state_rviz_plugin_core
[ 29%] [34m[1mAutomatic moc for target moveit_robot_state_rviz_plugin[0m
[ 29%] Built target moveit_robot_state_rviz_plugin_automoc
[ 35%] Built target moveit_robot_state_rviz_plugin
[ 37%] [34m[1mAutomatic moc for target moveit_planning_scene_rviz_plugin_core[0m
[ 37%] Built target moveit_planning_scene_rviz_plugin_core_automoc
[ 43%] Built target moveit_planning_scene_rviz_plugin_core
[ 45%] [34m[1mAutomatic moc for target moveit_planning_scene_rviz_plugin[0m
[ 45%] Built target moveit_planning_scene_rviz_plugin_automoc
[ 50%] Built target moveit_planning_scene_rviz_plugin
[ 52%] [34m[1mAutomatic moc for target moveit_motion_planning_rviz_plugin_core[0m
[ 52%] Built target moveit_motion_planning_rviz_plugin_core_automoc
[ 76%] Built target moveit_motion_planning_rviz_plugin_core
[ 78%] [34m[1mAutomatic moc for target moveit_motion_planning_rviz_plugin[0m
[ 78%] Built target moveit_motion_planning_rviz_plugin_automoc
[ 84%] Built target moveit_motion_planning_rviz_plugin
[ 86%] [34m[1mAutomatic moc for target moveit_trajectory_rviz_plugin_core[0m
[ 86%] Built target moveit_trajectory_rviz_plugin_core_automoc
[ 92%] Built target moveit_trajectory_rviz_plugin_core
[ 94%] [34m[1mAutomatic moc for target moveit_trajectory_rviz_plugin[0m
[ 94%] Built target moveit_trajectory_rviz_plugin_automoc
[100%] Built target moveit_trajectory_rviz_plugin
[36mInstall the project...[0m
-- Install configuration: "Release"
-- Up-to-date: /home/anton/helloworld_ws/install/_setup_util.py
-- Up-to-date: /home/anton/helloworld_ws/install/env.sh
-- Up-to-date: /home/anton/helloworld_ws/install/setup.bash
-- Up-to-date: /home/anton/helloworld_ws/install/setup.sh
-- Up-to-date: /home/anton/helloworld_ws/install/setup.zsh
-- Up-to-date: /home/anton/helloworld_ws/install/.rosinstall
-- Installing: /home/anton/helloworld_ws/install/lib/pkgconfig/moveit_ros_visualization.pc
-- Installing: /home/anton/helloworld_ws/install/share/moveit_ros_visualization/cmake/moveit_ros_visualizationConfig.cmake
-- Installing: /home/anton/helloworld_ws/install/share/moveit_ros_visualization/cmake/moveit_ros_visualizationConfig-version.cmake
-- Installing: /home/anton/helloworld_ws/install/share/moveit_ros_visualization/package.xml
-- Installing: /home/anton/helloworld_ws/install/lib/moveit_ros_visualization/moveit_joy.py
+ cd /home/anton/helloworld_ws/src/moveit/moveit_ros/visualization
+ mkdir -p /home/anton/helloworld_ws/install/lib/python2.7/dist-packages
+ /usr/bin/env PYTHONPATH=/home/anton/helloworld_ws/install/lib/python2.7/dist-packages:/home/anton/helloworld_ws/build/moveit_ros_visualization/lib/python2.7/dist-packages:/home/anton/helloworld_ws/install/lib/python2.7/dist-packages:/opt/ros/kinetic/lib/python2.7/dist-packages CATKIN_BINARY_DIR=/home/anton/helloworld_ws/build/moveit_ros_visualization /usr/bin/python /home/anton/helloworld_ws/src/moveit/moveit_ros/visualization/setup.py build --build-base /home/anton/helloworld_ws/build/moveit_ros_visualization install --install-layout=deb --prefix=/home/anton/helloworld_ws/install --install-scripts=/home/anton/helloworld_ws/install/bin
running build
running build_py
creating /home/anton/helloworld_ws/build/moveit_ros_visualization/lib.linux-x86_64-2.7
creating /home/anton/helloworld_ws/build/moveit_ros_visualization/lib.linux-x86_64-2.7/moveit_ros_visualization
copying src/moveit_ros_visualization/moveitjoy_module.py -> /home/anton/helloworld_ws/build/moveit_ros_visualization/lib.linux-x86_64-2.7/moveit_ros_visualization
copying src/moveit_ros_visualization/__init__.py -> /home/anton/helloworld_ws/build/moveit_ros_visualization/lib.linux-x86_64-2.7/moveit_ros_visualization
running install
running install_lib
copying /home/anton/helloworld_ws/build/moveit_ros_visualization/lib.linux-x86_64-2.7/moveit_ros_visualization/moveitjoy_module.py -> /home/anton/helloworld_ws/install/lib/python2.7/dist-packages/moveit_ros_visualization
copying /home/anton/helloworld_ws/build/moveit_ros_visualization/lib.linux-x86_64-2.7/moveit_ros_visualization/__init__.py -> /home/anton/helloworld_ws/install/lib/python2.7/dist-packages/moveit_ros_visualization
byte-compiling /home/anton/helloworld_ws/install/lib/python2.7/dist-packages/moveit_ros_visualization/moveitjoy_module.py to moveitjoy_module.pyc
byte-compiling /home/anton/helloworld_ws/install/lib/python2.7/dist-packages/moveit_ros_visualization/__init__.py to __init__.pyc
running install_egg_info
Removing /home/anton/helloworld_ws/install/lib/python2.7/dist-packages/moveit_ros_visualization-0.9.11.egg-info
Writing /home/anton/helloworld_ws/install/lib/python2.7/dist-packages/moveit_ros_visualization-0.9.11.egg-info
-- Installing: /home/anton/helloworld_ws/install/share/moveit_ros_visualization/motion_planning_rviz_plugin_description.xml
-- Installing: /home/anton/helloworld_ws/install/share/moveit_ros_visualization/trajectory_rviz_plugin_description.xml
-- Installing: /home/anton/helloworld_ws/install/share/moveit_ros_visualization/planning_scene_rviz_plugin_description.xml
-- Installing: /home/anton/helloworld_ws/install/share/moveit_ros_visualization/robot_state_rviz_plugin_description.xml
-- Up-to-date: /home/anton/helloworld_ws/install/share/moveit_ros_visualization/icons
-- Up-to-date: /home/anton/helloworld_ws/install/share/moveit_ros_visualization/icons/classes
-- Installing: /home/anton/helloworld_ws/install/share/moveit_ros_visualization/icons/classes/RobotState.png
-- Installing: /home/anton/helloworld_ws/install/share/moveit_ros_visualization/icons/classes/MotionPlanning.png
-- Installing: /home/anton/helloworld_ws/install/share/moveit_ros_visualization/icons/classes/Trajectory.png
-- Installing: /home/anton/helloworld_ws/install/share/moveit_ros_visualization/icons/classes/PlanningScene.png
-- Up-to-date: /home/anton/helloworld_ws/install/include
-- Up-to-date: /home/anton/helloworld_ws/install/include/moveit
-- Up-to-date: /home/anton/helloworld_ws/install/include/moveit/rviz_plugin_render_tools
-- Installing: /home/anton/helloworld_ws/install/include/moveit/rviz_plugin_render_tools/planning_scene_render.h
-- Installing: /home/anton/helloworld_ws/install/include/moveit/rviz_plugin_render_tools/render_shapes.h
-- Installing: /home/anton/helloworld_ws/install/include/moveit/rviz_plugin_render_tools/trajectory_visualization.h
-- Installing: /home/anton/helloworld_ws/install/include/moveit/rviz_plugin_render_tools/octomap_render.h
-- Installing: /home/anton/helloworld_ws/install/include/moveit/rviz_plugin_render_tools/planning_link_updater.h
-- Installing: /home/anton/helloworld_ws/install/include/moveit/rviz_plugin_render_tools/robot_state_visualization.h
-- Installing: /home/anton/helloworld_ws/install/include/moveit/rviz_plugin_render_tools/trajectory_panel.h
-- Installing: /home/anton/helloworld_ws/install/lib/libmoveit_rviz_plugin_render_tools.so.0.9.11
-- Up-to-date: /home/anton/helloworld_ws/install/lib/libmoveit_rviz_plugin_render_tools.so
-- Set runtime path of "/home/anton/helloworld_ws/install/lib/libmoveit_rviz_plugin_render_tools.so.0.9.11" to ""
-- Up-to-date: /home/anton/helloworld_ws/install/include
-- Up-to-date: /home/anton/helloworld_ws/install/include/moveit
-- Up-to-date: /home/anton/helloworld_ws/install/include/moveit/robot_state_rviz_plugin
-- Installing: /home/anton/helloworld_ws/install/include/moveit/robot_state_rviz_plugin/robot_state_display.h
-- Installing: /home/anton/helloworld_ws/install/lib/libmoveit_robot_state_rviz_plugin_core.so.0.9.11
-- Up-to-date: /home/anton/helloworld_ws/install/lib/libmoveit_robot_state_rviz_plugin_core.so
-- Set runtime path of "/home/anton/helloworld_ws/install/lib/libmoveit_robot_state_rviz_plugin_core.so.0.9.11" to ""
-- Installing: /home/anton/helloworld_ws/install/lib/libmoveit_robot_state_rviz_plugin.so.0.9.11
-- Up-to-date: /home/anton/helloworld_ws/install/lib/libmoveit_robot_state_rviz_plugin.so
-- Set runtime path of "/home/anton/helloworld_ws/install/lib/libmoveit_robot_state_rviz_plugin.so.0.9.11" to ""
-- Up-to-date: /home/anton/helloworld_ws/install/include
-- Up-to-date: /home/anton/helloworld_ws/install/include/moveit
-- Up-to-date: /home/anton/helloworld_ws/install/include/moveit/planning_scene_rviz_plugin
-- Installing: /home/anton/helloworld_ws/install/include/moveit/planning_scene_rviz_plugin/planning_scene_display.h
-- Installing: /home/anton/helloworld_ws/install/lib/libmoveit_planning_scene_rviz_plugin_core.so.0.9.11
-- Up-to-date: /home/anton/helloworld_ws/install/lib/libmoveit_planning_scene_rviz_plugin_core.so
-- Set runtime path of "/home/anton/helloworld_ws/install/lib/libmoveit_planning_scene_rviz_plugin_core.so.0.9.11" to ""
-- Installing: /home/anton/helloworld_ws/install/lib/libmoveit_planning_scene_rviz_plugin.so.0.9.11
-- Up-to-date: /home/anton/helloworld_ws/install/lib/libmoveit_planning_scene_rviz_plugin.so
-- Set runtime path of "/home/anton/helloworld_ws/install/lib/libmoveit_planning_scene_rviz_plugin.so.0.9.11" to ""
-- Up-to-date: /home/anton/helloworld_ws/install/include
-- Up-to-date: /home/anton/helloworld_ws/install/include/moveit
-- Up-to-date: /home/anton/helloworld_ws/install/include/moveit/motion_planning_rviz_plugin
-- Installing: /home/anton/helloworld_ws/install/include/moveit/motion_planning_rviz_plugin/motion_planning_frame.h
-- Installing: /home/anton/helloworld_ws/install/include/moveit/motion_planning_rviz_plugin/motion_planning_display.h
-- Installing: /home/anton/helloworld_ws/install/include/moveit/motion_planning_rviz_plugin/motion_planning_param_widget.h
-- Installing: /home/anton/helloworld_ws/install/lib/libmoveit_motion_planning_rviz_plugin.so.0.9.11
-- Up-to-date: /home/anton/helloworld_ws/install/lib/libmoveit_motion_planning_rviz_plugin.so
-- Set runtime path of "/home/anton/helloworld_ws/install/lib/libmoveit_motion_planning_rviz_plugin.so.0.9.11" to ""
-- Installing: /home/anton/helloworld_ws/install/lib/libmoveit_motion_planning_rviz_plugin_core.so.0.9.11
-- Up-to-date: /home/anton/helloworld_ws/install/lib/libmoveit_motion_planning_rviz_plugin_core.so
-- Set runtime path of "/home/anton/helloworld_ws/install/lib/libmoveit_motion_planning_rviz_plugin_core.so.0.9.11" to ""
-- Up-to-date: /home/anton/helloworld_ws/install/include
-- Up-to-date: /home/anton/helloworld_ws/install/include/moveit
-- Up-to-date: /home/anton/helloworld_ws/install/include/moveit/trajectory_rviz_plugin
-- Installing: /home/anton/helloworld_ws/install/include/moveit/trajectory_rviz_plugin/trajectory_display.h
-- Installing: /home/anton/helloworld_ws/install/lib/libmoveit_trajectory_rviz_plugin.so.0.9.11
-- Up-to-date: /home/anton/helloworld_ws/install/lib/libmoveit_trajectory_rviz_plugin.so
-- Set runtime path of "/home/anton/helloworld_ws/install/lib/libmoveit_trajectory_rviz_plugin.so.0.9.11" to ""
-- Installing: /home/anton/helloworld_ws/install/lib/libmoveit_trajectory_rviz_plugin_core.so.0.9.11
-- Up-to-date: /home/anton/helloworld_ws/install/lib/libmoveit_trajectory_rviz_plugin_core.so
-- Set runtime path of "/home/anton/helloworld_ws/install/lib/libmoveit_trajectory_rviz_plugin_core.so.0.9.11" to ""
