Symlinking /home/anton/helloworld_ws/devel/lib/libmoveit_trajectory_rviz_plugin_core.so
Symlinking /home/anton/helloworld_ws/devel/lib/libmoveit_trajectory_rviz_plugin.so.0.9.11
Symlinking /home/anton/helloworld_ws/devel/lib/libmoveit_trajectory_rviz_plugin_core.so.0.9.11
Symlinking /home/anton/helloworld_ws/devel/lib/libmoveit_motion_planning_rviz_plugin_core.so
Symlinking /home/anton/helloworld_ws/devel/lib/libmoveit_robot_state_rviz_plugin_core.so
Symlinking /home/anton/helloworld_ws/devel/lib/libmoveit_planning_scene_rviz_plugin.so.0.9.11
Symlinking /home/anton/helloworld_ws/devel/lib/libmoveit_robot_state_rviz_plugin_core.so.0.9.11
Symlinking /home/anton/helloworld_ws/devel/lib/libmoveit_motion_planning_rviz_plugin_core.so.0.9.11
Symlinking /home/anton/helloworld_ws/devel/lib/libmoveit_trajectory_rviz_plugin.so
Symlinking /home/anton/helloworld_ws/devel/lib/libmoveit_rviz_plugin_render_tools.so
Symlinking /home/anton/helloworld_ws/devel/lib/libmoveit_planning_scene_rviz_plugin_core.so
Symlinking /home/anton/helloworld_ws/devel/lib/libmoveit_planning_scene_rviz_plugin_core.so.0.9.11
Symlinking /home/anton/helloworld_ws/devel/lib/libmoveit_planning_scene_rviz_plugin.so
Symlinking /home/anton/helloworld_ws/devel/lib/libmoveit_motion_planning_rviz_plugin.so
Symlinking /home/anton/helloworld_ws/devel/lib/libmoveit_rviz_plugin_render_tools.so.0.9.11
Symlinking /home/anton/helloworld_ws/devel/lib/libmoveit_robot_state_rviz_plugin.so
Symlinking /home/anton/helloworld_ws/devel/lib/libmoveit_motion_planning_rviz_plugin.so.0.9.11
Symlinking /home/anton/helloworld_ws/devel/lib/libmoveit_robot_state_rviz_plugin.so.0.9.11
Symlinking /home/anton/helloworld_ws/devel/lib/python2.7/dist-packages/moveit_ros_visualization/__init__.py
Symlinking /home/anton/helloworld_ws/devel/lib/pkgconfig/moveit_ros_visualization.pc
Symlinking /home/anton/helloworld_ws/devel/share/moveit_ros_visualization/cmake/moveit_ros_visualizationConfig.cmake
Symlinking /home/anton/helloworld_ws/devel/share/moveit_ros_visualization/cmake/moveit_ros_visualizationConfig-version.cmake
Cleaning: (/home/ros/helloworld_ws/devel/.private/moveit_ros_visualization/share/moveit_ros_visualization/cmake/moveit_ros_visualizationConfig-version.cmake, /home/ros/helloworld_ws/devel/share/moveit_ros_visualization/cmake/moveit_ros_visualizationConfig-version.cmake)
Cleaning: (/home/ros/helloworld_ws/devel/.private/moveit_ros_visualization/share/moveit_ros_visualization/cmake/moveit_ros_visualizationConfig.cmake, /home/ros/helloworld_ws/devel/share/moveit_ros_visualization/cmake/moveit_ros_visualizationConfig.cmake)
Cleaning: (/home/ros/helloworld_ws/devel/.private/moveit_ros_visualization/lib/libmoveit_trajectory_rviz_plugin.so.0.9.11, /home/ros/helloworld_ws/devel/lib/libmoveit_trajectory_rviz_plugin.so.0.9.11)
Cleaning: (/home/ros/helloworld_ws/devel/.private/moveit_ros_visualization/lib/libmoveit_planning_scene_rviz_plugin.so.0.9.11, /home/ros/helloworld_ws/devel/lib/libmoveit_planning_scene_rviz_plugin.so.0.9.11)
Cleaning: (/home/ros/helloworld_ws/devel/.private/moveit_ros_visualization/lib/libmoveit_trajectory_rviz_plugin_core.so, /home/ros/helloworld_ws/devel/lib/libmoveit_trajectory_rviz_plugin_core.so)
Cleaning: (/home/ros/helloworld_ws/devel/.private/moveit_ros_visualization/lib/libmoveit_trajectory_rviz_plugin.so, /home/ros/helloworld_ws/devel/lib/libmoveit_trajectory_rviz_plugin.so)
Cleaning: (/home/ros/helloworld_ws/devel/.private/moveit_ros_visualization/lib/libmoveit_motion_planning_rviz_plugin_core.so.0.9.11, /home/ros/helloworld_ws/devel/lib/libmoveit_motion_planning_rviz_plugin_core.so.0.9.11)
Cleaning: (/home/ros/helloworld_ws/devel/.private/moveit_ros_visualization/lib/libmoveit_robot_state_rviz_plugin.so.0.9.11, /home/ros/helloworld_ws/devel/lib/libmoveit_robot_state_rviz_plugin.so.0.9.11)
Cleaning: (/home/ros/helloworld_ws/devel/.private/moveit_ros_visualization/lib/libmoveit_robot_state_rviz_plugin.so, /home/ros/helloworld_ws/devel/lib/libmoveit_robot_state_rviz_plugin.so)
Cleaning: (/home/ros/helloworld_ws/devel/.private/moveit_ros_visualization/lib/libmoveit_planning_scene_rviz_plugin_core.so, /home/ros/helloworld_ws/devel/lib/libmoveit_planning_scene_rviz_plugin_core.so)
Cleaning: (/home/ros/helloworld_ws/devel/.private/moveit_ros_visualization/lib/libmoveit_planning_scene_rviz_plugin_core.so.0.9.11, /home/ros/helloworld_ws/devel/lib/libmoveit_planning_scene_rviz_plugin_core.so.0.9.11)
Cleaning: (/home/ros/helloworld_ws/devel/.private/moveit_ros_visualization/lib/libmoveit_robot_state_rviz_plugin_core.so, /home/ros/helloworld_ws/devel/lib/libmoveit_robot_state_rviz_plugin_core.so)
Cleaning: (/home/ros/helloworld_ws/devel/.private/moveit_ros_visualization/lib/libmoveit_motion_planning_rviz_plugin.so.0.9.11, /home/ros/helloworld_ws/devel/lib/libmoveit_motion_planning_rviz_plugin.so.0.9.11)
Cleaning: (/home/ros/helloworld_ws/devel/.private/moveit_ros_visualization/lib/libmoveit_rviz_plugin_render_tools.so.0.9.11, /home/ros/helloworld_ws/devel/lib/libmoveit_rviz_plugin_render_tools.so.0.9.11)
Cleaning: (/home/ros/helloworld_ws/devel/.private/moveit_ros_visualization/lib/libmoveit_robot_state_rviz_plugin_core.so.0.9.11, /home/ros/helloworld_ws/devel/lib/libmoveit_robot_state_rviz_plugin_core.so.0.9.11)
Cleaning: (/home/ros/helloworld_ws/devel/.private/moveit_ros_visualization/lib/libmoveit_trajectory_rviz_plugin_core.so.0.9.11, /home/ros/helloworld_ws/devel/lib/libmoveit_trajectory_rviz_plugin_core.so.0.9.11)
Cleaning: (/home/ros/helloworld_ws/devel/.private/moveit_ros_visualization/lib/libmoveit_motion_planning_rviz_plugin.so, /home/ros/helloworld_ws/devel/lib/libmoveit_motion_planning_rviz_plugin.so)
Cleaning: (/home/ros/helloworld_ws/devel/.private/moveit_ros_visualization/lib/libmoveit_motion_planning_rviz_plugin_core.so, /home/ros/helloworld_ws/devel/lib/libmoveit_motion_planning_rviz_plugin_core.so)
Cleaning: (/home/ros/helloworld_ws/devel/.private/moveit_ros_visualization/lib/libmoveit_rviz_plugin_render_tools.so, /home/ros/helloworld_ws/devel/lib/libmoveit_rviz_plugin_render_tools.so)
Cleaning: (/home/ros/helloworld_ws/devel/.private/moveit_ros_visualization/lib/libmoveit_planning_scene_rviz_plugin.so, /home/ros/helloworld_ws/devel/lib/libmoveit_planning_scene_rviz_plugin.so)
Cleaning: (/home/ros/helloworld_ws/devel/.private/moveit_ros_visualization/lib/python2.7/dist-packages/moveit_ros_visualization/__init__.py, /home/ros/helloworld_ws/devel/lib/python2.7/dist-packages/moveit_ros_visualization/__init__.py)
Cleaning: (/home/ros/helloworld_ws/devel/.private/moveit_ros_visualization/lib/pkgconfig/moveit_ros_visualization.pc, /home/ros/helloworld_ws/devel/lib/pkgconfig/moveit_ros_visualization.pc)
Unlinking: /home/ros/helloworld_ws/devel/share/moveit_ros_visualization/cmake/moveit_ros_visualizationConfig-version.cmake
Already unlinked: {}
Unlinking: /home/ros/helloworld_ws/devel/share/moveit_ros_visualization/cmake/moveit_ros_visualizationConfig.cmake
Already unlinked: {}
Unlinking: /home/ros/helloworld_ws/devel/lib/libmoveit_trajectory_rviz_plugin.so.0.9.11
Already unlinked: {}
Unlinking: /home/ros/helloworld_ws/devel/lib/libmoveit_planning_scene_rviz_plugin.so.0.9.11
Already unlinked: {}
Unlinking: /home/ros/helloworld_ws/devel/lib/libmoveit_trajectory_rviz_plugin_core.so
Already unlinked: {}
Unlinking: /home/ros/helloworld_ws/devel/lib/libmoveit_trajectory_rviz_plugin.so
Already unlinked: {}
Unlinking: /home/ros/helloworld_ws/devel/lib/libmoveit_motion_planning_rviz_plugin_core.so.0.9.11
Already unlinked: {}
Unlinking: /home/ros/helloworld_ws/devel/lib/libmoveit_robot_state_rviz_plugin.so.0.9.11
Already unlinked: {}
Unlinking: /home/ros/helloworld_ws/devel/lib/libmoveit_robot_state_rviz_plugin.so
Already unlinked: {}
Unlinking: /home/ros/helloworld_ws/devel/lib/libmoveit_planning_scene_rviz_plugin_core.so
Already unlinked: {}
Unlinking: /home/ros/helloworld_ws/devel/lib/libmoveit_planning_scene_rviz_plugin_core.so.0.9.11
Already unlinked: {}
Unlinking: /home/ros/helloworld_ws/devel/lib/libmoveit_robot_state_rviz_plugin_core.so
Already unlinked: {}
Unlinking: /home/ros/helloworld_ws/devel/lib/libmoveit_motion_planning_rviz_plugin.so.0.9.11
Already unlinked: {}
Unlinking: /home/ros/helloworld_ws/devel/lib/libmoveit_rviz_plugin_render_tools.so.0.9.11
Already unlinked: {}
Unlinking: /home/ros/helloworld_ws/devel/lib/libmoveit_robot_state_rviz_plugin_core.so.0.9.11
Already unlinked: {}
Unlinking: /home/ros/helloworld_ws/devel/lib/libmoveit_trajectory_rviz_plugin_core.so.0.9.11
Already unlinked: {}
Unlinking: /home/ros/helloworld_ws/devel/lib/libmoveit_motion_planning_rviz_plugin.so
Already unlinked: {}
Unlinking: /home/ros/helloworld_ws/devel/lib/libmoveit_motion_planning_rviz_plugin_core.so
Already unlinked: {}
Unlinking: /home/ros/helloworld_ws/devel/lib/libmoveit_rviz_plugin_render_tools.so
Already unlinked: {}
Unlinking: /home/ros/helloworld_ws/devel/lib/libmoveit_planning_scene_rviz_plugin.so
Already unlinked: {}
Unlinking: /home/ros/helloworld_ws/devel/lib/python2.7/dist-packages/moveit_ros_visualization/__init__.py
Already unlinked: {}
Unlinking: /home/ros/helloworld_ws/devel/lib/pkgconfig/moveit_ros_visualization.pc
Already unlinked: {}
