Symlinking /home/anton/helloworld_ws/devel/lib/libchomp_motion_planner.so
Symlinking /home/anton/helloworld_ws/devel/lib/libchomp_motion_planner.so.0.9.11
Symlinking /home/anton/helloworld_ws/devel/lib/pkgconfig/chomp_motion_planner.pc
Symlinking /home/anton/helloworld_ws/devel/share/chomp_motion_planner/cmake/chomp_motion_plannerConfig-version.cmake
Symlinking /home/anton/helloworld_ws/devel/share/chomp_motion_planner/cmake/chomp_motion_plannerConfig.cmake
Cleaning: (/home/ros/helloworld_ws/devel/.private/chomp_motion_planner/share/chomp_motion_planner/cmake/chomp_motion_plannerConfig-version.cmake, /home/ros/helloworld_ws/devel/share/chomp_motion_planner/cmake/chomp_motion_plannerConfig-version.cmake)
Cleaning: (/home/ros/helloworld_ws/devel/.private/chomp_motion_planner/share/chomp_motion_planner/cmake/chomp_motion_plannerConfig.cmake, /home/ros/helloworld_ws/devel/share/chomp_motion_planner/cmake/chomp_motion_plannerConfig.cmake)
Cleaning: (/home/ros/helloworld_ws/devel/.private/chomp_motion_planner/lib/libchomp_motion_planner.so.0.9.11, /home/ros/helloworld_ws/devel/lib/libchomp_motion_planner.so.0.9.11)
Cleaning: (/home/ros/helloworld_ws/devel/.private/chomp_motion_planner/lib/libchomp_motion_planner.so, /home/ros/helloworld_ws/devel/lib/libchomp_motion_planner.so)
Cleaning: (/home/ros/helloworld_ws/devel/.private/chomp_motion_planner/lib/pkgconfig/chomp_motion_planner.pc, /home/ros/helloworld_ws/devel/lib/pkgconfig/chomp_motion_planner.pc)
Unlinking: /home/ros/helloworld_ws/devel/share/chomp_motion_planner/cmake/chomp_motion_plannerConfig-version.cmake
Already unlinked: {}
Unlinking: /home/ros/helloworld_ws/devel/share/chomp_motion_planner/cmake/chomp_motion_plannerConfig.cmake
Already unlinked: {}
Unlinking: /home/ros/helloworld_ws/devel/lib/libchomp_motion_planner.so.0.9.11
Already unlinked: {}
Unlinking: /home/ros/helloworld_ws/devel/lib/libchomp_motion_planner.so
Already unlinked: {}
Unlinking: /home/ros/helloworld_ws/devel/lib/pkgconfig/chomp_motion_planner.pc
Already unlinked: {}
