Symlinking /home/anton/helloworld_ws/devel/lib/libmoveit_pointcloud_octomap_updater_core.so
Symlinking /home/anton/helloworld_ws/devel/lib/libmoveit_pointcloud_octomap_updater_core.so.0.9.11
Symlinking /home/anton/helloworld_ws/devel/lib/libmoveit_point_containment_filter.so
Symlinking /home/anton/helloworld_ws/devel/lib/libmoveit_point_containment_filter.so.0.9.11
Symlinking /home/anton/helloworld_ws/devel/lib/libmoveit_pointcloud_octomap_updater.so
Symlinking /home/anton/helloworld_ws/devel/lib/libmoveit_semantic_world.so
Symlinking /home/anton/helloworld_ws/devel/lib/libmoveit_semantic_world.so.0.9.11
Symlinking /home/anton/helloworld_ws/devel/lib/libmoveit_occupancy_map_monitor.so.0.9.11
Symlinking /home/anton/helloworld_ws/devel/lib/libmoveit_lazy_free_space_updater.so
Symlinking /home/anton/helloworld_ws/devel/lib/libmoveit_lazy_free_space_updater.so.0.9.11
Symlinking /home/anton/helloworld_ws/devel/lib/libmoveit_pointcloud_octomap_updater.so.0.9.11
Symlinking /home/anton/helloworld_ws/devel/lib/libmoveit_occupancy_map_monitor.so
Symlinking /home/anton/helloworld_ws/devel/lib/moveit_ros_perception/moveit_occupancy_map_server
Symlinking /home/anton/helloworld_ws/devel/lib/pkgconfig/moveit_ros_perception.pc
Symlinking /home/anton/helloworld_ws/devel/share/moveit_ros_perception/cmake/moveit_ros_perceptionConfig.cmake
Symlinking /home/anton/helloworld_ws/devel/share/moveit_ros_perception/cmake/moveit_ros_perceptionConfig-version.cmake
Cleaning: (/home/ros/helloworld_ws/devel/.private/moveit_ros_perception/share/moveit_ros_perception/cmake/moveit_ros_perceptionConfig-version.cmake, /home/ros/helloworld_ws/devel/share/moveit_ros_perception/cmake/moveit_ros_perceptionConfig-version.cmake)
Cleaning: (/home/ros/helloworld_ws/devel/.private/moveit_ros_perception/share/moveit_ros_perception/cmake/moveit_ros_perceptionConfig.cmake, /home/ros/helloworld_ws/devel/share/moveit_ros_perception/cmake/moveit_ros_perceptionConfig.cmake)
Cleaning: (/home/ros/helloworld_ws/devel/.private/moveit_ros_perception/lib/libmoveit_lazy_free_space_updater.so.0.9.11, /home/ros/helloworld_ws/devel/lib/libmoveit_lazy_free_space_updater.so.0.9.11)
Cleaning: (/home/ros/helloworld_ws/devel/.private/moveit_ros_perception/lib/libmoveit_occupancy_map_monitor.so, /home/ros/helloworld_ws/devel/lib/libmoveit_occupancy_map_monitor.so)
Cleaning: (/home/ros/helloworld_ws/devel/.private/moveit_ros_perception/lib/libmoveit_occupancy_map_monitor.so.0.9.11, /home/ros/helloworld_ws/devel/lib/libmoveit_occupancy_map_monitor.so.0.9.11)
Cleaning: (/home/ros/helloworld_ws/devel/.private/moveit_ros_perception/lib/libmoveit_point_containment_filter.so.0.9.11, /home/ros/helloworld_ws/devel/lib/libmoveit_point_containment_filter.so.0.9.11)
Cleaning: (/home/ros/helloworld_ws/devel/.private/moveit_ros_perception/lib/libmoveit_semantic_world.so, /home/ros/helloworld_ws/devel/lib/libmoveit_semantic_world.so)
Cleaning: (/home/ros/helloworld_ws/devel/.private/moveit_ros_perception/lib/libmoveit_pointcloud_octomap_updater_core.so, /home/ros/helloworld_ws/devel/lib/libmoveit_pointcloud_octomap_updater_core.so)
Cleaning: (/home/ros/helloworld_ws/devel/.private/moveit_ros_perception/lib/libmoveit_point_containment_filter.so, /home/ros/helloworld_ws/devel/lib/libmoveit_point_containment_filter.so)
Cleaning: (/home/ros/helloworld_ws/devel/.private/moveit_ros_perception/lib/libmoveit_pointcloud_octomap_updater_core.so.0.9.11, /home/ros/helloworld_ws/devel/lib/libmoveit_pointcloud_octomap_updater_core.so.0.9.11)
Cleaning: (/home/ros/helloworld_ws/devel/.private/moveit_ros_perception/lib/libmoveit_semantic_world.so.0.9.11, /home/ros/helloworld_ws/devel/lib/libmoveit_semantic_world.so.0.9.11)
Cleaning: (/home/ros/helloworld_ws/devel/.private/moveit_ros_perception/lib/libmoveit_pointcloud_octomap_updater.so.0.9.11, /home/ros/helloworld_ws/devel/lib/libmoveit_pointcloud_octomap_updater.so.0.9.11)
Cleaning: (/home/ros/helloworld_ws/devel/.private/moveit_ros_perception/lib/libmoveit_pointcloud_octomap_updater.so, /home/ros/helloworld_ws/devel/lib/libmoveit_pointcloud_octomap_updater.so)
Cleaning: (/home/ros/helloworld_ws/devel/.private/moveit_ros_perception/lib/libmoveit_lazy_free_space_updater.so, /home/ros/helloworld_ws/devel/lib/libmoveit_lazy_free_space_updater.so)
Cleaning: (/home/ros/helloworld_ws/devel/.private/moveit_ros_perception/lib/pkgconfig/moveit_ros_perception.pc, /home/ros/helloworld_ws/devel/lib/pkgconfig/moveit_ros_perception.pc)
Cleaning: (/home/ros/helloworld_ws/devel/.private/moveit_ros_perception/lib/moveit_ros_perception/moveit_occupancy_map_server, /home/ros/helloworld_ws/devel/lib/moveit_ros_perception/moveit_occupancy_map_server)
Unlinking: /home/ros/helloworld_ws/devel/share/moveit_ros_perception/cmake/moveit_ros_perceptionConfig-version.cmake
Already unlinked: {}
Unlinking: /home/ros/helloworld_ws/devel/share/moveit_ros_perception/cmake/moveit_ros_perceptionConfig.cmake
Already unlinked: {}
Unlinking: /home/ros/helloworld_ws/devel/lib/libmoveit_lazy_free_space_updater.so.0.9.11
Already unlinked: {}
Unlinking: /home/ros/helloworld_ws/devel/lib/libmoveit_occupancy_map_monitor.so
Already unlinked: {}
Unlinking: /home/ros/helloworld_ws/devel/lib/libmoveit_occupancy_map_monitor.so.0.9.11
Already unlinked: {}
Unlinking: /home/ros/helloworld_ws/devel/lib/libmoveit_point_containment_filter.so.0.9.11
Already unlinked: {}
Unlinking: /home/ros/helloworld_ws/devel/lib/libmoveit_semantic_world.so
Already unlinked: {}
Unlinking: /home/ros/helloworld_ws/devel/lib/libmoveit_pointcloud_octomap_updater_core.so
Already unlinked: {}
Unlinking: /home/ros/helloworld_ws/devel/lib/libmoveit_point_containment_filter.so
Already unlinked: {}
Unlinking: /home/ros/helloworld_ws/devel/lib/libmoveit_pointcloud_octomap_updater_core.so.0.9.11
Already unlinked: {}
Unlinking: /home/ros/helloworld_ws/devel/lib/libmoveit_semantic_world.so.0.9.11
Already unlinked: {}
Unlinking: /home/ros/helloworld_ws/devel/lib/libmoveit_pointcloud_octomap_updater.so.0.9.11
Already unlinked: {}
Unlinking: /home/ros/helloworld_ws/devel/lib/libmoveit_pointcloud_octomap_updater.so
Already unlinked: {}
Unlinking: /home/ros/helloworld_ws/devel/lib/libmoveit_lazy_free_space_updater.so
Already unlinked: {}
Unlinking: /home/ros/helloworld_ws/devel/lib/pkgconfig/moveit_ros_perception.pc
Already unlinked: {}
Unlinking: /home/ros/helloworld_ws/devel/lib/moveit_ros_perception/moveit_occupancy_map_server
Already unlinked: {}
