[ 20%] Built target moveit_occupancy_map_monitor
[ 20%] Built target sensor_msgs_generate_messages_py
[ 20%] Built target sensor_msgs_generate_messages_nodejs
[ 20%] Built target sensor_msgs_generate_messages_cpp
[ 20%] Built target geometry_msgs_generate_messages_nodejs
[ 20%] Built target std_msgs_generate_messages_eus
[ 20%] Built target std_msgs_generate_messages_lisp
[ 20%] Built target geometry_msgs_generate_messages_lisp
[ 20%] Built target sensor_msgs_generate_messages_lisp
[ 20%] Built target std_msgs_generate_messages_py
[ 20%] Built target geometry_msgs_generate_messages_eus
[ 20%] Built target sensor_msgs_generate_messages_eus
[ 20%] Built target std_msgs_generate_messages_cpp
[ 20%] Built target geometry_msgs_generate_messages_cpp
[ 20%] Built target std_msgs_generate_messages_nodejs
[ 20%] Built target geometry_msgs_generate_messages_py
[ 33%] Built target moveit_lazy_free_space_updater
[ 46%] Built target moveit_point_containment_filter
[ 60%] Built target moveit_occupancy_map_server
[ 73%] Built target moveit_pointcloud_octomap_updater_core
[ 86%] Built target moveit_pointcloud_octomap_updater
[ 86%] Built target _catkin_empty_exported_target
[ 86%] Built target tf2_msgs_generate_messages_nodejs
[ 86%] Built target tf2_msgs_generate_messages_lisp
[ 86%] Built target tf2_msgs_generate_messages_eus
[ 86%] Built target tf2_msgs_generate_messages_cpp
[ 86%] Built target actionlib_generate_messages_py
[ 86%] Built target actionlib_generate_messages_eus
[ 86%] Built target tf_generate_messages_eus
[ 86%] Built target octomap_msgs_generate_messages_py
[ 86%] Built target octomap_msgs_generate_messages_lisp
[ 86%] Built target tf_generate_messages_py
[ 86%] Built target object_recognition_msgs_generate_messages_nodejs
[ 86%] Built target object_recognition_msgs_generate_messages_eus
[ 86%] Built target octomap_msgs_generate_messages_eus
[ 86%] Built target object_recognition_msgs_generate_messages_cpp
[ 86%] Built target trajectory_msgs_generate_messages_py
[ 86%] Built target trajectory_msgs_generate_messages_nodejs
[ 86%] Built target trajectory_msgs_generate_messages_lisp
[ 86%] Built target trajectory_msgs_generate_messages_eus
[ 86%] Built target actionlib_generate_messages_cpp
[ 86%] Built target shape_msgs_generate_messages_py
[ 86%] Built target visualization_msgs_generate_messages_py
[ 86%] Built target shape_msgs_generate_messages_nodejs
[ 86%] Built target roscpp_generate_messages_lisp
[ 86%] Built target octomap_msgs_generate_messages_cpp
[ 86%] Built target tf_generate_messages_cpp
[ 86%] Built target actionlib_generate_messages_lisp
[ 86%] Built target actionlib_msgs_generate_messages_eus
[ 86%] Built target actionlib_msgs_generate_messages_lisp
[ 86%] Built target object_recognition_msgs_generate_messages_py
[ 86%] Built target shape_msgs_generate_messages_cpp
[ 86%] Built target roscpp_generate_messages_nodejs
[ 86%] Built target rosgraph_msgs_generate_messages_lisp
[ 86%] Built target rosgraph_msgs_generate_messages_nodejs
[ 86%] Built target moveit_msgs_generate_messages_cpp
[ 86%] Built target moveit_msgs_generate_messages_lisp
[ 86%] Built target roscpp_generate_messages_cpp
[ 86%] Built target moveit_msgs_generate_messages_nodejs
[ 86%] Built target actionlib_msgs_generate_messages_py
[ 86%] Built target shape_msgs_generate_messages_lisp
[ 86%] Built target actionlib_generate_messages_nodejs
[ 86%] Built target actionlib_msgs_generate_messages_cpp
[ 86%] Built target object_recognition_msgs_generate_messages_lisp
[ 86%] Built target rosgraph_msgs_generate_messages_cpp
[ 86%] Built target octomap_msgs_generate_messages_nodejs
[ 86%] Built target trajectory_msgs_generate_messages_cpp
[ 86%] Built target shape_msgs_generate_messages_eus
[ 86%] Built target visualization_msgs_generate_messages_cpp
[ 86%] Built target visualization_msgs_generate_messages_lisp
[ 86%] Built target roscpp_generate_messages_eus
[ 86%] Built target visualization_msgs_generate_messages_nodejs
[ 86%] Built target tf_generate_messages_nodejs
[ 86%] Built target roscpp_generate_messages_py
[ 86%] Built target rosgraph_msgs_generate_messages_eus
[ 86%] Built target tf_generate_messages_lisp
[ 86%] Built target rosgraph_msgs_generate_messages_py
[ 86%] Built target moveit_msgs_generate_messages_eus
[ 86%] Built target moveit_msgs_generate_messages_py
[ 86%] Built target tf2_msgs_generate_messages_py
[ 86%] Built target actionlib_msgs_generate_messages_nodejs
[ 86%] Built target visualization_msgs_generate_messages_eus
[100%] Built target moveit_semantic_world
[36mInstall the project...[0m
-- Install configuration: "Release"
-- Installing: /home/anton/helloworld_ws/install/_setup_util.py
-- Installing: /home/anton/helloworld_ws/install/env.sh
-- Installing: /home/anton/helloworld_ws/install/setup.bash
-- Installing: /home/anton/helloworld_ws/install/setup.sh
-- Installing: /home/anton/helloworld_ws/install/setup.zsh
-- Installing: /home/anton/helloworld_ws/install/.rosinstall
-- Installing: /home/anton/helloworld_ws/install/lib/pkgconfig/moveit_ros_perception.pc
-- Installing: /home/anton/helloworld_ws/install/share/moveit_ros_perception/cmake/moveit_ros_perceptionConfig.cmake
-- Installing: /home/anton/helloworld_ws/install/share/moveit_ros_perception/cmake/moveit_ros_perceptionConfig-version.cmake
-- Installing: /home/anton/helloworld_ws/install/share/moveit_ros_perception/package.xml
-- Installing: /home/anton/helloworld_ws/install/share/moveit_ros_perception/pointcloud_octomap_updater_plugin_description.xml
-- Installing: /home/anton/helloworld_ws/install/share/moveit_ros_perception/depth_image_octomap_updater_plugin_description.xml
-- Installing: /home/anton/helloworld_ws/install/lib/libmoveit_lazy_free_space_updater.so.0.9.11
-- Installing: /home/anton/helloworld_ws/install/lib/libmoveit_lazy_free_space_updater.so
-- Set runtime path of "/home/anton/helloworld_ws/install/lib/libmoveit_lazy_free_space_updater.so.0.9.11" to ""
-- Up-to-date: /home/anton/helloworld_ws/install/include
-- Up-to-date: /home/anton/helloworld_ws/install/include/moveit
-- Installing: /home/anton/helloworld_ws/install/include/moveit/lazy_free_space_updater
-- Installing: /home/anton/helloworld_ws/install/include/moveit/lazy_free_space_updater/lazy_free_space_updater.h
-- Installing: /home/anton/helloworld_ws/install/lib/libmoveit_point_containment_filter.so.0.9.11
-- Installing: /home/anton/helloworld_ws/install/lib/libmoveit_point_containment_filter.so
-- Set runtime path of "/home/anton/helloworld_ws/install/lib/libmoveit_point_containment_filter.so.0.9.11" to ""
-- Up-to-date: /home/anton/helloworld_ws/install/include
-- Up-to-date: /home/anton/helloworld_ws/install/include/moveit
-- Installing: /home/anton/helloworld_ws/install/include/moveit/point_containment_filter
-- Installing: /home/anton/helloworld_ws/install/include/moveit/point_containment_filter/shape_mask.h
-- Installing: /home/anton/helloworld_ws/install/lib/libmoveit_occupancy_map_monitor.so.0.9.11
-- Installing: /home/anton/helloworld_ws/install/lib/libmoveit_occupancy_map_monitor.so
-- Set runtime path of "/home/anton/helloworld_ws/install/lib/libmoveit_occupancy_map_monitor.so.0.9.11" to ""
-- Up-to-date: /home/anton/helloworld_ws/install/include
-- Up-to-date: /home/anton/helloworld_ws/install/include/moveit
-- Installing: /home/anton/helloworld_ws/install/include/moveit/occupancy_map_monitor
-- Installing: /home/anton/helloworld_ws/install/include/moveit/occupancy_map_monitor/occupancy_map.h
-- Installing: /home/anton/helloworld_ws/install/include/moveit/occupancy_map_monitor/occupancy_map_monitor.h
-- Installing: /home/anton/helloworld_ws/install/include/moveit/occupancy_map_monitor/occupancy_map_updater.h
-- Up-to-date: /home/anton/helloworld_ws/install/include
-- Up-to-date: /home/anton/helloworld_ws/install/include/moveit
-- Installing: /home/anton/helloworld_ws/install/include/moveit/pointcloud_octomap_updater
-- Installing: /home/anton/helloworld_ws/install/include/moveit/pointcloud_octomap_updater/pointcloud_octomap_updater.h
-- Installing: /home/anton/helloworld_ws/install/lib/libmoveit_pointcloud_octomap_updater.so.0.9.11
-- Installing: /home/anton/helloworld_ws/install/lib/libmoveit_pointcloud_octomap_updater.so
-- Set runtime path of "/home/anton/helloworld_ws/install/lib/libmoveit_pointcloud_octomap_updater.so.0.9.11" to ""
-- Installing: /home/anton/helloworld_ws/install/lib/libmoveit_pointcloud_octomap_updater_core.so.0.9.11
-- Installing: /home/anton/helloworld_ws/install/lib/libmoveit_pointcloud_octomap_updater_core.so
-- Set runtime path of "/home/anton/helloworld_ws/install/lib/libmoveit_pointcloud_octomap_updater_core.so.0.9.11" to ""
-- Up-to-date: /home/anton/helloworld_ws/install/include
-- Up-to-date: /home/anton/helloworld_ws/install/include/moveit
-- Installing: /home/anton/helloworld_ws/install/include/moveit/semantic_world
-- Installing: /home/anton/helloworld_ws/install/include/moveit/semantic_world/semantic_world.h
-- Installing: /home/anton/helloworld_ws/install/lib/libmoveit_semantic_world.so.0.9.11
-- Installing: /home/anton/helloworld_ws/install/lib/libmoveit_semantic_world.so
-- Set runtime path of "/home/anton/helloworld_ws/install/lib/libmoveit_semantic_world.so.0.9.11" to ""
