Symlinking /home/anton/helloworld_ws/devel/lib/libmoveit_visual_tools.so
Symlinking /home/anton/helloworld_ws/devel/lib/pkgconfig/moveit_visual_tools.pc
Symlinking /home/anton/helloworld_ws/devel/lib/moveit_visual_tools/moveit_visual_tools_demo
Symlinking /home/anton/helloworld_ws/devel/share/moveit_visual_tools/cmake/moveit_visual_toolsConfig-version.cmake
Symlinking /home/anton/helloworld_ws/devel/share/moveit_visual_tools/cmake/moveit_visual_toolsConfig.cmake
Cleaning: (/home/ros/helloworld_ws/devel/.private/moveit_visual_tools/share/moveit_visual_tools/cmake/moveit_visual_toolsConfig-version.cmake, /home/ros/helloworld_ws/devel/share/moveit_visual_tools/cmake/moveit_visual_toolsConfig-version.cmake)
Cleaning: (/home/ros/helloworld_ws/devel/.private/moveit_visual_tools/share/moveit_visual_tools/cmake/moveit_visual_toolsConfig.cmake, /home/ros/helloworld_ws/devel/share/moveit_visual_tools/cmake/moveit_visual_toolsConfig.cmake)
Cleaning: (/home/ros/helloworld_ws/devel/.private/moveit_visual_tools/lib/libmoveit_visual_tools.so, /home/ros/helloworld_ws/devel/lib/libmoveit_visual_tools.so)
Cleaning: (/home/ros/helloworld_ws/devel/.private/moveit_visual_tools/lib/pkgconfig/moveit_visual_tools.pc, /home/ros/helloworld_ws/devel/lib/pkgconfig/moveit_visual_tools.pc)
Cleaning: (/home/ros/helloworld_ws/devel/.private/moveit_visual_tools/lib/moveit_visual_tools/moveit_visual_tools_demo, /home/ros/helloworld_ws/devel/lib/moveit_visual_tools/moveit_visual_tools_demo)
Unlinking: /home/ros/helloworld_ws/devel/share/moveit_visual_tools/cmake/moveit_visual_toolsConfig-version.cmake
Already unlinked: {}
Unlinking: /home/ros/helloworld_ws/devel/share/moveit_visual_tools/cmake/moveit_visual_toolsConfig.cmake
Already unlinked: {}
Unlinking: /home/ros/helloworld_ws/devel/lib/libmoveit_visual_tools.so
Already unlinked: {}
Unlinking: /home/ros/helloworld_ws/devel/lib/pkgconfig/moveit_visual_tools.pc
Already unlinked: {}
Unlinking: /home/ros/helloworld_ws/devel/lib/moveit_visual_tools/moveit_visual_tools_demo
Already unlinked: {}
