Symlinking /home/anton/helloworld_ws/devel/lib/libmoveit_lma_kinematics_plugin.so.0.9.11
Symlinking /home/anton/helloworld_ws/devel/lib/libmoveit_kdl_kinematics_plugin.so.0.9.11
Symlinking /home/anton/helloworld_ws/devel/lib/libmoveit_cached_ik_kinematics_plugin.so.0.9.11
Symlinking /home/anton/helloworld_ws/devel/lib/libmoveit_cached_ik_kinematics_plugin.so
Symlinking /home/anton/helloworld_ws/devel/lib/libmoveit_srv_kinematics_plugin.so
Symlinking /home/anton/helloworld_ws/devel/lib/libmoveit_kdl_kinematics_plugin.so
Symlinking /home/anton/helloworld_ws/devel/lib/libmoveit_lma_kinematics_plugin.so
Symlinking /home/anton/helloworld_ws/devel/lib/libmoveit_cached_ik_kinematics_base.so.0.9.11
Symlinking /home/anton/helloworld_ws/devel/lib/libmoveit_cached_ik_kinematics_base.so
Symlinking /home/anton/helloworld_ws/devel/lib/libmoveit_srv_kinematics_plugin.so.0.9.11
Symlinking /home/anton/helloworld_ws/devel/lib/pkgconfig/moveit_kinematics.pc
Symlinking /home/anton/helloworld_ws/devel/lib/moveit_kinematics/measure_ik_call_cost
Symlinking /home/anton/helloworld_ws/devel/share/moveit_kinematics/cmake/moveit_kinematicsConfig-version.cmake
Symlinking /home/anton/helloworld_ws/devel/share/moveit_kinematics/cmake/moveit_kinematicsConfig.cmake
Cleaning: (/home/ros/helloworld_ws/devel/.private/moveit_kinematics/share/moveit_kinematics/cmake/moveit_kinematicsConfig.cmake, /home/ros/helloworld_ws/devel/share/moveit_kinematics/cmake/moveit_kinematicsConfig.cmake)
Cleaning: (/home/ros/helloworld_ws/devel/.private/moveit_kinematics/share/moveit_kinematics/cmake/moveit_kinematicsConfig-version.cmake, /home/ros/helloworld_ws/devel/share/moveit_kinematics/cmake/moveit_kinematicsConfig-version.cmake)
Cleaning: (/home/ros/helloworld_ws/devel/.private/moveit_kinematics/lib/libmoveit_srv_kinematics_plugin.so, /home/ros/helloworld_ws/devel/lib/libmoveit_srv_kinematics_plugin.so)
Cleaning: (/home/ros/helloworld_ws/devel/.private/moveit_kinematics/lib/libmoveit_cached_ik_kinematics_plugin.so.0.9.11, /home/ros/helloworld_ws/devel/lib/libmoveit_cached_ik_kinematics_plugin.so.0.9.11)
Cleaning: (/home/ros/helloworld_ws/devel/.private/moveit_kinematics/lib/libmoveit_lma_kinematics_plugin.so, /home/ros/helloworld_ws/devel/lib/libmoveit_lma_kinematics_plugin.so)
Cleaning: (/home/ros/helloworld_ws/devel/.private/moveit_kinematics/lib/libmoveit_srv_kinematics_plugin.so.0.9.11, /home/ros/helloworld_ws/devel/lib/libmoveit_srv_kinematics_plugin.so.0.9.11)
Cleaning: (/home/ros/helloworld_ws/devel/.private/moveit_kinematics/lib/libmoveit_lma_kinematics_plugin.so.0.9.11, /home/ros/helloworld_ws/devel/lib/libmoveit_lma_kinematics_plugin.so.0.9.11)
Cleaning: (/home/ros/helloworld_ws/devel/.private/moveit_kinematics/lib/libmoveit_kdl_kinematics_plugin.so, /home/ros/helloworld_ws/devel/lib/libmoveit_kdl_kinematics_plugin.so)
Cleaning: (/home/ros/helloworld_ws/devel/.private/moveit_kinematics/lib/libmoveit_cached_ik_kinematics_base.so, /home/ros/helloworld_ws/devel/lib/libmoveit_cached_ik_kinematics_base.so)
Cleaning: (/home/ros/helloworld_ws/devel/.private/moveit_kinematics/lib/libmoveit_cached_ik_kinematics_plugin.so, /home/ros/helloworld_ws/devel/lib/libmoveit_cached_ik_kinematics_plugin.so)
Cleaning: (/home/ros/helloworld_ws/devel/.private/moveit_kinematics/lib/libmoveit_cached_ik_kinematics_base.so.0.9.11, /home/ros/helloworld_ws/devel/lib/libmoveit_cached_ik_kinematics_base.so.0.9.11)
Cleaning: (/home/ros/helloworld_ws/devel/.private/moveit_kinematics/lib/libmoveit_kdl_kinematics_plugin.so.0.9.11, /home/ros/helloworld_ws/devel/lib/libmoveit_kdl_kinematics_plugin.so.0.9.11)
Cleaning: (/home/ros/helloworld_ws/devel/.private/moveit_kinematics/lib/moveit_kinematics/measure_ik_call_cost, /home/ros/helloworld_ws/devel/lib/moveit_kinematics/measure_ik_call_cost)
Cleaning: (/home/ros/helloworld_ws/devel/.private/moveit_kinematics/lib/pkgconfig/moveit_kinematics.pc, /home/ros/helloworld_ws/devel/lib/pkgconfig/moveit_kinematics.pc)
Unlinking: /home/ros/helloworld_ws/devel/share/moveit_kinematics/cmake/moveit_kinematicsConfig.cmake
Already unlinked: {}
Unlinking: /home/ros/helloworld_ws/devel/share/moveit_kinematics/cmake/moveit_kinematicsConfig-version.cmake
Already unlinked: {}
Unlinking: /home/ros/helloworld_ws/devel/lib/libmoveit_srv_kinematics_plugin.so
Already unlinked: {}
Unlinking: /home/ros/helloworld_ws/devel/lib/libmoveit_cached_ik_kinematics_plugin.so.0.9.11
Already unlinked: {}
Unlinking: /home/ros/helloworld_ws/devel/lib/libmoveit_lma_kinematics_plugin.so
Already unlinked: {}
Unlinking: /home/ros/helloworld_ws/devel/lib/libmoveit_srv_kinematics_plugin.so.0.9.11
Already unlinked: {}
Unlinking: /home/ros/helloworld_ws/devel/lib/libmoveit_lma_kinematics_plugin.so.0.9.11
Already unlinked: {}
Unlinking: /home/ros/helloworld_ws/devel/lib/libmoveit_kdl_kinematics_plugin.so
Already unlinked: {}
Unlinking: /home/ros/helloworld_ws/devel/lib/libmoveit_cached_ik_kinematics_base.so
Already unlinked: {}
Unlinking: /home/ros/helloworld_ws/devel/lib/libmoveit_cached_ik_kinematics_plugin.so
Already unlinked: {}
Unlinking: /home/ros/helloworld_ws/devel/lib/libmoveit_cached_ik_kinematics_base.so.0.9.11
Already unlinked: {}
Unlinking: /home/ros/helloworld_ws/devel/lib/libmoveit_kdl_kinematics_plugin.so.0.9.11
Already unlinked: {}
Unlinking: /home/ros/helloworld_ws/devel/lib/moveit_kinematics/measure_ik_call_cost
Already unlinked: {}
Unlinking: /home/ros/helloworld_ws/devel/lib/pkgconfig/moveit_kinematics.pc
Already unlinked: {}
