[ 11%] Built target moveit_py_bindings_tools
[ 22%] Built target moveit_py_bindings_tools_python
[ 33%] Built target moveit_common_planning_interface_objects
[ 44%] Built target moveit_planning_scene_interface
[ 55%] Built target moveit_planning_scene_interface_python
[ 55%] Built target tf2_msgs_generate_messages_nodejs
[ 55%] Built target tf2_msgs_generate_messages_lisp
[ 55%] Built target tf2_msgs_generate_messages_eus
[ 55%] Built target tf2_msgs_generate_messages_cpp
[ 55%] Built target actionlib_generate_messages_py
[ 55%] Built target actionlib_generate_messages_eus
[ 55%] Built target tf_generate_messages_eus
[ 55%] Built target moveit_ros_manipulation_gencfg
[ 55%] Built target rosgraph_msgs_generate_messages_lisp
[ 55%] Built target rosgraph_msgs_generate_messages_eus
[ 55%] Built target tf_generate_messages_nodejs
[ 55%] Built target roscpp_generate_messages_py
[ 55%] Built target roscpp_generate_messages_lisp
[ 55%] Built target roscpp_generate_messages_eus
[ 55%] Built target roscpp_generate_messages_cpp
[ 55%] Built target visualization_msgs_generate_messages_py
[ 55%] Built target visualization_msgs_generate_messages_nodejs
[ 55%] Built target visualization_msgs_generate_messages_lisp
[ 55%] Built target visualization_msgs_generate_messages_cpp
[ 55%] Built target moveit_ros_planning_gencfg
[ 55%] Built target octomap_msgs_generate_messages_py
[ 55%] Built target octomap_msgs_generate_messages_lisp
[ 55%] Built target visualization_msgs_generate_messages_eus
[ 55%] Built target _catkin_empty_exported_target
[ 55%] Built target actionlib_msgs_generate_messages_py
[ 55%] Built target moveit_msgs_generate_messages_nodejs
[ 55%] Built target geometry_msgs_generate_messages_eus
[ 55%] Built target std_msgs_generate_messages_py
[ 55%] Built target moveit_msgs_generate_messages_lisp
[ 55%] Built target std_msgs_generate_messages_eus
[ 55%] Built target actionlib_generate_messages_lisp
[ 55%] Built target actionlib_msgs_generate_messages_eus
[ 55%] Built target tf_generate_messages_cpp
[ 55%] Built target octomap_msgs_generate_messages_cpp
[ 55%] Built target trajectory_msgs_generate_messages_py
[ 55%] Built target roscpp_generate_messages_nodejs
[ 55%] Built target shape_msgs_generate_messages_cpp
[ 55%] Built target trajectory_msgs_generate_messages_eus
[ 55%] Built target geometry_msgs_generate_messages_nodejs
[ 55%] Built target shape_msgs_generate_messages_py
[ 55%] Built target actionlib_msgs_generate_messages_lisp
[ 55%] Built target std_msgs_generate_messages_lisp
[ 55%] Built target geometry_msgs_generate_messages_lisp
[ 55%] Built target rosgraph_msgs_generate_messages_cpp
[ 55%] Built target object_recognition_msgs_generate_messages_lisp
[ 55%] Built target tf2_msgs_generate_messages_py
[ 55%] Built target actionlib_msgs_generate_messages_nodejs
[ 55%] Built target object_recognition_msgs_generate_messages_eus
[ 55%] Built target rosgraph_msgs_generate_messages_nodejs
[ 55%] Built target moveit_msgs_generate_messages_cpp
[ 55%] Built target sensor_msgs_generate_messages_cpp
[ 55%] Built target tf_generate_messages_lisp
[ 55%] Built target rosgraph_msgs_generate_messages_py
[ 55%] Built target moveit_msgs_generate_messages_eus
[ 55%] Built target moveit_msgs_generate_messages_py
[ 55%] Built target actionlib_generate_messages_nodejs
[ 55%] Built target std_msgs_generate_messages_cpp
[ 55%] Built target actionlib_msgs_generate_messages_cpp
[ 55%] Built target sensor_msgs_generate_messages_eus
[ 55%] Built target sensor_msgs_generate_messages_nodejs
[ 55%] Built target actionlib_generate_messages_cpp
[ 55%] Built target sensor_msgs_generate_messages_py
[ 55%] Built target sensor_msgs_generate_messages_lisp
[ 55%] Built target object_recognition_msgs_generate_messages_py
[ 55%] Built target std_msgs_generate_messages_nodejs
[ 55%] Built target geometry_msgs_generate_messages_py
[ 55%] Built target trajectory_msgs_generate_messages_lisp
[ 55%] Built target tf_generate_messages_py
[ 55%] Built target object_recognition_msgs_generate_messages_nodejs
[ 55%] Built target trajectory_msgs_generate_messages_nodejs
[ 55%] Built target octomap_msgs_generate_messages_nodejs
[ 55%] Built target geometry_msgs_generate_messages_cpp
[ 55%] Built target trajectory_msgs_generate_messages_cpp
[ 55%] Built target shape_msgs_generate_messages_eus
[ 55%] Built target shape_msgs_generate_messages_lisp
[ 55%] Built target shape_msgs_generate_messages_nodejs
[ 55%] Built target octomap_msgs_generate_messages_eus
[ 55%] Built target object_recognition_msgs_generate_messages_cpp
[ 66%] Built target moveit_move_group_interface
[ 77%] Built target moveit_move_group_interface_python
[ 88%] Built target demo
[100%] Built target moveit_robot_interface_python
[36mInstall the project...[0m
-- Install configuration: "Release"
-- Installing: /home/anton/helloworld_ws/install/_setup_util.py
-- Installing: /home/anton/helloworld_ws/install/env.sh
-- Installing: /home/anton/helloworld_ws/install/setup.bash
-- Installing: /home/anton/helloworld_ws/install/setup.sh
-- Installing: /home/anton/helloworld_ws/install/setup.zsh
-- Installing: /home/anton/helloworld_ws/install/.rosinstall
+ cd /home/anton/helloworld_ws/src/moveit/moveit_ros/planning_interface
+ mkdir -p /home/anton/helloworld_ws/install/lib/python2.7/dist-packages
+ /usr/bin/env PYTHONPATH=/home/anton/helloworld_ws/install/lib/python2.7/dist-packages:/home/anton/helloworld_ws/build/moveit_ros_planning_interface/lib/python2.7/dist-packages:/home/anton/helloworld_ws/install/lib/python2.7/dist-packages:/opt/ros/kinetic/lib/python2.7/dist-packages CATKIN_BINARY_DIR=/home/anton/helloworld_ws/build/moveit_ros_planning_interface /usr/bin/python2.7 /home/anton/helloworld_ws/src/moveit/moveit_ros/planning_interface/setup.py build --build-base /home/anton/helloworld_ws/build/moveit_ros_planning_interface install --install-layout=deb --prefix=/home/anton/helloworld_ws/install --install-scripts=/home/anton/helloworld_ws/install/bin
running build
running build_py
creating /home/anton/helloworld_ws/build/moveit_ros_planning_interface/lib.linux-x86_64-2.7
creating /home/anton/helloworld_ws/build/moveit_ros_planning_interface/lib.linux-x86_64-2.7/moveit_ros_planning_interface
copying python/moveit_ros_planning_interface/__init__.py -> /home/anton/helloworld_ws/build/moveit_ros_planning_interface/lib.linux-x86_64-2.7/moveit_ros_planning_interface
running install
running install_lib
creating /home/anton/helloworld_ws/install/lib/python2.7/dist-packages/moveit_ros_planning_interface
copying /home/anton/helloworld_ws/build/moveit_ros_planning_interface/lib.linux-x86_64-2.7/moveit_ros_planning_interface/__init__.py -> /home/anton/helloworld_ws/install/lib/python2.7/dist-packages/moveit_ros_planning_interface
byte-compiling /home/anton/helloworld_ws/install/lib/python2.7/dist-packages/moveit_ros_planning_interface/__init__.py to __init__.pyc
running install_egg_info
Writing /home/anton/helloworld_ws/install/lib/python2.7/dist-packages/moveit_ros_planning_interface-0.9.11.egg-info
-- Installing: /home/anton/helloworld_ws/install/lib/pkgconfig/moveit_ros_planning_interface.pc
-- Installing: /home/anton/helloworld_ws/install/share/moveit_ros_planning_interface/cmake/moveit_ros_planning_interfaceConfig.cmake
-- Installing: /home/anton/helloworld_ws/install/share/moveit_ros_planning_interface/cmake/moveit_ros_planning_interfaceConfig-version.cmake
-- Installing: /home/anton/helloworld_ws/install/share/moveit_ros_planning_interface/package.xml
-- Installing: /home/anton/helloworld_ws/install/lib/libmoveit_py_bindings_tools.so.0.9.11
-- Installing: /home/anton/helloworld_ws/install/lib/libmoveit_py_bindings_tools.so
-- Set runtime path of "/home/anton/helloworld_ws/install/lib/libmoveit_py_bindings_tools.so.0.9.11" to ""
-- Installing: /home/anton/helloworld_ws/install/lib/python2.7/dist-packages/moveit_ros_planning_interface/_moveit_roscpp_initializer.so.0.9.11
-- Installing: /home/anton/helloworld_ws/install/lib/python2.7/dist-packages/moveit_ros_planning_interface/_moveit_roscpp_initializer.so
-- Set runtime path of "/home/anton/helloworld_ws/install/lib/python2.7/dist-packages/moveit_ros_planning_interface/_moveit_roscpp_initializer.so.0.9.11" to ""
-- Up-to-date: /home/anton/helloworld_ws/install/include
-- Up-to-date: /home/anton/helloworld_ws/install/include/moveit
-- Installing: /home/anton/helloworld_ws/install/include/moveit/py_bindings_tools
-- Installing: /home/anton/helloworld_ws/install/include/moveit/py_bindings_tools/py_conversions.h
-- Installing: /home/anton/helloworld_ws/install/include/moveit/py_bindings_tools/serialize_msg.h
-- Installing: /home/anton/helloworld_ws/install/include/moveit/py_bindings_tools/roscpp_initializer.h
-- Installing: /home/anton/helloworld_ws/install/lib/libmoveit_common_planning_interface_objects.so.0.9.11
-- Installing: /home/anton/helloworld_ws/install/lib/libmoveit_common_planning_interface_objects.so
-- Set runtime path of "/home/anton/helloworld_ws/install/lib/libmoveit_common_planning_interface_objects.so.0.9.11" to ""
-- Up-to-date: /home/anton/helloworld_ws/install/include
-- Up-to-date: /home/anton/helloworld_ws/install/include/moveit
-- Installing: /home/anton/helloworld_ws/install/include/moveit/common_planning_interface_objects
-- Installing: /home/anton/helloworld_ws/install/include/moveit/common_planning_interface_objects/common_objects.h
-- Installing: /home/anton/helloworld_ws/install/lib/libmoveit_planning_scene_interface.so.0.9.11
-- Installing: /home/anton/helloworld_ws/install/lib/libmoveit_planning_scene_interface.so
-- Set runtime path of "/home/anton/helloworld_ws/install/lib/libmoveit_planning_scene_interface.so.0.9.11" to ""
-- Installing: /home/anton/helloworld_ws/install/lib/python2.7/dist-packages/moveit_ros_planning_interface/_moveit_planning_scene_interface.so.0.9.11
-- Installing: /home/anton/helloworld_ws/install/lib/python2.7/dist-packages/moveit_ros_planning_interface/_moveit_planning_scene_interface.so
-- Set runtime path of "/home/anton/helloworld_ws/install/lib/python2.7/dist-packages/moveit_ros_planning_interface/_moveit_planning_scene_interface.so.0.9.11" to ""
-- Up-to-date: /home/anton/helloworld_ws/install/include
-- Up-to-date: /home/anton/helloworld_ws/install/include/moveit
-- Installing: /home/anton/helloworld_ws/install/include/moveit/planning_scene_interface
-- Installing: /home/anton/helloworld_ws/install/include/moveit/planning_scene_interface/planning_scene_interface.h
-- Installing: /home/anton/helloworld_ws/install/lib/libmoveit_move_group_interface.so.0.9.11
-- Installing: /home/anton/helloworld_ws/install/lib/libmoveit_move_group_interface.so
-- Set runtime path of "/home/anton/helloworld_ws/install/lib/libmoveit_move_group_interface.so.0.9.11" to ""
-- Installing: /home/anton/helloworld_ws/install/lib/python2.7/dist-packages/moveit_ros_planning_interface/_moveit_move_group_interface.so.0.9.11
-- Installing: /home/anton/helloworld_ws/install/lib/python2.7/dist-packages/moveit_ros_planning_interface/_moveit_move_group_interface.so
-- Set runtime path of "/home/anton/helloworld_ws/install/lib/python2.7/dist-packages/moveit_ros_planning_interface/_moveit_move_group_interface.so.0.9.11" to ""
-- Up-to-date: /home/anton/helloworld_ws/install/include
-- Up-to-date: /home/anton/helloworld_ws/install/include/moveit
-- Installing: /home/anton/helloworld_ws/install/include/moveit/move_group_interface
-- Installing: /home/anton/helloworld_ws/install/include/moveit/move_group_interface/move_group.h
-- Installing: /home/anton/helloworld_ws/install/include/moveit/move_group_interface/move_group_interface.h
-- Installing: /home/anton/helloworld_ws/install/lib/python2.7/dist-packages/moveit_ros_planning_interface/_moveit_robot_interface.so.0.9.11
-- Installing: /home/anton/helloworld_ws/install/lib/python2.7/dist-packages/moveit_ros_planning_interface/_moveit_robot_interface.so
-- Set runtime path of "/home/anton/helloworld_ws/install/lib/python2.7/dist-packages/moveit_ros_planning_interface/_moveit_robot_interface.so.0.9.11" to ""
-- Installing: /home/anton/helloworld_ws/install/share/moveit_ros_planning_interface/test/python_move_group.py
-- Installing: /home/anton/helloworld_ws/install/share/moveit_ros_planning_interface/test/python_move_group_ns.py
-- Installing: /home/anton/helloworld_ws/install/share/moveit_ros_planning_interface/test/python_move_group.test
-- Installing: /home/anton/helloworld_ws/install/share/moveit_ros_planning_interface/test/python_move_group_ns.test
