Symlinking /home/anton/helloworld_ws/devel/lib/libmoveit_move_group_interface.so
Symlinking /home/anton/helloworld_ws/devel/lib/libmoveit_planning_scene_interface.so.0.9.11
Symlinking /home/anton/helloworld_ws/devel/lib/libmoveit_common_planning_interface_objects.so
Symlinking /home/anton/helloworld_ws/devel/lib/libmoveit_py_bindings_tools.so.0.9.11
Symlinking /home/anton/helloworld_ws/devel/lib/libmoveit_py_bindings_tools.so
Symlinking /home/anton/helloworld_ws/devel/lib/libmoveit_common_planning_interface_objects.so.0.9.11
Symlinking /home/anton/helloworld_ws/devel/lib/libmoveit_planning_scene_interface.so
Symlinking /home/anton/helloworld_ws/devel/lib/libmoveit_move_group_interface.so.0.9.11
Symlinking /home/anton/helloworld_ws/devel/lib/python2.7/dist-packages/moveit_ros_planning_interface/_moveit_planning_scene_interface.so.0.9.11
Symlinking /home/anton/helloworld_ws/devel/lib/python2.7/dist-packages/moveit_ros_planning_interface/_moveit_robot_interface.so
Symlinking /home/anton/helloworld_ws/devel/lib/python2.7/dist-packages/moveit_ros_planning_interface/_moveit_move_group_interface.so
Symlinking /home/anton/helloworld_ws/devel/lib/python2.7/dist-packages/moveit_ros_planning_interface/_moveit_robot_interface.so.0.9.11
Symlinking /home/anton/helloworld_ws/devel/lib/python2.7/dist-packages/moveit_ros_planning_interface/_moveit_planning_scene_interface.so
Symlinking /home/anton/helloworld_ws/devel/lib/python2.7/dist-packages/moveit_ros_planning_interface/__init__.py
Symlinking /home/anton/helloworld_ws/devel/lib/python2.7/dist-packages/moveit_ros_planning_interface/_moveit_move_group_interface.so.0.9.11
Symlinking /home/anton/helloworld_ws/devel/lib/python2.7/dist-packages/moveit_ros_planning_interface/_moveit_roscpp_initializer.so.0.9.11
Symlinking /home/anton/helloworld_ws/devel/lib/python2.7/dist-packages/moveit_ros_planning_interface/_moveit_roscpp_initializer.so
Symlinking /home/anton/helloworld_ws/devel/lib/pkgconfig/moveit_ros_planning_interface.pc
Symlinking /home/anton/helloworld_ws/devel/lib/moveit_ros_planning_interface/demo
Symlinking /home/anton/helloworld_ws/devel/share/moveit_ros_planning_interface/cmake/moveit_ros_planning_interfaceConfig.cmake
Symlinking /home/anton/helloworld_ws/devel/share/moveit_ros_planning_interface/cmake/moveit_ros_planning_interfaceConfig-version.cmake
Cleaning: (/home/ros/helloworld_ws/devel/.private/moveit_ros_planning_interface/share/moveit_ros_planning_interface/cmake/moveit_ros_planning_interfaceConfig-version.cmake, /home/ros/helloworld_ws/devel/share/moveit_ros_planning_interface/cmake/moveit_ros_planning_interfaceConfig-version.cmake)
Cleaning: (/home/ros/helloworld_ws/devel/.private/moveit_ros_planning_interface/share/moveit_ros_planning_interface/cmake/moveit_ros_planning_interfaceConfig.cmake, /home/ros/helloworld_ws/devel/share/moveit_ros_planning_interface/cmake/moveit_ros_planning_interfaceConfig.cmake)
Cleaning: (/home/ros/helloworld_ws/devel/.private/moveit_ros_planning_interface/lib/libmoveit_py_bindings_tools.so.0.9.11, /home/ros/helloworld_ws/devel/lib/libmoveit_py_bindings_tools.so.0.9.11)
Cleaning: (/home/ros/helloworld_ws/devel/.private/moveit_ros_planning_interface/lib/libmoveit_move_group_interface.so, /home/ros/helloworld_ws/devel/lib/libmoveit_move_group_interface.so)
Cleaning: (/home/ros/helloworld_ws/devel/.private/moveit_ros_planning_interface/lib/libmoveit_py_bindings_tools.so, /home/ros/helloworld_ws/devel/lib/libmoveit_py_bindings_tools.so)
Cleaning: (/home/ros/helloworld_ws/devel/.private/moveit_ros_planning_interface/lib/libmoveit_planning_scene_interface.so.0.9.11, /home/ros/helloworld_ws/devel/lib/libmoveit_planning_scene_interface.so.0.9.11)
Cleaning: (/home/ros/helloworld_ws/devel/.private/moveit_ros_planning_interface/lib/libmoveit_planning_scene_interface.so, /home/ros/helloworld_ws/devel/lib/libmoveit_planning_scene_interface.so)
Cleaning: (/home/ros/helloworld_ws/devel/.private/moveit_ros_planning_interface/lib/libmoveit_common_planning_interface_objects.so.0.9.11, /home/ros/helloworld_ws/devel/lib/libmoveit_common_planning_interface_objects.so.0.9.11)
Cleaning: (/home/ros/helloworld_ws/devel/.private/moveit_ros_planning_interface/lib/libmoveit_move_group_interface.so.0.9.11, /home/ros/helloworld_ws/devel/lib/libmoveit_move_group_interface.so.0.9.11)
Cleaning: (/home/ros/helloworld_ws/devel/.private/moveit_ros_planning_interface/lib/libmoveit_common_planning_interface_objects.so, /home/ros/helloworld_ws/devel/lib/libmoveit_common_planning_interface_objects.so)
Cleaning: (/home/ros/helloworld_ws/devel/.private/moveit_ros_planning_interface/lib/python2.7/dist-packages/moveit_ros_planning_interface/_moveit_move_group_interface.so, /home/ros/helloworld_ws/devel/lib/python2.7/dist-packages/moveit_ros_planning_interface/_moveit_move_group_interface.so)
Cleaning: (/home/ros/helloworld_ws/devel/.private/moveit_ros_planning_interface/lib/python2.7/dist-packages/moveit_ros_planning_interface/_moveit_roscpp_initializer.so.0.9.11, /home/ros/helloworld_ws/devel/lib/python2.7/dist-packages/moveit_ros_planning_interface/_moveit_roscpp_initializer.so.0.9.11)
Cleaning: (/home/ros/helloworld_ws/devel/.private/moveit_ros_planning_interface/lib/python2.7/dist-packages/moveit_ros_planning_interface/_moveit_move_group_interface.so.0.9.11, /home/ros/helloworld_ws/devel/lib/python2.7/dist-packages/moveit_ros_planning_interface/_moveit_move_group_interface.so.0.9.11)
Cleaning: (/home/ros/helloworld_ws/devel/.private/moveit_ros_planning_interface/lib/python2.7/dist-packages/moveit_ros_planning_interface/_moveit_robot_interface.so.0.9.11, /home/ros/helloworld_ws/devel/lib/python2.7/dist-packages/moveit_ros_planning_interface/_moveit_robot_interface.so.0.9.11)
Cleaning: (/home/ros/helloworld_ws/devel/.private/moveit_ros_planning_interface/lib/python2.7/dist-packages/moveit_ros_planning_interface/_moveit_roscpp_initializer.so, /home/ros/helloworld_ws/devel/lib/python2.7/dist-packages/moveit_ros_planning_interface/_moveit_roscpp_initializer.so)
Cleaning: (/home/ros/helloworld_ws/devel/.private/moveit_ros_planning_interface/lib/python2.7/dist-packages/moveit_ros_planning_interface/_moveit_planning_scene_interface.so, /home/ros/helloworld_ws/devel/lib/python2.7/dist-packages/moveit_ros_planning_interface/_moveit_planning_scene_interface.so)
Cleaning: (/home/ros/helloworld_ws/devel/.private/moveit_ros_planning_interface/lib/python2.7/dist-packages/moveit_ros_planning_interface/_moveit_robot_interface.so, /home/ros/helloworld_ws/devel/lib/python2.7/dist-packages/moveit_ros_planning_interface/_moveit_robot_interface.so)
Cleaning: (/home/ros/helloworld_ws/devel/.private/moveit_ros_planning_interface/lib/python2.7/dist-packages/moveit_ros_planning_interface/__init__.py, /home/ros/helloworld_ws/devel/lib/python2.7/dist-packages/moveit_ros_planning_interface/__init__.py)
Cleaning: (/home/ros/helloworld_ws/devel/.private/moveit_ros_planning_interface/lib/python2.7/dist-packages/moveit_ros_planning_interface/_moveit_planning_scene_interface.so.0.9.11, /home/ros/helloworld_ws/devel/lib/python2.7/dist-packages/moveit_ros_planning_interface/_moveit_planning_scene_interface.so.0.9.11)
Cleaning: (/home/ros/helloworld_ws/devel/.private/moveit_ros_planning_interface/lib/pkgconfig/moveit_ros_planning_interface.pc, /home/ros/helloworld_ws/devel/lib/pkgconfig/moveit_ros_planning_interface.pc)
Cleaning: (/home/ros/helloworld_ws/devel/.private/moveit_ros_planning_interface/lib/moveit_ros_planning_interface/demo, /home/ros/helloworld_ws/devel/lib/moveit_ros_planning_interface/demo)
Unlinking: /home/ros/helloworld_ws/devel/share/moveit_ros_planning_interface/cmake/moveit_ros_planning_interfaceConfig-version.cmake
Already unlinked: {}
Unlinking: /home/ros/helloworld_ws/devel/share/moveit_ros_planning_interface/cmake/moveit_ros_planning_interfaceConfig.cmake
Already unlinked: {}
Unlinking: /home/ros/helloworld_ws/devel/lib/libmoveit_py_bindings_tools.so.0.9.11
Already unlinked: {}
Unlinking: /home/ros/helloworld_ws/devel/lib/libmoveit_move_group_interface.so
Already unlinked: {}
Unlinking: /home/ros/helloworld_ws/devel/lib/libmoveit_py_bindings_tools.so
Already unlinked: {}
Unlinking: /home/ros/helloworld_ws/devel/lib/libmoveit_planning_scene_interface.so.0.9.11
Already unlinked: {}
Unlinking: /home/ros/helloworld_ws/devel/lib/libmoveit_planning_scene_interface.so
Already unlinked: {}
Unlinking: /home/ros/helloworld_ws/devel/lib/libmoveit_common_planning_interface_objects.so.0.9.11
Already unlinked: {}
Unlinking: /home/ros/helloworld_ws/devel/lib/libmoveit_move_group_interface.so.0.9.11
Already unlinked: {}
Unlinking: /home/ros/helloworld_ws/devel/lib/libmoveit_common_planning_interface_objects.so
Already unlinked: {}
Unlinking: /home/ros/helloworld_ws/devel/lib/python2.7/dist-packages/moveit_ros_planning_interface/_moveit_move_group_interface.so
Already unlinked: {}
Unlinking: /home/ros/helloworld_ws/devel/lib/python2.7/dist-packages/moveit_ros_planning_interface/_moveit_roscpp_initializer.so.0.9.11
Already unlinked: {}
Unlinking: /home/ros/helloworld_ws/devel/lib/python2.7/dist-packages/moveit_ros_planning_interface/_moveit_move_group_interface.so.0.9.11
Already unlinked: {}
Unlinking: /home/ros/helloworld_ws/devel/lib/python2.7/dist-packages/moveit_ros_planning_interface/_moveit_robot_interface.so.0.9.11
Already unlinked: {}
Unlinking: /home/ros/helloworld_ws/devel/lib/python2.7/dist-packages/moveit_ros_planning_interface/_moveit_roscpp_initializer.so
Already unlinked: {}
Unlinking: /home/ros/helloworld_ws/devel/lib/python2.7/dist-packages/moveit_ros_planning_interface/_moveit_planning_scene_interface.so
Already unlinked: {}
Unlinking: /home/ros/helloworld_ws/devel/lib/python2.7/dist-packages/moveit_ros_planning_interface/_moveit_robot_interface.so
Already unlinked: {}
Unlinking: /home/ros/helloworld_ws/devel/lib/python2.7/dist-packages/moveit_ros_planning_interface/__init__.py
Already unlinked: {}
Unlinking: /home/ros/helloworld_ws/devel/lib/python2.7/dist-packages/moveit_ros_planning_interface/_moveit_planning_scene_interface.so.0.9.11
Already unlinked: {}
Unlinking: /home/ros/helloworld_ws/devel/lib/pkgconfig/moveit_ros_planning_interface.pc
Already unlinked: {}
Unlinking: /home/ros/helloworld_ws/devel/lib/moveit_ros_planning_interface/demo
Already unlinked: {}
