Linked: (/home/anton/helloworld_ws/devel/.private/moveit_ros_planning_interface/lib/libmoveit_move_group_interface.so, /home/anton/helloworld_ws/devel/lib/libmoveit_move_group_interface.so)
Linked: (/home/anton/helloworld_ws/devel/.private/moveit_ros_planning_interface/lib/libmoveit_planning_scene_interface.so.0.9.11, /home/anton/helloworld_ws/devel/lib/libmoveit_planning_scene_interface.so.0.9.11)
Linked: (/home/anton/helloworld_ws/devel/.private/moveit_ros_planning_interface/lib/libmoveit_common_planning_interface_objects.so, /home/anton/helloworld_ws/devel/lib/libmoveit_common_planning_interface_objects.so)
Linked: (/home/anton/helloworld_ws/devel/.private/moveit_ros_planning_interface/lib/libmoveit_py_bindings_tools.so.0.9.11, /home/anton/helloworld_ws/devel/lib/libmoveit_py_bindings_tools.so.0.9.11)
Linked: (/home/anton/helloworld_ws/devel/.private/moveit_ros_planning_interface/lib/libmoveit_py_bindings_tools.so, /home/anton/helloworld_ws/devel/lib/libmoveit_py_bindings_tools.so)
Linked: (/home/anton/helloworld_ws/devel/.private/moveit_ros_planning_interface/lib/libmoveit_common_planning_interface_objects.so.0.9.11, /home/anton/helloworld_ws/devel/lib/libmoveit_common_planning_interface_objects.so.0.9.11)
Linked: (/home/anton/helloworld_ws/devel/.private/moveit_ros_planning_interface/lib/libmoveit_planning_scene_interface.so, /home/anton/helloworld_ws/devel/lib/libmoveit_planning_scene_interface.so)
Linked: (/home/anton/helloworld_ws/devel/.private/moveit_ros_planning_interface/lib/libmoveit_move_group_interface.so.0.9.11, /home/anton/helloworld_ws/devel/lib/libmoveit_move_group_interface.so.0.9.11)
Linked: (/home/anton/helloworld_ws/devel/.private/moveit_ros_planning_interface/lib/python2.7/dist-packages/moveit_ros_planning_interface/_moveit_planning_scene_interface.so.0.9.11, /home/anton/helloworld_ws/devel/lib/python2.7/dist-packages/moveit_ros_planning_interface/_moveit_planning_scene_interface.so.0.9.11)
Linked: (/home/anton/helloworld_ws/devel/.private/moveit_ros_planning_interface/lib/python2.7/dist-packages/moveit_ros_planning_interface/_moveit_robot_interface.so, /home/anton/helloworld_ws/devel/lib/python2.7/dist-packages/moveit_ros_planning_interface/_moveit_robot_interface.so)
Linked: (/home/anton/helloworld_ws/devel/.private/moveit_ros_planning_interface/lib/python2.7/dist-packages/moveit_ros_planning_interface/_moveit_move_group_interface.so, /home/anton/helloworld_ws/devel/lib/python2.7/dist-packages/moveit_ros_planning_interface/_moveit_move_group_interface.so)
Linked: (/home/anton/helloworld_ws/devel/.private/moveit_ros_planning_interface/lib/python2.7/dist-packages/moveit_ros_planning_interface/_moveit_robot_interface.so.0.9.11, /home/anton/helloworld_ws/devel/lib/python2.7/dist-packages/moveit_ros_planning_interface/_moveit_robot_interface.so.0.9.11)
Linked: (/home/anton/helloworld_ws/devel/.private/moveit_ros_planning_interface/lib/python2.7/dist-packages/moveit_ros_planning_interface/_moveit_planning_scene_interface.so, /home/anton/helloworld_ws/devel/lib/python2.7/dist-packages/moveit_ros_planning_interface/_moveit_planning_scene_interface.so)
Linked: (/home/anton/helloworld_ws/devel/.private/moveit_ros_planning_interface/lib/python2.7/dist-packages/moveit_ros_planning_interface/__init__.py, /home/anton/helloworld_ws/devel/lib/python2.7/dist-packages/moveit_ros_planning_interface/__init__.py)
Linked: (/home/anton/helloworld_ws/devel/.private/moveit_ros_planning_interface/lib/python2.7/dist-packages/moveit_ros_planning_interface/_moveit_move_group_interface.so.0.9.11, /home/anton/helloworld_ws/devel/lib/python2.7/dist-packages/moveit_ros_planning_interface/_moveit_move_group_interface.so.0.9.11)
Linked: (/home/anton/helloworld_ws/devel/.private/moveit_ros_planning_interface/lib/python2.7/dist-packages/moveit_ros_planning_interface/_moveit_roscpp_initializer.so.0.9.11, /home/anton/helloworld_ws/devel/lib/python2.7/dist-packages/moveit_ros_planning_interface/_moveit_roscpp_initializer.so.0.9.11)
Linked: (/home/anton/helloworld_ws/devel/.private/moveit_ros_planning_interface/lib/python2.7/dist-packages/moveit_ros_planning_interface/_moveit_roscpp_initializer.so, /home/anton/helloworld_ws/devel/lib/python2.7/dist-packages/moveit_ros_planning_interface/_moveit_roscpp_initializer.so)
Linked: (/home/anton/helloworld_ws/devel/.private/moveit_ros_planning_interface/lib/pkgconfig/moveit_ros_planning_interface.pc, /home/anton/helloworld_ws/devel/lib/pkgconfig/moveit_ros_planning_interface.pc)
Linked: (/home/anton/helloworld_ws/devel/.private/moveit_ros_planning_interface/lib/moveit_ros_planning_interface/demo, /home/anton/helloworld_ws/devel/lib/moveit_ros_planning_interface/demo)
Linked: (/home/anton/helloworld_ws/devel/.private/moveit_ros_planning_interface/share/moveit_ros_planning_interface/cmake/moveit_ros_planning_interfaceConfig.cmake, /home/anton/helloworld_ws/devel/share/moveit_ros_planning_interface/cmake/moveit_ros_planning_interfaceConfig.cmake)
Linked: (/home/anton/helloworld_ws/devel/.private/moveit_ros_planning_interface/share/moveit_ros_planning_interface/cmake/moveit_ros_planning_interfaceConfig-version.cmake, /home/anton/helloworld_ws/devel/share/moveit_ros_planning_interface/cmake/moveit_ros_planning_interfaceConfig-version.cmake)
