Not searching for unused variables given on the command line.
[36m--[0m The C compiler identification is GNU 5.4.0
[36m--[0m The CXX compiler identification is GNU 5.4.0
[36m--[0m Check for working C compiler: /usr/bin/cc
[36m--[0m Check for working C compiler: /usr/bin/cc -- works
[36m--[0m Detecting C compiler ABI info
[36m--[0m Detecting C compiler ABI info - done
[36m--[0m Detecting C compile features
[36m--[0m Detecting C compile features - done
[36m--[0m Check for working CXX compiler: /usr/bin/c++
[36m--[0m Check for working CXX compiler: /usr/bin/c++ -- works
[36m--[0m Detecting CXX compiler ABI info
[36m--[0m Detecting CXX compiler ABI info - done
[36m--[0m Detecting CXX compile features
[36m--[0m Detecting CXX compile features - done
[36m--[0m Looking for pthread.h
[36m--[0m Looking for pthread.h - found
[36m--[0m Looking for pthread_create
[36m--[0m Looking for pthread_create - not found
[36m--[0m Looking for pthread_create in pthreads
[36m--[0m Looking for pthread_create in pthreads - not found
[36m--[0m Looking for pthread_create in pthread
[36m--[0m Looking for pthread_create in pthread - found
[36m--[0m Found Threads: TRUE
[36m--[0m Boost version: 1.58.0
[36m--[0m Found the following Boost libraries:
[36m--[0m   system
[36m--[0m   filesystem
[36m--[0m   date_time
[36m--[0m   thread
[36m--[0m   iostreams
[36m--[0m   chrono
[36m--[0m   atomic
[36m--[0m   regex
[36m--[0m Found PkgConfig: /usr/bin/pkg-config (found version "0.29.1")
[36m--[0m Checking for module 'fcl'
[36m--[0m   Found fcl, version 0.5.0
[36m--[0m Using CATKIN_DEVEL_PREFIX: /home/anton/helloworld_ws/devel/.private/moveit_core
[36m--[0m Using CMAKE_PREFIX_PATH: /home/anton/helloworld_ws/install;/opt/ros/kinetic
[36m--[0m This workspace overlays: /home/anton/helloworld_ws/install;/opt/ros/kinetic
[36m--[0m Found PythonInterp: /usr/bin/python (found version "2.7.12")
[36m--[0m Using PYTHON_EXECUTABLE: /usr/bin/python
[36m--[0m Using Debian Python package layout
[36m--[0m Using empy: /usr/bin/empy
[36m--[0m Using CATKIN_ENABLE_TESTING: ON
[36m--[0m Call enable_testing()
[36m--[0m Using CATKIN_TEST_RESULTS_DIR: /home/anton/helloworld_ws/build/moveit_core/test_results
[36m--[0m Found gmock sources under '/usr/src/gmock': gmock will be built
[36m--[0m Found gtest sources under '/usr/src/gmock': gtests will be built
[36m--[0m Using Python nosetests: /usr/bin/nosetests-2.7
[36m--[0m catkin 0.7.11
[36m--[0m Using these message generators: gencpp;geneus;genlisp;gennodejs;genpy
[36m--[0m  *** Building MoveIt! 0.9.11-Alpha ***
[36m--[0m Configuring done
[33m[1mCMake Warning[0m at /opt/ros/kinetic/share/catkin/cmake/test/gtest.cmake:169 (add_executable):
  Cannot generate a safe runtime search path for target test_robot_model
  because there is a cycle in the constraint graph:

    dir 0 is [/home/anton/helloworld_ws/build/moveit_core/gtest]
    dir 1 is [/home/anton/helloworld_ws/build/moveit_core/gtest/gtest]
    dir 2 is [/opt/ros/kinetic/lib]
      dir 3 must precede it due to runtime library [libgeometric_shapes.so]
      dir 4 must precede it due to runtime library [libmoveit_robot_model.so.0.9.11]
    dir 3 is [/home/anton/helloworld_ws/install/lib]
      dir 4 must precede it due to runtime library [libmoveit_robot_model.so.0.9.11]
    dir 4 is [/home/anton/helloworld_ws/devel/.private/moveit_core/lib]

  Some of these libraries may not be found correctly.
[36mCall Stack (most recent call first):[0m
  /opt/ros/kinetic/share/catkin/cmake/test/gtest.cmake:79 (_catkin_add_executable_with_google_test)
  /opt/ros/kinetic/share/catkin/cmake/test/gtest.cmake:28 (_catkin_add_google_test)
  robot_model/CMakeLists.txt:24 (catkin_add_gtest)


[33m[1mCMake Warning[0m at /opt/ros/kinetic/share/catkin/cmake/test/gtest.cmake:169 (add_executable):
  Cannot generate a safe runtime search path for target test_robot_state
  because there is a cycle in the constraint graph:

    dir 0 is [/home/anton/helloworld_ws/build/moveit_core/gtest]
    dir 1 is [/home/anton/helloworld_ws/build/moveit_core/gtest/gtest]
    dir 2 is [/opt/ros/kinetic/lib]
      dir 3 must precede it due to runtime library [libgeometric_shapes.so]
      dir 4 must precede it due to runtime library [libmoveit_robot_state.so.0.9.11]
    dir 3 is [/home/anton/helloworld_ws/install/lib]
      dir 4 must precede it due to runtime library [libmoveit_robot_state.so.0.9.11]
    dir 4 is [/home/anton/helloworld_ws/devel/.private/moveit_core/lib]

  Some of these libraries may not be found correctly.
[36mCall Stack (most recent call first):[0m
  /opt/ros/kinetic/share/catkin/cmake/test/gtest.cmake:79 (_catkin_add_executable_with_google_test)
  /opt/ros/kinetic/share/catkin/cmake/test/gtest.cmake:28 (_catkin_add_google_test)
  robot_state/CMakeLists.txt:24 (catkin_add_gtest)


[33m[1mCMake Warning[0m at /opt/ros/kinetic/share/catkin/cmake/test/gtest.cmake:169 (add_executable):
  Cannot generate a safe runtime search path for target test_aabb because
  there is a cycle in the constraint graph:

    dir 0 is [/home/anton/helloworld_ws/build/moveit_core/gtest]
    dir 1 is [/home/anton/helloworld_ws/build/moveit_core/gtest/gtest]
    dir 2 is [/opt/ros/kinetic/lib]
      dir 3 must precede it due to runtime library [libgeometric_shapes.so]
      dir 4 must precede it due to runtime library [libmoveit_robot_state.so.0.9.11]
    dir 3 is [/home/anton/helloworld_ws/install/lib]
      dir 4 must precede it due to runtime library [libmoveit_robot_state.so.0.9.11]
    dir 4 is [/home/anton/helloworld_ws/devel/.private/moveit_core/lib]

  Some of these libraries may not be found correctly.
[36mCall Stack (most recent call first):[0m
  /opt/ros/kinetic/share/catkin/cmake/test/gtest.cmake:79 (_catkin_add_executable_with_google_test)
  /opt/ros/kinetic/share/catkin/cmake/test/gtest.cmake:28 (_catkin_add_google_test)
  robot_state/CMakeLists.txt:30 (catkin_add_gtest)


[33m[1mCMake Warning[0m at /opt/ros/kinetic/share/catkin/cmake/test/gtest.cmake:169 (add_executable):
  Cannot generate a safe runtime search path for target
  test_robot_state_complex because there is a cycle in the constraint graph:

    dir 0 is [/home/anton/helloworld_ws/build/moveit_core/gtest]
    dir 1 is [/home/anton/helloworld_ws/build/moveit_core/gtest/gtest]
    dir 2 is [/opt/ros/kinetic/lib]
      dir 3 must precede it due to runtime library [libgeometric_shapes.so]
      dir 4 must precede it due to runtime library [libmoveit_robot_state.so.0.9.11]
    dir 3 is [/home/anton/helloworld_ws/install/lib]
      dir 4 must precede it due to runtime library [libmoveit_robot_state.so.0.9.11]
    dir 4 is [/home/anton/helloworld_ws/devel/.private/moveit_core/lib]

  Some of these libraries may not be found correctly.
[36mCall Stack (most recent call first):[0m
  /opt/ros/kinetic/share/catkin/cmake/test/gtest.cmake:79 (_catkin_add_executable_with_google_test)
  /opt/ros/kinetic/share/catkin/cmake/test/gtest.cmake:28 (_catkin_add_google_test)
  robot_state/CMakeLists.txt:27 (catkin_add_gtest)


[33m[1mCMake Warning[0m at /opt/ros/kinetic/share/catkin/cmake/test/gtest.cmake:169 (add_executable):
  Cannot generate a safe runtime search path for target
  test_time_parameterization because there is a cycle in the constraint
  graph:

    dir 0 is [/home/anton/helloworld_ws/build/moveit_core/gtest]
    dir 1 is [/home/anton/helloworld_ws/build/moveit_core/gtest/gtest]
    dir 2 is [/opt/ros/kinetic/lib]
      dir 3 must precede it due to runtime library [libgeometric_shapes.so]
      dir 4 must precede it due to runtime library [libmoveit_trajectory_processing.so.0.9.11]
    dir 3 is [/home/anton/helloworld_ws/install/lib]
      dir 4 must precede it due to runtime library [libmoveit_trajectory_processing.so.0.9.11]
    dir 4 is [/home/anton/helloworld_ws/devel/.private/moveit_core/lib]

  Some of these libraries may not be found correctly.
[36mCall Stack (most recent call first):[0m
  /opt/ros/kinetic/share/catkin/cmake/test/gtest.cmake:79 (_catkin_add_executable_with_google_test)
  /opt/ros/kinetic/share/catkin/cmake/test/gtest.cmake:28 (_catkin_add_google_test)
  trajectory_processing/CMakeLists.txt:22 (catkin_add_gtest)


[36m--[0m Generating done
[36m--[0m Build files have been written to: /home/anton/helloworld_ws/build/moveit_core
