Symlinking /home/anton/helloworld_ws/devel/include/moveit/version.h
Symlinking /home/anton/helloworld_ws/devel/lib/libmoveit_profiler.so
Symlinking /home/anton/helloworld_ws/devel/lib/libmoveit_kinematics_metrics.so
Symlinking /home/anton/helloworld_ws/devel/lib/libmoveit_kinematics_base.so.0.9.11
Symlinking /home/anton/helloworld_ws/devel/lib/libmoveit_planning_scene.so.0.9.11
Symlinking /home/anton/helloworld_ws/devel/lib/libmoveit_planning_request_adapter.so.0.9.11
Symlinking /home/anton/helloworld_ws/devel/lib/libmoveit_planning_request_adapter.so
Symlinking /home/anton/helloworld_ws/devel/lib/libmoveit_trajectory_processing.so
Symlinking /home/anton/helloworld_ws/devel/lib/libmoveit_kinematics_metrics.so.0.9.11
Symlinking /home/anton/helloworld_ws/devel/lib/libmoveit_robot_trajectory.so
Symlinking /home/anton/helloworld_ws/devel/lib/libmoveit_trajectory_processing.so.0.9.11
Symlinking /home/anton/helloworld_ws/devel/lib/libmoveit_robot_model.so
Symlinking /home/anton/helloworld_ws/devel/lib/libmoveit_collision_detection_fcl.so.0.9.11
Symlinking /home/anton/helloworld_ws/devel/lib/libmoveit_distance_field.so
Symlinking /home/anton/helloworld_ws/devel/lib/libmoveit_kinematic_constraints.so.0.9.11
Symlinking /home/anton/helloworld_ws/devel/lib/libmoveit_kinematics_base.so
Symlinking /home/anton/helloworld_ws/devel/lib/libmoveit_constraint_samplers.so.0.9.11
Symlinking /home/anton/helloworld_ws/devel/lib/libmoveit_transforms.so.0.9.11
Symlinking /home/anton/helloworld_ws/devel/lib/libmoveit_robot_state.so.0.9.11
Symlinking /home/anton/helloworld_ws/devel/lib/libmoveit_planning_interface.so.0.9.11
Symlinking /home/anton/helloworld_ws/devel/lib/libmoveit_planning_scene.so
Symlinking /home/anton/helloworld_ws/devel/lib/libmoveit_kinematic_constraints.so
Symlinking /home/anton/helloworld_ws/devel/lib/libmoveit_transforms.so
Symlinking /home/anton/helloworld_ws/devel/lib/libmoveit_exceptions.so
Symlinking /home/anton/helloworld_ws/devel/lib/libmoveit_collision_detection_fcl.so
Symlinking /home/anton/helloworld_ws/devel/lib/libmoveit_dynamics_solver.so.0.9.11
Symlinking /home/anton/helloworld_ws/devel/lib/libmoveit_collision_detection.so.0.9.11
Symlinking /home/anton/helloworld_ws/devel/lib/libmoveit_robot_state.so
Symlinking /home/anton/helloworld_ws/devel/lib/libmoveit_exceptions.so.0.9.11
Symlinking /home/anton/helloworld_ws/devel/lib/libmoveit_profiler.so.0.9.11
Symlinking /home/anton/helloworld_ws/devel/lib/libmoveit_background_processing.so
Symlinking /home/anton/helloworld_ws/devel/lib/libmoveit_dynamics_solver.so
Symlinking /home/anton/helloworld_ws/devel/lib/libmoveit_collision_detection.so
Symlinking /home/anton/helloworld_ws/devel/lib/libmoveit_robot_model.so.0.9.11
Symlinking /home/anton/helloworld_ws/devel/lib/libmoveit_distance_field.so.0.9.11
Symlinking /home/anton/helloworld_ws/devel/lib/libmoveit_planning_interface.so
Symlinking /home/anton/helloworld_ws/devel/lib/libmoveit_constraint_samplers.so
Symlinking /home/anton/helloworld_ws/devel/lib/libmoveit_background_processing.so.0.9.11
Symlinking /home/anton/helloworld_ws/devel/lib/libmoveit_robot_trajectory.so.0.9.11
Symlinking /home/anton/helloworld_ws/devel/lib/pkgconfig/moveit_core.pc
Symlinking /home/anton/helloworld_ws/devel/lib/moveit_core/moveit_version
Symlinking /home/anton/helloworld_ws/devel/share/moveit_core/cmake/moveit_coreConfig-version.cmake
Symlinking /home/anton/helloworld_ws/devel/share/moveit_core/cmake/moveit_coreConfig.cmake
Cleaning: (/home/ros/helloworld_ws/devel/.private/moveit_core/share/moveit_core/cmake/moveit_coreConfig-version.cmake, /home/ros/helloworld_ws/devel/share/moveit_core/cmake/moveit_coreConfig-version.cmake)
Cleaning: (/home/ros/helloworld_ws/devel/.private/moveit_core/share/moveit_core/cmake/moveit_coreConfig.cmake, /home/ros/helloworld_ws/devel/share/moveit_core/cmake/moveit_coreConfig.cmake)
Cleaning: (/home/ros/helloworld_ws/devel/.private/moveit_core/include/moveit/version.h, /home/ros/helloworld_ws/devel/include/moveit/version.h)
Cleaning: (/home/ros/helloworld_ws/devel/.private/moveit_core/lib/libmoveit_transforms.so.0.9.11, /home/ros/helloworld_ws/devel/lib/libmoveit_transforms.so.0.9.11)
Cleaning: (/home/ros/helloworld_ws/devel/.private/moveit_core/lib/libmoveit_background_processing.so, /home/ros/helloworld_ws/devel/lib/libmoveit_background_processing.so)
Cleaning: (/home/ros/helloworld_ws/devel/.private/moveit_core/lib/libmoveit_constraint_samplers.so, /home/ros/helloworld_ws/devel/lib/libmoveit_constraint_samplers.so)
Cleaning: (/home/ros/helloworld_ws/devel/.private/moveit_core/lib/libmoveit_collision_detection_fcl.so, /home/ros/helloworld_ws/devel/lib/libmoveit_collision_detection_fcl.so)
Cleaning: (/home/ros/helloworld_ws/devel/.private/moveit_core/lib/libmoveit_exceptions.so, /home/ros/helloworld_ws/devel/lib/libmoveit_exceptions.so)
Cleaning: (/home/ros/helloworld_ws/devel/.private/moveit_core/lib/libmoveit_background_processing.so.0.9.11, /home/ros/helloworld_ws/devel/lib/libmoveit_background_processing.so.0.9.11)
Cleaning: (/home/ros/helloworld_ws/devel/.private/moveit_core/lib/libmoveit_robot_state.so, /home/ros/helloworld_ws/devel/lib/libmoveit_robot_state.so)
Cleaning: (/home/ros/helloworld_ws/devel/.private/moveit_core/lib/libmoveit_transforms.so, /home/ros/helloworld_ws/devel/lib/libmoveit_transforms.so)
Cleaning: (/home/ros/helloworld_ws/devel/.private/moveit_core/lib/libmoveit_distance_field.so.0.9.11, /home/ros/helloworld_ws/devel/lib/libmoveit_distance_field.so.0.9.11)
Cleaning: (/home/ros/helloworld_ws/devel/.private/moveit_core/lib/libmoveit_collision_detection_fcl.so.0.9.11, /home/ros/helloworld_ws/devel/lib/libmoveit_collision_detection_fcl.so.0.9.11)
Cleaning: (/home/ros/helloworld_ws/devel/.private/moveit_core/lib/libmoveit_trajectory_processing.so.0.9.11, /home/ros/helloworld_ws/devel/lib/libmoveit_trajectory_processing.so.0.9.11)
Cleaning: (/home/ros/helloworld_ws/devel/.private/moveit_core/lib/libmoveit_robot_trajectory.so.0.9.11, /home/ros/helloworld_ws/devel/lib/libmoveit_robot_trajectory.so.0.9.11)
Cleaning: (/home/ros/helloworld_ws/devel/.private/moveit_core/lib/libmoveit_exceptions.so.0.9.11, /home/ros/helloworld_ws/devel/lib/libmoveit_exceptions.so.0.9.11)
Cleaning: (/home/ros/helloworld_ws/devel/.private/moveit_core/lib/libmoveit_profiler.so, /home/ros/helloworld_ws/devel/lib/libmoveit_profiler.so)
Cleaning: (/home/ros/helloworld_ws/devel/.private/moveit_core/lib/libmoveit_planning_scene.so.0.9.11, /home/ros/helloworld_ws/devel/lib/libmoveit_planning_scene.so.0.9.11)
Cleaning: (/home/ros/helloworld_ws/devel/.private/moveit_core/lib/libmoveit_kinematic_constraints.so.0.9.11, /home/ros/helloworld_ws/devel/lib/libmoveit_kinematic_constraints.so.0.9.11)
Cleaning: (/home/ros/helloworld_ws/devel/.private/moveit_core/lib/libmoveit_constraint_samplers.so.0.9.11, /home/ros/helloworld_ws/devel/lib/libmoveit_constraint_samplers.so.0.9.11)
Cleaning: (/home/ros/helloworld_ws/devel/.private/moveit_core/lib/libmoveit_collision_detection.so.0.9.11, /home/ros/helloworld_ws/devel/lib/libmoveit_collision_detection.so.0.9.11)
Cleaning: (/home/ros/helloworld_ws/devel/.private/moveit_core/lib/libmoveit_kinematics_base.so.0.9.11, /home/ros/helloworld_ws/devel/lib/libmoveit_kinematics_base.so.0.9.11)
Cleaning: (/home/ros/helloworld_ws/devel/.private/moveit_core/lib/libmoveit_robot_model.so, /home/ros/helloworld_ws/devel/lib/libmoveit_robot_model.so)
Cleaning: (/home/ros/helloworld_ws/devel/.private/moveit_core/lib/libmoveit_robot_model.so.0.9.11, /home/ros/helloworld_ws/devel/lib/libmoveit_robot_model.so.0.9.11)
Cleaning: (/home/ros/helloworld_ws/devel/.private/moveit_core/lib/libmoveit_collision_detection.so, /home/ros/helloworld_ws/devel/lib/libmoveit_collision_detection.so)
Cleaning: (/home/ros/helloworld_ws/devel/.private/moveit_core/lib/libmoveit_planning_request_adapter.so, /home/ros/helloworld_ws/devel/lib/libmoveit_planning_request_adapter.so)
Cleaning: (/home/ros/helloworld_ws/devel/.private/moveit_core/lib/libmoveit_planning_interface.so, /home/ros/helloworld_ws/devel/lib/libmoveit_planning_interface.so)
Cleaning: (/home/ros/helloworld_ws/devel/.private/moveit_core/lib/libmoveit_profiler.so.0.9.11, /home/ros/helloworld_ws/devel/lib/libmoveit_profiler.so.0.9.11)
Cleaning: (/home/ros/helloworld_ws/devel/.private/moveit_core/lib/libmoveit_kinematics_metrics.so, /home/ros/helloworld_ws/devel/lib/libmoveit_kinematics_metrics.so)
Cleaning: (/home/ros/helloworld_ws/devel/.private/moveit_core/lib/libmoveit_robot_trajectory.so, /home/ros/helloworld_ws/devel/lib/libmoveit_robot_trajectory.so)
Cleaning: (/home/ros/helloworld_ws/devel/.private/moveit_core/lib/libmoveit_trajectory_processing.so, /home/ros/helloworld_ws/devel/lib/libmoveit_trajectory_processing.so)
Cleaning: (/home/ros/helloworld_ws/devel/.private/moveit_core/lib/libmoveit_planning_interface.so.0.9.11, /home/ros/helloworld_ws/devel/lib/libmoveit_planning_interface.so.0.9.11)
Cleaning: (/home/ros/helloworld_ws/devel/.private/moveit_core/lib/libmoveit_robot_state.so.0.9.11, /home/ros/helloworld_ws/devel/lib/libmoveit_robot_state.so.0.9.11)
Cleaning: (/home/ros/helloworld_ws/devel/.private/moveit_core/lib/libmoveit_dynamics_solver.so, /home/ros/helloworld_ws/devel/lib/libmoveit_dynamics_solver.so)
Cleaning: (/home/ros/helloworld_ws/devel/.private/moveit_core/lib/libmoveit_distance_field.so, /home/ros/helloworld_ws/devel/lib/libmoveit_distance_field.so)
Cleaning: (/home/ros/helloworld_ws/devel/.private/moveit_core/lib/libmoveit_planning_scene.so, /home/ros/helloworld_ws/devel/lib/libmoveit_planning_scene.so)
Cleaning: (/home/ros/helloworld_ws/devel/.private/moveit_core/lib/libmoveit_kinematics_metrics.so.0.9.11, /home/ros/helloworld_ws/devel/lib/libmoveit_kinematics_metrics.so.0.9.11)
Cleaning: (/home/ros/helloworld_ws/devel/.private/moveit_core/lib/libmoveit_planning_request_adapter.so.0.9.11, /home/ros/helloworld_ws/devel/lib/libmoveit_planning_request_adapter.so.0.9.11)
Cleaning: (/home/ros/helloworld_ws/devel/.private/moveit_core/lib/libmoveit_dynamics_solver.so.0.9.11, /home/ros/helloworld_ws/devel/lib/libmoveit_dynamics_solver.so.0.9.11)
Cleaning: (/home/ros/helloworld_ws/devel/.private/moveit_core/lib/libmoveit_kinematics_base.so, /home/ros/helloworld_ws/devel/lib/libmoveit_kinematics_base.so)
Cleaning: (/home/ros/helloworld_ws/devel/.private/moveit_core/lib/libmoveit_kinematic_constraints.so, /home/ros/helloworld_ws/devel/lib/libmoveit_kinematic_constraints.so)
Cleaning: (/home/ros/helloworld_ws/devel/.private/moveit_core/lib/pkgconfig/moveit_core.pc, /home/ros/helloworld_ws/devel/lib/pkgconfig/moveit_core.pc)
Cleaning: (/home/ros/helloworld_ws/devel/.private/moveit_core/lib/moveit_core/moveit_version, /home/ros/helloworld_ws/devel/lib/moveit_core/moveit_version)
Unlinking: /home/ros/helloworld_ws/devel/share/moveit_core/cmake/moveit_coreConfig-version.cmake
Already unlinked: {}
Unlinking: /home/ros/helloworld_ws/devel/share/moveit_core/cmake/moveit_coreConfig.cmake
Already unlinked: {}
Unlinking: /home/ros/helloworld_ws/devel/include/moveit/version.h
Already unlinked: {}
Unlinking: /home/ros/helloworld_ws/devel/lib/libmoveit_transforms.so.0.9.11
Already unlinked: {}
Unlinking: /home/ros/helloworld_ws/devel/lib/libmoveit_background_processing.so
Already unlinked: {}
Unlinking: /home/ros/helloworld_ws/devel/lib/libmoveit_constraint_samplers.so
Already unlinked: {}
Unlinking: /home/ros/helloworld_ws/devel/lib/libmoveit_collision_detection_fcl.so
Already unlinked: {}
Unlinking: /home/ros/helloworld_ws/devel/lib/libmoveit_exceptions.so
Already unlinked: {}
Unlinking: /home/ros/helloworld_ws/devel/lib/libmoveit_background_processing.so.0.9.11
Already unlinked: {}
Unlinking: /home/ros/helloworld_ws/devel/lib/libmoveit_robot_state.so
Already unlinked: {}
Unlinking: /home/ros/helloworld_ws/devel/lib/libmoveit_transforms.so
Already unlinked: {}
Unlinking: /home/ros/helloworld_ws/devel/lib/libmoveit_distance_field.so.0.9.11
Already unlinked: {}
Unlinking: /home/ros/helloworld_ws/devel/lib/libmoveit_collision_detection_fcl.so.0.9.11
Already unlinked: {}
Unlinking: /home/ros/helloworld_ws/devel/lib/libmoveit_trajectory_processing.so.0.9.11
Already unlinked: {}
Unlinking: /home/ros/helloworld_ws/devel/lib/libmoveit_robot_trajectory.so.0.9.11
Already unlinked: {}
Unlinking: /home/ros/helloworld_ws/devel/lib/libmoveit_exceptions.so.0.9.11
Already unlinked: {}
Unlinking: /home/ros/helloworld_ws/devel/lib/libmoveit_profiler.so
Already unlinked: {}
Unlinking: /home/ros/helloworld_ws/devel/lib/libmoveit_planning_scene.so.0.9.11
Already unlinked: {}
Unlinking: /home/ros/helloworld_ws/devel/lib/libmoveit_kinematic_constraints.so.0.9.11
Already unlinked: {}
Unlinking: /home/ros/helloworld_ws/devel/lib/libmoveit_constraint_samplers.so.0.9.11
Already unlinked: {}
Unlinking: /home/ros/helloworld_ws/devel/lib/libmoveit_collision_detection.so.0.9.11
Already unlinked: {}
Unlinking: /home/ros/helloworld_ws/devel/lib/libmoveit_kinematics_base.so.0.9.11
Already unlinked: {}
Unlinking: /home/ros/helloworld_ws/devel/lib/libmoveit_robot_model.so
Already unlinked: {}
Unlinking: /home/ros/helloworld_ws/devel/lib/libmoveit_robot_model.so.0.9.11
Already unlinked: {}
Unlinking: /home/ros/helloworld_ws/devel/lib/libmoveit_collision_detection.so
Already unlinked: {}
Unlinking: /home/ros/helloworld_ws/devel/lib/libmoveit_planning_request_adapter.so
Already unlinked: {}
Unlinking: /home/ros/helloworld_ws/devel/lib/libmoveit_planning_interface.so
Already unlinked: {}
Unlinking: /home/ros/helloworld_ws/devel/lib/libmoveit_profiler.so.0.9.11
Already unlinked: {}
Unlinking: /home/ros/helloworld_ws/devel/lib/libmoveit_kinematics_metrics.so
Already unlinked: {}
Unlinking: /home/ros/helloworld_ws/devel/lib/libmoveit_robot_trajectory.so
Already unlinked: {}
Unlinking: /home/ros/helloworld_ws/devel/lib/libmoveit_trajectory_processing.so
Already unlinked: {}
Unlinking: /home/ros/helloworld_ws/devel/lib/libmoveit_planning_interface.so.0.9.11
Already unlinked: {}
Unlinking: /home/ros/helloworld_ws/devel/lib/libmoveit_robot_state.so.0.9.11
Already unlinked: {}
Unlinking: /home/ros/helloworld_ws/devel/lib/libmoveit_dynamics_solver.so
Already unlinked: {}
Unlinking: /home/ros/helloworld_ws/devel/lib/libmoveit_distance_field.so
Already unlinked: {}
Unlinking: /home/ros/helloworld_ws/devel/lib/libmoveit_planning_scene.so
Already unlinked: {}
Unlinking: /home/ros/helloworld_ws/devel/lib/libmoveit_kinematics_metrics.so.0.9.11
Already unlinked: {}
Unlinking: /home/ros/helloworld_ws/devel/lib/libmoveit_planning_request_adapter.so.0.9.11
Already unlinked: {}
Unlinking: /home/ros/helloworld_ws/devel/lib/libmoveit_dynamics_solver.so.0.9.11
Already unlinked: {}
Unlinking: /home/ros/helloworld_ws/devel/lib/libmoveit_kinematics_base.so
Already unlinked: {}
Unlinking: /home/ros/helloworld_ws/devel/lib/libmoveit_kinematic_constraints.so
Already unlinked: {}
Unlinking: /home/ros/helloworld_ws/devel/lib/pkgconfig/moveit_core.pc
Already unlinked: {}
Unlinking: /home/ros/helloworld_ws/devel/lib/moveit_core/moveit_version
Already unlinked: {}
