[  3%] Built target moveit_version
[  6%] Built target moveit_exceptions
[  7%] Built target moveit_profiler
[ 10%] Built target moveit_background_processing
[ 10%] Built target sensor_msgs_generate_messages_cpp
[ 10%] Built target octomap_msgs_generate_messages_py
[ 10%] Built target octomap_msgs_generate_messages_lisp
[ 10%] Built target object_recognition_msgs_generate_messages_nodejs
[ 10%] Built target object_recognition_msgs_generate_messages_eus
[ 10%] Built target octomap_msgs_generate_messages_eus
[ 10%] Built target object_recognition_msgs_generate_messages_cpp
[ 10%] Built target trajectory_msgs_generate_messages_py
[ 10%] Built target trajectory_msgs_generate_messages_nodejs
[ 10%] Built target trajectory_msgs_generate_messages_lisp
[ 10%] Built target trajectory_msgs_generate_messages_eus
[ 10%] Built target sensor_msgs_generate_messages_py
[ 10%] Built target sensor_msgs_generate_messages_nodejs
[ 10%] Built target shape_msgs_generate_messages_py
[ 10%] Built target geometry_msgs_generate_messages_nodejs
[ 10%] Built target visualization_msgs_generate_messages_py
[ 10%] Built target shape_msgs_generate_messages_nodejs
[ 10%] Built target std_msgs_generate_messages_eus
[ 10%] Built target roscpp_generate_messages_lisp
[ 10%] Built target octomap_msgs_generate_messages_cpp
[ 10%] Built target actionlib_msgs_generate_messages_eus
[ 10%] Built target visualization_msgs_generate_messages_eus
[ 10%] Built target actionlib_msgs_generate_messages_lisp
[ 10%] Built target std_msgs_generate_messages_lisp
[ 10%] Built target geometry_msgs_generate_messages_lisp
[ 10%] Built target object_recognition_msgs_generate_messages_py
[ 10%] Built target sensor_msgs_generate_messages_lisp
[ 10%] Built target shape_msgs_generate_messages_cpp
[ 10%] Built target roscpp_generate_messages_nodejs
[ 10%] Built target rosgraph_msgs_generate_messages_lisp
[ 10%] Built target rosgraph_msgs_generate_messages_nodejs
[ 10%] Built target moveit_msgs_generate_messages_cpp
[ 10%] Built target std_msgs_generate_messages_py
[ 10%] Built target moveit_msgs_generate_messages_lisp
[ 10%] Built target geometry_msgs_generate_messages_eus
[ 10%] Built target roscpp_generate_messages_cpp
[ 10%] Built target moveit_msgs_generate_messages_nodejs
[ 10%] Built target actionlib_msgs_generate_messages_py
[ 10%] Built target shape_msgs_generate_messages_lisp
[ 10%] Built target sensor_msgs_generate_messages_eus
[ 10%] Built target actionlib_msgs_generate_messages_cpp
[ 10%] Built target std_msgs_generate_messages_cpp
[ 10%] Built target object_recognition_msgs_generate_messages_lisp
[ 10%] Built target rosgraph_msgs_generate_messages_cpp
[ 10%] Built target octomap_msgs_generate_messages_nodejs
[ 10%] Built target trajectory_msgs_generate_messages_cpp
[ 10%] Built target shape_msgs_generate_messages_eus
[ 10%] Built target geometry_msgs_generate_messages_cpp
[ 10%] Built target visualization_msgs_generate_messages_cpp
[ 10%] Built target std_msgs_generate_messages_nodejs
[ 10%] Built target geometry_msgs_generate_messages_py
[ 10%] Built target visualization_msgs_generate_messages_lisp
[ 10%] Built target roscpp_generate_messages_eus
[ 10%] Built target visualization_msgs_generate_messages_nodejs
[ 10%] Built target roscpp_generate_messages_py
[ 10%] Built target rosgraph_msgs_generate_messages_eus
[ 10%] Built target rosgraph_msgs_generate_messages_py
[ 10%] Built target moveit_msgs_generate_messages_eus
[ 10%] Built target moveit_msgs_generate_messages_py
[ 10%] Built target actionlib_msgs_generate_messages_nodejs
[ 14%] Built target moveit_kinematics_base
[ 29%] Built target moveit_robot_model
[ 32%] Built target moveit_transforms
[ 39%] Built target moveit_robot_state
[ 42%] Built target moveit_robot_trajectory
[ 56%] Built target moveit_collision_detection
[ 62%] Built target moveit_collision_detection_fcl
[ 67%] Built target moveit_kinematic_constraints
[ 71%] Built target moveit_trajectory_processing
[ 75%] Built target moveit_planning_scene
[ 82%] Built target moveit_constraint_samplers
[ 87%] Built target moveit_planning_interface
[ 90%] Built target moveit_planning_request_adapter
[ 96%] Built target moveit_distance_field
[ 98%] Built target moveit_kinematics_metrics
[100%] Built target moveit_dynamics_solver
[36mInstall the project...[0m
-- Install configuration: "Release"
-- Installing: /home/anton/helloworld_ws/install/_setup_util.py
-- Installing: /home/anton/helloworld_ws/install/env.sh
-- Installing: /home/anton/helloworld_ws/install/setup.bash
-- Installing: /home/anton/helloworld_ws/install/setup.sh
-- Installing: /home/anton/helloworld_ws/install/setup.zsh
-- Installing: /home/anton/helloworld_ws/install/.rosinstall
-- Installing: /home/anton/helloworld_ws/install/lib/pkgconfig/moveit_core.pc
-- Installing: /home/anton/helloworld_ws/install/share/moveit_core/cmake/moveit_coreConfig.cmake
-- Installing: /home/anton/helloworld_ws/install/share/moveit_core/cmake/moveit_coreConfig-version.cmake
-- Installing: /home/anton/helloworld_ws/install/share/moveit_core/package.xml
-- Installing: /home/anton/helloworld_ws/install/include/moveit/version.h
-- Installing: /home/anton/helloworld_ws/install/bin/moveit_version
-- Up-to-date: /home/anton/helloworld_ws/install/include
-- Up-to-date: /home/anton/helloworld_ws/install/include/moveit
-- Installing: /home/anton/helloworld_ws/install/include/moveit/macros
-- Installing: /home/anton/helloworld_ws/install/include/moveit/macros/console_colors.h
-- Installing: /home/anton/helloworld_ws/install/include/moveit/macros/class_forward.h
-- Installing: /home/anton/helloworld_ws/install/include/moveit/macros/declare_ptr.h
-- Installing: /home/anton/helloworld_ws/install/include/moveit/macros/deprecation.h
-- Up-to-date: /home/anton/helloworld_ws/install/include
-- Up-to-date: /home/anton/helloworld_ws/install/include/moveit
-- Installing: /home/anton/helloworld_ws/install/include/moveit/backtrace
-- Installing: /home/anton/helloworld_ws/install/include/moveit/backtrace/backtrace.h
-- Installing: /home/anton/helloworld_ws/install/lib/libmoveit_exceptions.so.0.9.11
-- Installing: /home/anton/helloworld_ws/install/lib/libmoveit_exceptions.so
-- Set runtime path of "/home/anton/helloworld_ws/install/lib/libmoveit_exceptions.so.0.9.11" to ""
-- Up-to-date: /home/anton/helloworld_ws/install/include
-- Up-to-date: /home/anton/helloworld_ws/install/include/moveit
-- Installing: /home/anton/helloworld_ws/install/include/moveit/exceptions
-- Installing: /home/anton/helloworld_ws/install/include/moveit/exceptions/exceptions.h
-- Installing: /home/anton/helloworld_ws/install/lib/libmoveit_profiler.so.0.9.11
-- Installing: /home/anton/helloworld_ws/install/lib/libmoveit_profiler.so
-- Set runtime path of "/home/anton/helloworld_ws/install/lib/libmoveit_profiler.so.0.9.11" to ""
-- Up-to-date: /home/anton/helloworld_ws/install/include
-- Up-to-date: /home/anton/helloworld_ws/install/include/moveit
-- Installing: /home/anton/helloworld_ws/install/include/moveit/profiler
-- Installing: /home/anton/helloworld_ws/install/include/moveit/profiler/profiler.h
-- Installing: /home/anton/helloworld_ws/install/lib/libmoveit_background_processing.so.0.9.11
-- Installing: /home/anton/helloworld_ws/install/lib/libmoveit_background_processing.so
-- Set runtime path of "/home/anton/helloworld_ws/install/lib/libmoveit_background_processing.so.0.9.11" to ""
-- Up-to-date: /home/anton/helloworld_ws/install/include
-- Up-to-date: /home/anton/helloworld_ws/install/include/moveit
-- Installing: /home/anton/helloworld_ws/install/include/moveit/background_processing
-- Installing: /home/anton/helloworld_ws/install/include/moveit/background_processing/background_processing.h
-- Installing: /home/anton/helloworld_ws/install/lib/libmoveit_kinematics_base.so.0.9.11
-- Installing: /home/anton/helloworld_ws/install/lib/libmoveit_kinematics_base.so
-- Set runtime path of "/home/anton/helloworld_ws/install/lib/libmoveit_kinematics_base.so.0.9.11" to ""
-- Up-to-date: /home/anton/helloworld_ws/install/include
-- Up-to-date: /home/anton/helloworld_ws/install/include/moveit
-- Installing: /home/anton/helloworld_ws/install/include/moveit/kinematics_base
-- Installing: /home/anton/helloworld_ws/install/include/moveit/kinematics_base/kinematics_base.h
-- Up-to-date: /home/anton/helloworld_ws/install/include
-- Up-to-date: /home/anton/helloworld_ws/install/include/moveit
-- Installing: /home/anton/helloworld_ws/install/include/moveit/controller_manager
-- Installing: /home/anton/helloworld_ws/install/include/moveit/controller_manager/controller_manager.h
-- Up-to-date: /home/anton/helloworld_ws/install/include
-- Up-to-date: /home/anton/helloworld_ws/install/include/moveit
-- Installing: /home/anton/helloworld_ws/install/include/moveit/sensor_manager
-- Installing: /home/anton/helloworld_ws/install/include/moveit/sensor_manager/sensor_manager.h
-- Installing: /home/anton/helloworld_ws/install/lib/libmoveit_robot_model.so.0.9.11
-- Installing: /home/anton/helloworld_ws/install/lib/libmoveit_robot_model.so
-- Set runtime path of "/home/anton/helloworld_ws/install/lib/libmoveit_robot_model.so.0.9.11" to ""
-- Up-to-date: /home/anton/helloworld_ws/install/include
-- Up-to-date: /home/anton/helloworld_ws/install/include/moveit
-- Installing: /home/anton/helloworld_ws/install/include/moveit/robot_model
-- Installing: /home/anton/helloworld_ws/install/include/moveit/robot_model/planar_joint_model.h
-- Installing: /home/anton/helloworld_ws/install/include/moveit/robot_model/revolute_joint_model.h
-- Installing: /home/anton/helloworld_ws/install/include/moveit/robot_model/link_model.h
-- Installing: /home/anton/helloworld_ws/install/include/moveit/robot_model/prismatic_joint_model.h
-- Installing: /home/anton/helloworld_ws/install/include/moveit/robot_model/robot_model.h
-- Installing: /home/anton/helloworld_ws/install/include/moveit/robot_model/aabb.h
-- Installing: /home/anton/helloworld_ws/install/include/moveit/robot_model/floating_joint_model.h
-- Installing: /home/anton/helloworld_ws/install/include/moveit/robot_model/joint_model_group.h
-- Installing: /home/anton/helloworld_ws/install/include/moveit/robot_model/fixed_joint_model.h
-- Installing: /home/anton/helloworld_ws/install/include/moveit/robot_model/joint_model.h
-- Installing: /home/anton/helloworld_ws/install/lib/libmoveit_transforms.so.0.9.11
-- Installing: /home/anton/helloworld_ws/install/lib/libmoveit_transforms.so
-- Set runtime path of "/home/anton/helloworld_ws/install/lib/libmoveit_transforms.so.0.9.11" to ""
-- Up-to-date: /home/anton/helloworld_ws/install/include
-- Up-to-date: /home/anton/helloworld_ws/install/include/moveit
-- Installing: /home/anton/helloworld_ws/install/include/moveit/transforms
-- Installing: /home/anton/helloworld_ws/install/include/moveit/transforms/transforms.h
-- Installing: /home/anton/helloworld_ws/install/lib/libmoveit_robot_state.so.0.9.11
-- Installing: /home/anton/helloworld_ws/install/lib/libmoveit_robot_state.so
-- Set runtime path of "/home/anton/helloworld_ws/install/lib/libmoveit_robot_state.so.0.9.11" to ""
-- Up-to-date: /home/anton/helloworld_ws/install/include
-- Up-to-date: /home/anton/helloworld_ws/install/include/moveit
-- Installing: /home/anton/helloworld_ws/install/include/moveit/robot_state
-- Installing: /home/anton/helloworld_ws/install/include/moveit/robot_state/conversions.h
-- Installing: /home/anton/helloworld_ws/install/include/moveit/robot_state/attached_body.h
-- Installing: /home/anton/helloworld_ws/install/include/moveit/robot_state/robot_state.h
-- Installing: /home/anton/helloworld_ws/install/lib/libmoveit_robot_trajectory.so.0.9.11
-- Installing: /home/anton/helloworld_ws/install/lib/libmoveit_robot_trajectory.so
-- Set runtime path of "/home/anton/helloworld_ws/install/lib/libmoveit_robot_trajectory.so.0.9.11" to ""
-- Up-to-date: /home/anton/helloworld_ws/install/include
-- Up-to-date: /home/anton/helloworld_ws/install/include/moveit
-- Installing: /home/anton/helloworld_ws/install/include/moveit/robot_trajectory
-- Installing: /home/anton/helloworld_ws/install/include/moveit/robot_trajectory/robot_trajectory.h
-- Installing: /home/anton/helloworld_ws/install/lib/libmoveit_collision_detection.so.0.9.11
-- Installing: /home/anton/helloworld_ws/install/lib/libmoveit_collision_detection.so
-- Set runtime path of "/home/anton/helloworld_ws/install/lib/libmoveit_collision_detection.so.0.9.11" to ""
-- Up-to-date: /home/anton/helloworld_ws/install/include
-- Up-to-date: /home/anton/helloworld_ws/install/include/moveit
-- Installing: /home/anton/helloworld_ws/install/include/moveit/collision_detection
-- Installing: /home/anton/helloworld_ws/install/include/moveit/collision_detection/collision_matrix.h
-- Installing: /home/anton/helloworld_ws/install/include/moveit/collision_detection/allvalid
-- Installing: /home/anton/helloworld_ws/install/include/moveit/collision_detection/allvalid/collision_detector_allocator_allvalid.h
-- Installing: /home/anton/helloworld_ws/install/include/moveit/collision_detection/allvalid/collision_world_allvalid.h
-- Installing: /home/anton/helloworld_ws/install/include/moveit/collision_detection/allvalid/collision_robot_allvalid.h
-- Installing: /home/anton/helloworld_ws/install/include/moveit/collision_detection/collision_plugin.h
-- Installing: /home/anton/helloworld_ws/install/include/moveit/collision_detection/collision_octomap_filter.h
-- Installing: /home/anton/helloworld_ws/install/include/moveit/collision_detection/collision_common.h
-- Installing: /home/anton/helloworld_ws/install/include/moveit/collision_detection/world_diff.h
-- Installing: /home/anton/helloworld_ws/install/include/moveit/collision_detection/world.h
-- Installing: /home/anton/helloworld_ws/install/include/moveit/collision_detection/collision_world.h
-- Installing: /home/anton/helloworld_ws/install/include/moveit/collision_detection/collision_detector_allocator.h
-- Installing: /home/anton/helloworld_ws/install/include/moveit/collision_detection/collision_tools.h
-- Installing: /home/anton/helloworld_ws/install/include/moveit/collision_detection/collision_robot.h
-- Installing: /home/anton/helloworld_ws/install/lib/libmoveit_collision_detection_fcl.so.0.9.11
-- Installing: /home/anton/helloworld_ws/install/lib/libmoveit_collision_detection_fcl.so
-- Set runtime path of "/home/anton/helloworld_ws/install/lib/libmoveit_collision_detection_fcl.so.0.9.11" to ""
-- Up-to-date: /home/anton/helloworld_ws/install/include
-- Up-to-date: /home/anton/helloworld_ws/install/include/moveit
-- Installing: /home/anton/helloworld_ws/install/include/moveit/collision_detection_fcl
-- Installing: /home/anton/helloworld_ws/install/include/moveit/collision_detection_fcl/collision_world_fcl.h
-- Installing: /home/anton/helloworld_ws/install/include/moveit/collision_detection_fcl/collision_robot_fcl.h
-- Installing: /home/anton/helloworld_ws/install/include/moveit/collision_detection_fcl/collision_detector_allocator_fcl.h
-- Installing: /home/anton/helloworld_ws/install/include/moveit/collision_detection_fcl/collision_common.h
-- Installing: /home/anton/helloworld_ws/install/lib/libmoveit_kinematic_constraints.so.0.9.11
-- Installing: /home/anton/helloworld_ws/install/lib/libmoveit_kinematic_constraints.so
-- Set runtime path of "/home/anton/helloworld_ws/install/lib/libmoveit_kinematic_constraints.so.0.9.11" to ""
-- Up-to-date: /home/anton/helloworld_ws/install/include
-- Up-to-date: /home/anton/helloworld_ws/install/include/moveit
-- Installing: /home/anton/helloworld_ws/install/include/moveit/kinematic_constraints
-- Installing: /home/anton/helloworld_ws/install/include/moveit/kinematic_constraints/kinematic_constraint.h
-- Installing: /home/anton/helloworld_ws/install/include/moveit/kinematic_constraints/utils.h
-- Installing: /home/anton/helloworld_ws/install/lib/libmoveit_planning_scene.so.0.9.11
-- Installing: /home/anton/helloworld_ws/install/lib/libmoveit_planning_scene.so
-- Set runtime path of "/home/anton/helloworld_ws/install/lib/libmoveit_planning_scene.so.0.9.11" to ""
-- Up-to-date: /home/anton/helloworld_ws/install/include
-- Up-to-date: /home/anton/helloworld_ws/install/include/moveit
-- Installing: /home/anton/helloworld_ws/install/include/moveit/planning_scene
-- Installing: /home/anton/helloworld_ws/install/include/moveit/planning_scene/planning_scene.h
-- Installing: /home/anton/helloworld_ws/install/lib/libmoveit_constraint_samplers.so.0.9.11
-- Installing: /home/anton/helloworld_ws/install/lib/libmoveit_constraint_samplers.so
-- Set runtime path of "/home/anton/helloworld_ws/install/lib/libmoveit_constraint_samplers.so.0.9.11" to ""
-- Up-to-date: /home/anton/helloworld_ws/install/include
-- Up-to-date: /home/anton/helloworld_ws/install/include/moveit
-- Installing: /home/anton/helloworld_ws/install/include/moveit/constraint_samplers
-- Installing: /home/anton/helloworld_ws/install/include/moveit/constraint_samplers/constraint_sampler_manager.h
-- Installing: /home/anton/helloworld_ws/install/include/moveit/constraint_samplers/default_constraint_samplers.h
-- Installing: /home/anton/helloworld_ws/install/include/moveit/constraint_samplers/constraint_sampler.h
-- Installing: /home/anton/helloworld_ws/install/include/moveit/constraint_samplers/constraint_sampler_allocator.h
-- Installing: /home/anton/helloworld_ws/install/include/moveit/constraint_samplers/constraint_sampler_tools.h
-- Installing: /home/anton/helloworld_ws/install/include/moveit/constraint_samplers/union_constraint_sampler.h
-- Installing: /home/anton/helloworld_ws/install/lib/libmoveit_planning_interface.so.0.9.11
-- Installing: /home/anton/helloworld_ws/install/lib/libmoveit_planning_interface.so
-- Set runtime path of "/home/anton/helloworld_ws/install/lib/libmoveit_planning_interface.so.0.9.11" to ""
-- Up-to-date: /home/anton/helloworld_ws/install/include
-- Up-to-date: /home/anton/helloworld_ws/install/include/moveit
-- Installing: /home/anton/helloworld_ws/install/include/moveit/planning_interface
-- Installing: /home/anton/helloworld_ws/install/include/moveit/planning_interface/planning_response.h
-- Installing: /home/anton/helloworld_ws/install/include/moveit/planning_interface/planning_interface.h
-- Installing: /home/anton/helloworld_ws/install/include/moveit/planning_interface/planning_request.h
-- Installing: /home/anton/helloworld_ws/install/lib/libmoveit_planning_request_adapter.so.0.9.11
-- Installing: /home/anton/helloworld_ws/install/lib/libmoveit_planning_request_adapter.so
-- Set runtime path of "/home/anton/helloworld_ws/install/lib/libmoveit_planning_request_adapter.so.0.9.11" to ""
-- Up-to-date: /home/anton/helloworld_ws/install/include
-- Up-to-date: /home/anton/helloworld_ws/install/include/moveit
-- Installing: /home/anton/helloworld_ws/install/include/moveit/planning_request_adapter
-- Installing: /home/anton/helloworld_ws/install/include/moveit/planning_request_adapter/planning_request_adapter.h
-- Installing: /home/anton/helloworld_ws/install/lib/libmoveit_trajectory_processing.so.0.9.11
-- Installing: /home/anton/helloworld_ws/install/lib/libmoveit_trajectory_processing.so
-- Set runtime path of "/home/anton/helloworld_ws/install/lib/libmoveit_trajectory_processing.so.0.9.11" to ""
-- Up-to-date: /home/anton/helloworld_ws/install/include
-- Up-to-date: /home/anton/helloworld_ws/install/include/moveit
-- Installing: /home/anton/helloworld_ws/install/include/moveit/trajectory_processing
-- Installing: /home/anton/helloworld_ws/install/include/moveit/trajectory_processing/trajectory_tools.h
-- Installing: /home/anton/helloworld_ws/install/include/moveit/trajectory_processing/iterative_spline_parameterization.h
-- Installing: /home/anton/helloworld_ws/install/include/moveit/trajectory_processing/iterative_time_parameterization.h
-- Installing: /home/anton/helloworld_ws/install/lib/libmoveit_distance_field.so.0.9.11
-- Installing: /home/anton/helloworld_ws/install/lib/libmoveit_distance_field.so
-- Set runtime path of "/home/anton/helloworld_ws/install/lib/libmoveit_distance_field.so.0.9.11" to ""
-- Up-to-date: /home/anton/helloworld_ws/install/include
-- Up-to-date: /home/anton/helloworld_ws/install/include/moveit
-- Installing: /home/anton/helloworld_ws/install/include/moveit/distance_field
-- Installing: /home/anton/helloworld_ws/install/include/moveit/distance_field/find_internal_points.h
-- Installing: /home/anton/helloworld_ws/install/include/moveit/distance_field/voxel_grid.h
-- Installing: /home/anton/helloworld_ws/install/include/moveit/distance_field/propagation_distance_field.h
-- Installing: /home/anton/helloworld_ws/install/include/moveit/distance_field/distance_field.h
-- Installing: /home/anton/helloworld_ws/install/lib/libmoveit_kinematics_metrics.so.0.9.11
-- Installing: /home/anton/helloworld_ws/install/lib/libmoveit_kinematics_metrics.so
-- Set runtime path of "/home/anton/helloworld_ws/install/lib/libmoveit_kinematics_metrics.so.0.9.11" to ""
-- Up-to-date: /home/anton/helloworld_ws/install/include
-- Up-to-date: /home/anton/helloworld_ws/install/include/moveit
-- Installing: /home/anton/helloworld_ws/install/include/moveit/kinematics_metrics
-- Installing: /home/anton/helloworld_ws/install/include/moveit/kinematics_metrics/kinematics_metrics.h
-- Installing: /home/anton/helloworld_ws/install/lib/libmoveit_dynamics_solver.so.0.9.11
-- Installing: /home/anton/helloworld_ws/install/lib/libmoveit_dynamics_solver.so
-- Set runtime path of "/home/anton/helloworld_ws/install/lib/libmoveit_dynamics_solver.so.0.9.11" to ""
-- Up-to-date: /home/anton/helloworld_ws/install/include
-- Up-to-date: /home/anton/helloworld_ws/install/include/moveit
-- Installing: /home/anton/helloworld_ws/install/include/moveit/dynamics_solver
-- Installing: /home/anton/helloworld_ws/install/include/moveit/dynamics_solver/dynamics_solver.h
